🦞 Heartbeat v2 started for [macmini]
   Interval: 60s
   OpenClaw dir: /Users/bbq723/.openclaw
   Status file: /Users/bbq723/claw-fleet/shared/fleet-status.json
   OpenClaw cmd: openclaw
Config warnings:\n- plugins.entries.feishu: plugin feishu: duplicate plugin id detected; later plugin may be overridden (/Users/bbq723/.openclaw/extensions/feishu/index.ts)
Config path not found: channels.telegram.bot_token
[BOT] 自动配置 Telegram Bot Token...
Config warnings:\n- plugins.entries.feishu: plugin feishu: duplicate plugin id detected; later plugin may be overridden (/Users/bbq723/.openclaw/extensions/feishu/index.ts)
Error: Config validation failed: channels.telegram: Unrecognized key: "bot_token"
[BOT] 配置失败: Command failed: openclaw config set channels.telegram.bot_token "REDACTED_BOT_TOKEN"
Config warnings:\n- plugins.entries.feishu: plugin feishu: duplicate plugin id detected; later plugin may be overridden (/Users/bbq723/.openclaw/extensions/feishu/index.ts)
Error: Config validation failed: channels.telegram: Unrecognized key: "bot_token"

Config warnings:\n- plugins.entries.feishu: plugin feishu: duplicate plugin id detected; later plugin may be overridden (/Users/bbq723/.openclaw/extensions/feishu/index.ts)
Config path not found: channels.telegram.bot_token
[2026-03-14T13:50:45.271Z] Heartbeat: gw=true, mem=86%, models=4, profiles=1
[2026-03-14T13:50:48.163Z] Heartbeat written: /Users/bbq723/claw-fleet/shared/heartbeats/macmini.json
   Command port: 18790
Config warnings:\n- plugins.entries.feishu: plugin feishu: duplicate plugin id detected; later plugin may be overridden (/Users/bbq723/.openclaw/extensions/feishu/index.ts)
Config path not found: channels.telegram.bot_token
[2026-03-14T13:51:48.164Z] Heartbeat: gw=true, mem=86%, models=4, profiles=1
[2026-03-14T13:51:51.098Z] Heartbeat written: /Users/bbq723/claw-fleet/shared/heartbeats/macmini.json
Config warnings:\n- plugins.entries.feishu: plugin feishu: duplicate plugin id detected; later plugin may be overridden (/Users/bbq723/.openclaw/extensions/feishu/index.ts)
Config path not found: channels.telegram.bot_token
[2026-03-14T13:52:48.164Z] Heartbeat: gw=true, mem=86%, models=4, profiles=1
[2026-03-14T13:52:51.097Z] Heartbeat written: /Users/bbq723/claw-fleet/shared/heartbeats/macmini.json
Config warnings:\n- plugins.entries.feishu: plugin feishu: duplicate plugin id detected; later plugin may be overridden (/Users/bbq723/.openclaw/extensions/feishu/index.ts)
Config path not found: channels.telegram.bot_token
[2026-03-14T13:53:48.166Z] Heartbeat: gw=true, mem=87%, models=4, profiles=1
[2026-03-14T13:53:51.107Z] Heartbeat written: /Users/bbq723/claw-fleet/shared/heartbeats/macmini.json
Config warnings:\n- plugins.entries.feishu: plugin feishu: duplicate plugin id detected; later plugin may be overridden (/Users/bbq723/.openclaw/extensions/feishu/index.ts)
Config path not found: channels.telegram.bot_token
[2026-03-14T13:54:48.166Z] Heartbeat: gw=true, mem=87%, models=4, profiles=1
[2026-03-14T13:54:51.089Z] Heartbeat written: /Users/bbq723/claw-fleet/shared/heartbeats/macmini.json
Config warnings:\n- plugins.entries.feishu: plugin feishu: duplicate plugin id detected; later plugin may be overridden (/Users/bbq723/.openclaw/extensions/feishu/index.ts)
Config path not found: channels.telegram.bot_token
[2026-03-14T13:55:48.167Z] Heartbeat: gw=true, mem=87%, models=4, profiles=1
[2026-03-14T13:55:51.108Z] Heartbeat written: /Users/bbq723/claw-fleet/shared/heartbeats/macmini.json
Config warnings:\n- plugins.entries.feishu: plugin feishu: duplicate plugin id detected; later plugin may be overridden (/Users/bbq723/.openclaw/extensions/feishu/index.ts)
Config path not found: channels.telegram.bot_token
[2026-03-14T13:56:48.170Z] Heartbeat: gw=true, mem=86%, models=4, profiles=1
[2026-03-14T13:56:51.125Z] Heartbeat written: /Users/bbq723/claw-fleet/shared/heartbeats/macmini.json
Config warnings:\n- plugins.entries.feishu: plugin feishu: duplicate plugin id detected; later plugin may be overridden (/Users/bbq723/.openclaw/extensions/feishu/index.ts)
Config path not found: channels.telegram.bot_token
[2026-03-14T13:57:48.172Z] Heartbeat: gw=true, mem=87%, models=4, profiles=1
[2026-03-14T13:57:51.107Z] Heartbeat written: /Users/bbq723/claw-fleet/shared/heartbeats/macmini.json
Config warnings:\n- plugins.entries.feishu: plugin feishu: duplicate plugin id detected; later plugin may be overridden (/Users/bbq723/.openclaw/extensions/feishu/index.ts)
Config path not found: channels.telegram.bot_token
[2026-03-14T13:58:48.173Z] Heartbeat: gw=true, mem=87%, models=4, profiles=1
[2026-03-14T13:58:51.105Z] Heartbeat written: /Users/bbq723/claw-fleet/shared/heartbeats/macmini.json
Config warnings:\n- plugins.entries.feishu: plugin feishu: duplicate plugin id detected; later plugin may be overridden (/Users/bbq723/.openclaw/extensions/feishu/index.ts)
Config path not found: channels.telegram.bot_token
[2026-03-14T13:59:48.175Z] Heartbeat: gw=true, mem=87%, models=4, profiles=1
[2026-03-14T13:59:51.122Z] Heartbeat written: /Users/bbq723/claw-fleet/shared/heartbeats/macmini.json
Config warnings:\n- plugins.entries.feishu: plugin feishu: duplicate plugin id detected; later plugin may be overridden (/Users/bbq723/.openclaw/extensions/feishu/index.ts)
Config path not found: channels.telegram.bot_token
[2026-03-14T14:00:48.177Z] Heartbeat: gw=true, mem=87%, models=4, profiles=1
[2026-03-14T14:00:51.112Z] Heartbeat written: /Users/bbq723/claw-fleet/shared/heartbeats/macmini.json
🦞 Heartbeat v2 started for [macmini]
   Interval: 60s
   OpenClaw dir: /Users/bbq723/.openclaw
   Status file: /Users/bbq723/claw-fleet/shared/fleet-status.json
   OpenClaw cmd: openclaw
Config warnings:\n- plugins.entries.feishu: plugin feishu: duplicate plugin id detected; later plugin may be overridden (/Users/bbq723/.openclaw/extensions/feishu/index.ts)
Config path not found: channels.telegram.bot_token
[BOT] 自动配置 Telegram Bot Token...
Config warnings:\n- plugins.entries.feishu: plugin feishu: duplicate plugin id detected; later plugin may be overridden (/Users/bbq723/.openclaw/extensions/feishu/index.ts)
Error: Config validation failed: channels.telegram: Unrecognized key: "bot_token"
[BOT] 配置失败: Command failed: openclaw config set channels.telegram.bot_token "REDACTED_BOT_TOKEN"
Config warnings:\n- plugins.entries.feishu: plugin feishu: duplicate plugin id detected; later plugin may be overridden (/Users/bbq723/.openclaw/extensions/feishu/index.ts)
Error: Config validation failed: channels.telegram: Unrecognized key: "bot_token"

Config warnings:\n- plugins.entries.feishu: plugin feishu: duplicate plugin id detected; later plugin may be overridden (/Users/bbq723/.openclaw/extensions/feishu/index.ts)
Config path not found: channels.telegram.bot_token
[2026-03-14T14:01:51.517Z] Heartbeat: gw=true, mem=87%, models=4, profiles=1
[2026-03-14T14:01:54.382Z] Heartbeat written: /Users/bbq723/claw-fleet/shared/heartbeats/macmini.json
   Command port: 18790
Config warnings:\n- plugins.entries.feishu: plugin feishu: duplicate plugin id detected; later plugin may be overridden (/Users/bbq723/.openclaw/extensions/feishu/index.ts)
Config path not found: channels.telegram.bot_token
[2026-03-14T14:02:54.384Z] Heartbeat: gw=true, mem=87%, models=4, profiles=1
[2026-03-14T14:02:57.312Z] Heartbeat written: /Users/bbq723/claw-fleet/shared/heartbeats/macmini.json
Config warnings:\n- plugins.entries.feishu: plugin feishu: duplicate plugin id detected; later plugin may be overridden (/Users/bbq723/.openclaw/extensions/feishu/index.ts)
Config path not found: channels.telegram.bot_token
[2026-03-14T14:03:54.386Z] Heartbeat: gw=true, mem=86%, models=4, profiles=1
[2026-03-14T14:03:57.309Z] Heartbeat written: /Users/bbq723/claw-fleet/shared/heartbeats/macmini.json
Config warnings:\n- plugins.entries.feishu: plugin feishu: duplicate plugin id detected; later plugin may be overridden (/Users/bbq723/.openclaw/extensions/feishu/index.ts)
Config path not found: channels.telegram.bot_token
[2026-03-14T14:04:54.387Z] Heartbeat: gw=true, mem=86%, models=4, profiles=1
[2026-03-14T14:04:57.311Z] Heartbeat written: /Users/bbq723/claw-fleet/shared/heartbeats/macmini.json
Config warnings:\n- plugins.entries.feishu: plugin feishu: duplicate plugin id detected; later plugin may be overridden (/Users/bbq723/.openclaw/extensions/feishu/index.ts)
Config path not found: channels.telegram.bot_token
[2026-03-14T14:05:54.389Z] Heartbeat: gw=true, mem=86%, models=4, profiles=1
[2026-03-14T14:05:57.301Z] Heartbeat written: /Users/bbq723/claw-fleet/shared/heartbeats/macmini.json
Config warnings:\n- plugins.entries.feishu: plugin feishu: duplicate plugin id detected; later plugin may be overridden (/Users/bbq723/.openclaw/extensions/feishu/index.ts)
Config path not found: channels.telegram.bot_token
[2026-03-14T14:06:54.390Z] Heartbeat: gw=true, mem=87%, models=4, profiles=1
[2026-03-14T14:06:57.319Z] Heartbeat written: /Users/bbq723/claw-fleet/shared/heartbeats/macmini.json
Config warnings:\n- plugins.entries.feishu: plugin feishu: duplicate plugin id detected; later plugin may be overridden (/Users/bbq723/.openclaw/extensions/feishu/index.ts)
Config path not found: channels.telegram.bot_token
[2026-03-14T14:07:54.392Z] Heartbeat: gw=true, mem=87%, models=4, profiles=1
[2026-03-14T14:07:57.296Z] Heartbeat written: /Users/bbq723/claw-fleet/shared/heartbeats/macmini.json
Config warnings:\n- plugins.entries.feishu: plugin feishu: duplicate plugin id detected; later plugin may be overridden (/Users/bbq723/.openclaw/extensions/feishu/index.ts)
Config path not found: channels.telegram.bot_token
[2026-03-14T14:08:54.393Z] Heartbeat: gw=true, mem=87%, models=4, profiles=1
[2026-03-14T14:08:57.266Z] Heartbeat written: /Users/bbq723/claw-fleet/shared/heartbeats/macmini.json
Config warnings:\n- plugins.entries.feishu: plugin feishu: duplicate plugin id detected; later plugin may be overridden (/Users/bbq723/.openclaw/extensions/feishu/index.ts)
Config path not found: channels.telegram.bot_token
[2026-03-14T14:09:54.395Z] Heartbeat: gw=true, mem=87%, models=4, profiles=1
[2026-03-14T14:09:57.243Z] Heartbeat written: /Users/bbq723/claw-fleet/shared/heartbeats/macmini.json
Config warnings:\n- plugins.entries.feishu: plugin feishu: duplicate plugin id detected; later plugin may be overridden (/Users/bbq723/.openclaw/extensions/feishu/index.ts)
Config path not found: channels.telegram.bot_token
[2026-03-14T14:10:54.397Z] Heartbeat: gw=true, mem=87%, models=4, profiles=1
[2026-03-14T14:10:57.268Z] Heartbeat written: /Users/bbq723/claw-fleet/shared/heartbeats/macmini.json
Config warnings:\n- plugins.entries.feishu: plugin feishu: duplicate plugin id detected; later plugin may be overridden (/Users/bbq723/.openclaw/extensions/feishu/index.ts)
Config path not found: channels.telegram.bot_token
[2026-03-14T14:11:54.399Z] Heartbeat: gw=true, mem=87%, models=4, profiles=1
[2026-03-14T14:11:57.308Z] Heartbeat written: /Users/bbq723/claw-fleet/shared/heartbeats/macmini.json
Config warnings:\n- plugins.entries.feishu: plugin feishu: duplicate plugin id detected; later plugin may be overridden (/Users/bbq723/.openclaw/extensions/feishu/index.ts)
Config path not found: channels.telegram.bot_token
[2026-03-14T14:12:54.400Z] Heartbeat: gw=true, mem=86%, models=4, profiles=1
[2026-03-14T14:12:57.278Z] Heartbeat written: /Users/bbq723/claw-fleet/shared/heartbeats/macmini.json
Config warnings:\n- plugins.entries.feishu: plugin feishu: duplicate plugin id detected; later plugin may be overridden (/Users/bbq723/.openclaw/extensions/feishu/index.ts)
Config path not found: channels.telegram.bot_token
[2026-03-14T14:13:54.402Z] Heartbeat: gw=true, mem=87%, models=4, profiles=1
[2026-03-14T14:13:57.251Z] Heartbeat written: /Users/bbq723/claw-fleet/shared/heartbeats/macmini.json
Config warnings:\n- plugins.entries.feishu: plugin feishu: duplicate plugin id detected; later plugin may be overridden (/Users/bbq723/.openclaw/extensions/feishu/index.ts)
Config path not found: channels.telegram.bot_token
[2026-03-14T14:14:54.405Z] Heartbeat: gw=true, mem=87%, models=4, profiles=1
[2026-03-14T14:14:57.274Z] Heartbeat written: /Users/bbq723/claw-fleet/shared/heartbeats/macmini.json
Config warnings:\n- plugins.entries.feishu: plugin feishu: duplicate plugin id detected; later plugin may be overridden (/Users/bbq723/.openclaw/extensions/feishu/index.ts)
Config path not found: channels.telegram.bot_token
[2026-03-14T14:15:54.408Z] Heartbeat: gw=true, mem=87%, models=4, profiles=1
[2026-03-14T14:15:57.297Z] Heartbeat written: /Users/bbq723/claw-fleet/shared/heartbeats/macmini.json
Config warnings:\n- plugins.entries.feishu: plugin feishu: duplicate plugin id detected; later plugin may be overridden (/Users/bbq723/.openclaw/extensions/feishu/index.ts)
Config path not found: channels.telegram.bot_token
[2026-03-14T14:16:54.411Z] Heartbeat: gw=true, mem=87%, models=4, profiles=1
[2026-03-14T14:16:57.280Z] Heartbeat written: /Users/bbq723/claw-fleet/shared/heartbeats/macmini.json
Config warnings:\n- plugins.entries.feishu: plugin feishu: duplicate plugin id detected; later plugin may be overridden (/Users/bbq723/.openclaw/extensions/feishu/index.ts)
Config path not found: channels.telegram.bot_token
[2026-03-14T14:17:54.412Z] Heartbeat: gw=true, mem=87%, models=4, profiles=1
[2026-03-14T14:17:57.302Z] Heartbeat written: /Users/bbq723/claw-fleet/shared/heartbeats/macmini.json
Config warnings:\n- plugins.entries.feishu: plugin feishu: duplicate plugin id detected; later plugin may be overridden (/Users/bbq723/.openclaw/extensions/feishu/index.ts)
Config path not found: channels.telegram.bot_token
[2026-03-14T14:18:54.415Z] Heartbeat: gw=true, mem=87%, models=4, profiles=1
[2026-03-14T14:18:57.281Z] Heartbeat written: /Users/bbq723/claw-fleet/shared/heartbeats/macmini.json
Config warnings:\n- plugins.entries.feishu: plugin feishu: duplicate plugin id detected; later plugin may be overridden (/Users/bbq723/.openclaw/extensions/feishu/index.ts)
Config path not found: channels.telegram.bot_token
[2026-03-14T14:19:54.418Z] Heartbeat: gw=true, mem=89%, models=4, profiles=1
[2026-03-14T14:19:56.896Z] Heartbeat written: /Users/bbq723/claw-fleet/shared/heartbeats/macmini.json
Config warnings:\n- plugins.entries.feishu: plugin feishu: duplicate plugin id detected; later plugin may be overridden (/Users/bbq723/.openclaw/extensions/feishu/index.ts)
Config path not found: channels.telegram.bot_token
[2026-03-14T14:20:54.420Z] Heartbeat: gw=true, mem=89%, models=4, profiles=1
[2026-03-14T14:20:56.837Z] Heartbeat written: /Users/bbq723/claw-fleet/shared/heartbeats/macmini.json
Config warnings:\n- plugins.entries.feishu: plugin feishu: duplicate plugin id detected; later plugin may be overridden (/Users/bbq723/.openclaw/extensions/feishu/index.ts)
Config path not found: channels.telegram.bot_token
[2026-03-14T14:21:54.423Z] Heartbeat: gw=true, mem=89%, models=4, profiles=1
[2026-03-14T14:21:56.797Z] Heartbeat written: /Users/bbq723/claw-fleet/shared/heartbeats/macmini.json
Config warnings:\n- plugins.entries.feishu: plugin feishu: duplicate plugin id detected; later plugin may be overridden (/Users/bbq723/.openclaw/extensions/feishu/index.ts)
Config path not found: channels.telegram.bot_token
[2026-03-14T14:22:54.425Z] Heartbeat: gw=true, mem=89%, models=4, profiles=1
[2026-03-14T14:22:56.813Z] Heartbeat written: /Users/bbq723/claw-fleet/shared/heartbeats/macmini.json
Config warnings:\n- plugins.entries.feishu: plugin feishu: duplicate plugin id detected; later plugin may be overridden (/Users/bbq723/.openclaw/extensions/feishu/index.ts)
Config path not found: channels.telegram.bot_token
[2026-03-14T14:23:54.427Z] Heartbeat: gw=true, mem=89%, models=4, profiles=1
[2026-03-14T14:23:56.806Z] Heartbeat written: /Users/bbq723/claw-fleet/shared/heartbeats/macmini.json
[2026-03-14T14:23:59.557Z] CMD: version -> openclaw --version (timeout: 30000ms)
[2026-03-14T14:23:59.708Z] CMD: update -> npm install -g openclaw@latest && openclaw --version (timeout: 180000ms)
[2026-03-14T14:24:13.606Z] CMD: config-set -> openclaw config set channels.telegram.bot_token "REDACTED_BOT_TOKEN" (timeout: 30000ms)
[2026-03-14T14:24:15.072Z] CMD: config-set -> openclaw config set channels.telegram.groupPolicy "open" (timeout: 30000ms)
[2026-03-14T14:24:16.760Z] CMD: restart -> openclaw gateway stop ; nohup openclaw gateway >/dev/null 2>&1 & echo Gateway restarted (timeout: 30000ms)
[2026-03-14T14:24:21.309Z] CMD: version -> openclaw --version (timeout: 30000ms)
Config warnings:\n- plugins.entries.feishu: plugin feishu: duplicate plugin id detected; later plugin may be overridden (/Users/bbq723/.openclaw/extensions/feishu/index.ts)
Config path not found: channels.telegram.bot_token
[2026-03-14T14:24:54.429Z] Heartbeat: gw=true, mem=90%, models=4, profiles=1
[2026-03-14T14:24:56.838Z] Heartbeat written: /Users/bbq723/claw-fleet/shared/heartbeats/macmini.json
Config warnings:\n- plugins.entries.feishu: plugin feishu: duplicate plugin id detected; later plugin may be overridden (/Users/bbq723/.openclaw/extensions/feishu/index.ts)
Config path not found: channels.telegram.bot_token
[2026-03-14T14:25:54.432Z] Heartbeat: gw=true, mem=96%, models=4, profiles=1
[2026-03-14T14:25:56.857Z] Heartbeat written: /Users/bbq723/claw-fleet/shared/heartbeats/macmini.json
Config warnings:\n- plugins.entries.feishu: plugin feishu: duplicate plugin id detected; later plugin may be overridden (/Users/bbq723/.openclaw/extensions/feishu/index.ts)
Config path not found: channels.telegram.bot_token
[2026-03-14T14:26:54.434Z] Heartbeat: gw=true, mem=96%, models=4, profiles=1
[2026-03-14T14:26:56.830Z] Heartbeat written: /Users/bbq723/claw-fleet/shared/heartbeats/macmini.json
Config warnings:\n- plugins.entries.feishu: plugin feishu: duplicate plugin id detected; later plugin may be overridden (/Users/bbq723/.openclaw/extensions/feishu/index.ts)
Config path not found: channels.telegram.bot_token
[2026-03-14T14:27:54.437Z] Heartbeat: gw=true, mem=96%, models=4, profiles=1
[2026-03-14T14:27:56.787Z] Heartbeat written: /Users/bbq723/claw-fleet/shared/heartbeats/macmini.json
Config warnings:\n- plugins.entries.feishu: plugin feishu: duplicate plugin id detected; later plugin may be overridden (/Users/bbq723/.openclaw/extensions/feishu/index.ts)
Config path not found: channels.telegram.bot_token
[2026-03-14T14:28:54.439Z] Heartbeat: gw=true, mem=96%, models=4, profiles=1
[2026-03-14T14:28:56.859Z] Heartbeat written: /Users/bbq723/claw-fleet/shared/heartbeats/macmini.json
Config warnings:\n- plugins.entries.feishu: plugin feishu: duplicate plugin id detected; later plugin may be overridden (/Users/bbq723/.openclaw/extensions/feishu/index.ts)
Config path not found: channels.telegram.bot_token
[2026-03-14T14:29:54.441Z] Heartbeat: gw=true, mem=96%, models=4, profiles=1
[2026-03-14T14:29:56.805Z] Heartbeat written: /Users/bbq723/claw-fleet/shared/heartbeats/macmini.json
Config warnings:\n- plugins.entries.feishu: plugin feishu: duplicate plugin id detected; later plugin may be overridden (/Users/bbq723/.openclaw/extensions/feishu/index.ts)
Config path not found: channels.telegram.bot_token
[2026-03-14T14:30:54.443Z] Heartbeat: gw=true, mem=95%, models=4, profiles=1
[2026-03-14T14:30:56.779Z] Heartbeat written: /Users/bbq723/claw-fleet/shared/heartbeats/macmini.json
Config warnings:\n- plugins.entries.feishu: plugin feishu: duplicate plugin id detected; later plugin may be overridden (/Users/bbq723/.openclaw/extensions/feishu/index.ts)
Config path not found: channels.telegram.bot_token
[2026-03-14T14:31:54.446Z] Heartbeat: gw=true, mem=96%, models=4, profiles=1
[2026-03-14T14:31:56.792Z] Heartbeat written: /Users/bbq723/claw-fleet/shared/heartbeats/macmini.json
Config warnings:\n- plugins.entries.feishu: plugin feishu: duplicate plugin id detected; later plugin may be overridden (/Users/bbq723/.openclaw/extensions/feishu/index.ts)
Config path not found: channels.telegram.bot_token
[2026-03-14T14:32:54.449Z] Heartbeat: gw=true, mem=96%, models=4, profiles=1
[2026-03-14T14:32:56.789Z] Heartbeat written: /Users/bbq723/claw-fleet/shared/heartbeats/macmini.json
Config warnings:\n- plugins.entries.feishu: plugin feishu: duplicate plugin id detected; later plugin may be overridden (/Users/bbq723/.openclaw/extensions/feishu/index.ts)
Config path not found: channels.telegram.bot_token
[2026-03-14T14:33:54.450Z] Heartbeat: gw=true, mem=96%, models=4, profiles=1
[2026-03-14T14:33:56.792Z] Heartbeat written: /Users/bbq723/claw-fleet/shared/heartbeats/macmini.json
Config warnings:\n- plugins.entries.feishu: plugin feishu: duplicate plugin id detected; later plugin may be overridden (/Users/bbq723/.openclaw/extensions/feishu/index.ts)
Config path not found: channels.telegram.bot_token
[2026-03-14T14:34:54.453Z] Heartbeat: gw=true, mem=96%, models=4, profiles=1
[2026-03-14T14:34:56.796Z] Heartbeat written: /Users/bbq723/claw-fleet/shared/heartbeats/macmini.json
Config warnings:\n- plugins.entries.feishu: plugin feishu: duplicate plugin id detected; later plugin may be overridden (/Users/bbq723/.openclaw/extensions/feishu/index.ts)
Config path not found: channels.telegram.bot_token
[2026-03-14T14:35:54.455Z] Heartbeat: gw=true, mem=96%, models=4, profiles=1
[2026-03-14T14:35:56.782Z] Heartbeat written: /Users/bbq723/claw-fleet/shared/heartbeats/macmini.json
Config warnings:\n- plugins.entries.feishu: plugin feishu: duplicate plugin id detected; later plugin may be overridden (/Users/bbq723/.openclaw/extensions/feishu/index.ts)
Config path not found: channels.telegram.bot_token
[2026-03-14T14:36:54.458Z] Heartbeat: gw=true, mem=95%, models=4, profiles=1
[2026-03-14T14:36:56.814Z] Heartbeat written: /Users/bbq723/claw-fleet/shared/heartbeats/macmini.json
Config warnings:\n- plugins.entries.feishu: plugin feishu: duplicate plugin id detected; later plugin may be overridden (/Users/bbq723/.openclaw/extensions/feishu/index.ts)
Config path not found: channels.telegram.bot_token
[2026-03-14T14:37:54.461Z] Heartbeat: gw=true, mem=95%, models=4, profiles=1
[2026-03-14T14:37:56.775Z] Heartbeat written: /Users/bbq723/claw-fleet/shared/heartbeats/macmini.json
Config warnings:\n- plugins.entries.feishu: plugin feishu: duplicate plugin id detected; later plugin may be overridden (/Users/bbq723/.openclaw/extensions/feishu/index.ts)
Config path not found: channels.telegram.bot_token
[2026-03-14T14:38:54.464Z] Heartbeat: gw=true, mem=95%, models=4, profiles=1
[2026-03-14T14:38:56.821Z] Heartbeat written: /Users/bbq723/claw-fleet/shared/heartbeats/macmini.json
Config warnings:\n- plugins.entries.feishu: plugin feishu: duplicate plugin id detected; later plugin may be overridden (/Users/bbq723/.openclaw/extensions/feishu/index.ts)
Config path not found: channels.telegram.bot_token
[2026-03-14T14:39:54.466Z] Heartbeat: gw=true, mem=95%, models=4, profiles=1
[2026-03-14T14:39:56.806Z] Heartbeat written: /Users/bbq723/claw-fleet/shared/heartbeats/macmini.json
Config warnings:\n- plugins.entries.feishu: plugin feishu: duplicate plugin id detected; later plugin may be overridden (/Users/bbq723/.openclaw/extensions/feishu/index.ts)
Config path not found: channels.telegram.bot_token
[2026-03-14T14:40:54.469Z] Heartbeat: gw=true, mem=96%, models=4, profiles=1
[2026-03-14T14:40:56.811Z] Heartbeat written: /Users/bbq723/claw-fleet/shared/heartbeats/macmini.json
Config warnings:\n- plugins.entries.feishu: plugin feishu: duplicate plugin id detected; later plugin may be overridden (/Users/bbq723/.openclaw/extensions/feishu/index.ts)
Config path not found: channels.telegram.bot_token
[2026-03-14T14:41:54.472Z] Heartbeat: gw=true, mem=95%, models=4, profiles=1
[2026-03-14T14:41:56.852Z] Heartbeat written: /Users/bbq723/claw-fleet/shared/heartbeats/macmini.json
Config warnings:\n- plugins.entries.feishu: plugin feishu: duplicate plugin id detected; later plugin may be overridden (/Users/bbq723/.openclaw/extensions/feishu/index.ts)
Config path not found: channels.telegram.bot_token
[2026-03-14T14:42:54.474Z] Heartbeat: gw=true, mem=95%, models=4, profiles=1
[2026-03-14T14:42:56.815Z] Heartbeat written: /Users/bbq723/claw-fleet/shared/heartbeats/macmini.json
