[2026-03-14T10:13:25.378Z] 🐕 舰队守护犬启动 | 巡检间隔: 120s | 自身: vps
[2026-03-14T10:13:25.380Z]    配置文件: /root/claw-fleet/fleet-config.json
[2026-03-14T10:13:25.380Z]    心跳目录: /root/claw-fleet/shared/heartbeats
[2026-03-14T10:13:25.381Z]    日志文件: /root/claw-fleet/monitor/watchdog.log
[2026-03-14T10:13:25.381Z]    Telegram: 已启用
[2026-03-14T10:13:25.381Z]    每日报告: 9:00

[2026-03-14T10:13:25.381Z] ━━━ 开始巡检 (7 台机器) ━━━
[2026-03-14T10:13:30.386Z]   🔴 4090 渲染虾: 无法连接 (timeout)
[2026-03-14T10:13:30.386Z]   🟢 Rog 指挥虾: Gateway 运行中
[2026-03-14T10:13:30.386Z]   🔵 VPS 云端: 本机跳过
[2026-03-14T10:13:30.387Z]   🟢 Mac Mini News: Gateway 运行中
[2026-03-14T10:13:30.387Z]   🟢 MacBook 视频虾: Gateway 运行中
[2026-03-14T10:13:30.387Z]   🔴 P4 带货虾: 无法连接 (timeout)
[2026-03-14T10:13:30.387Z]   🟢 Mac Mini 2: Gateway 运行中
[2026-03-14T10:13:30.387Z] ━━━ 巡检完成: 5 在线, 0 已重启, 2 离线, 0 异常 ━━━

[2026-03-14T10:13:30.387Z] 📢 告警: 以下机器离线: 4090 渲染虾, P4 带货虾
[2026-03-14T10:13:30.681Z] TG 发送错误: 
[2026-03-14T10:13:44.883Z] 🐕 舰队守护犬启动 | 巡检间隔: 120s | 自身: vps
[2026-03-14T10:13:44.888Z]    配置文件: /root/claw-fleet/fleet-config.json
[2026-03-14T10:13:44.888Z]    心跳目录: /root/claw-fleet/shared/heartbeats
[2026-03-14T10:13:44.888Z]    日志文件: /root/claw-fleet/monitor/watchdog.log
[2026-03-14T10:13:44.888Z]    Telegram: 已启用
[2026-03-14T10:13:44.889Z]    每日报告: 9:00

[2026-03-14T10:13:44.889Z] ━━━ 开始巡检 (7 台机器) ━━━
[2026-03-14T10:13:47.698Z]   🟢 4090 渲染虾: Gateway 运行中
[2026-03-14T10:13:47.698Z]   🟢 Rog 指挥虾: Gateway 运行中
[2026-03-14T10:13:47.698Z]   🔵 VPS 云端: 本机跳过
[2026-03-14T10:13:47.698Z]   🟢 Mac Mini News: Gateway 运行中
[2026-03-14T10:13:47.699Z]   🟢 MacBook 视频虾: Gateway 运行中
[2026-03-14T10:13:47.699Z]   🟢 P4 带货虾: Gateway 运行中
[2026-03-14T10:13:47.699Z]   🟢 Mac Mini 2: Gateway 运行中
[2026-03-14T10:13:47.699Z] ━━━ 巡检完成: 7 在线, 0 已重启, 0 离线, 0 异常 ━━━

[2026-03-14T10:15:25.487Z] ━━━ 开始巡检 (7 台机器) ━━━
[2026-03-14T10:15:27.921Z]   🟢 4090 渲染虾: Gateway 运行中
[2026-03-14T10:15:27.921Z]   🟢 Rog 指挥虾: Gateway 运行中
[2026-03-14T10:15:27.921Z]   🔵 VPS 云端: 本机跳过
[2026-03-14T10:15:27.921Z]   🟢 Mac Mini News: Gateway 运行中
[2026-03-14T10:15:27.921Z]   🟢 MacBook 视频虾: Gateway 运行中
[2026-03-14T10:15:27.921Z]   🟢 P4 带货虾: Gateway 运行中
[2026-03-14T10:15:27.921Z]   🟢 Mac Mini 2: Gateway 运行中
[2026-03-14T10:15:27.921Z] ━━━ 巡检完成: 7 在线, 0 已重启, 0 离线, 0 异常 ━━━

[2026-03-14T10:15:44.984Z] ━━━ 开始巡检 (7 台机器) ━━━
[2026-03-14T10:15:46.071Z]   🟢 4090 渲染虾: Gateway 运行中
[2026-03-14T10:15:46.072Z]   🟢 Rog 指挥虾: Gateway 运行中
[2026-03-14T10:15:46.072Z]   🔵 VPS 云端: 本机跳过
[2026-03-14T10:15:46.072Z]   🟢 Mac Mini News: Gateway 运行中
[2026-03-14T10:15:46.072Z]   🟢 MacBook 视频虾: Gateway 运行中
[2026-03-14T10:15:46.072Z]   🟢 P4 带货虾: Gateway 运行中
[2026-03-14T10:15:46.072Z]   🟢 Mac Mini 2: Gateway 运行中
[2026-03-14T10:15:46.072Z] ━━━ 巡检完成: 7 在线, 0 已重启, 0 离线, 0 异常 ━━━

[2026-03-14T10:17:25.587Z] ━━━ 开始巡检 (7 台机器) ━━━
[2026-03-14T10:17:31.670Z]   🔴 4090 渲染虾: 无法连接 (timeout)
[2026-03-14T10:17:31.670Z]   🔴 Rog 指挥虾: 无法连接 (timeout)
[2026-03-14T10:17:31.670Z]   🔵 VPS 云端: 本机跳过
[2026-03-14T10:17:31.670Z]   🟢 Mac Mini News: Gateway 运行中
[2026-03-14T10:17:31.670Z]   🟢 MacBook 视频虾: Gateway 运行中
[2026-03-14T10:17:31.670Z]   🟢 P4 带货虾: Gateway 运行中
[2026-03-14T10:17:31.670Z]   🟢 Mac Mini 2: Gateway 运行中
[2026-03-14T10:17:31.670Z] ━━━ 巡检完成: 5 在线, 0 已重启, 2 离线, 0 异常 ━━━

[2026-03-14T10:17:31.670Z] 📢 告警: 以下机器离线: 4090 渲染虾, Rog 指挥虾
[2026-03-14T10:17:31.924Z] TG 发送错误: 
[2026-03-14T10:17:45.084Z] ━━━ 开始巡检 (7 台机器) ━━━
[2026-03-14T10:17:46.651Z]   🟢 4090 渲染虾: Gateway 运行中
[2026-03-14T10:17:46.651Z]   🟢 Rog 指挥虾: Gateway 运行中
[2026-03-14T10:17:46.651Z]   🔵 VPS 云端: 本机跳过
[2026-03-14T10:17:46.651Z]   🟢 Mac Mini News: Gateway 运行中
[2026-03-14T10:17:46.651Z]   🟢 MacBook 视频虾: Gateway 运行中
[2026-03-14T10:17:46.651Z]   🟢 P4 带货虾: Gateway 运行中
[2026-03-14T10:17:46.651Z]   🟢 Mac Mini 2: Gateway 运行中
[2026-03-14T10:17:46.651Z] ━━━ 巡检完成: 7 在线, 0 已重启, 0 离线, 0 异常 ━━━

[2026-03-14T10:19:25.687Z] ━━━ 开始巡检 (7 台机器) ━━━
[2026-03-14T10:19:31.174Z]   🟢 4090 渲染虾: Gateway 运行中
[2026-03-14T10:19:31.174Z]   🔴 Rog 指挥虾: 无法连接 (timeout)
[2026-03-14T10:19:31.174Z]   🔵 VPS 云端: 本机跳过
[2026-03-14T10:19:31.174Z]   🟢 Mac Mini News: Gateway 运行中
[2026-03-14T10:19:31.175Z]   🟢 MacBook 视频虾: Gateway 运行中
[2026-03-14T10:19:31.175Z]   🟢 P4 带货虾: Gateway 运行中
[2026-03-14T10:19:31.175Z]   🟢 Mac Mini 2: Gateway 运行中
[2026-03-14T10:19:31.175Z] ━━━ 巡检完成: 6 在线, 0 已重启, 1 离线, 0 异常 ━━━

[2026-03-14T10:19:31.175Z] 📢 告警: 以下机器离线: Rog 指挥虾
[2026-03-14T10:19:31.429Z] TG 发送错误: 
[2026-03-14T10:19:45.157Z] ━━━ 开始巡检 (7 台机器) ━━━
[2026-03-14T10:19:46.333Z]   🟢 4090 渲染虾: Gateway 运行中
[2026-03-14T10:19:46.333Z]   🟢 Rog 指挥虾: Gateway 运行中
[2026-03-14T10:19:46.334Z]   🔵 VPS 云端: 本机跳过
[2026-03-14T10:19:46.334Z]   🟢 Mac Mini News: Gateway 运行中
[2026-03-14T10:19:46.334Z]   🟢 MacBook 视频虾: Gateway 运行中
[2026-03-14T10:19:46.334Z]   🟢 P4 带货虾: Gateway 运行中
[2026-03-14T10:19:46.334Z]   🟢 Mac Mini 2: Gateway 运行中
[2026-03-14T10:19:46.334Z] ━━━ 巡检完成: 7 在线, 0 已重启, 0 离线, 0 异常 ━━━

[2026-03-14T10:21:25.762Z] ━━━ 开始巡检 (7 台机器) ━━━
[2026-03-14T10:21:31.921Z]   🟢 4090 渲染虾: Gateway 运行中
[2026-03-14T10:21:31.922Z]   🔴 Rog 指挥虾: 无法连接 (timeout)
[2026-03-14T10:21:31.922Z]   🔵 VPS 云端: 本机跳过
[2026-03-14T10:21:31.922Z]   🟢 Mac Mini News: Gateway 运行中
[2026-03-14T10:21:31.922Z]   🟢 MacBook 视频虾: Gateway 运行中
[2026-03-14T10:21:31.922Z]   🔴 P4 带货虾: 无法连接 (timeout)
[2026-03-14T10:21:31.922Z]   🟢 Mac Mini 2: Gateway 运行中
[2026-03-14T10:21:31.922Z] ━━━ 巡检完成: 5 在线, 0 已重启, 2 离线, 0 异常 ━━━

[2026-03-14T10:21:31.922Z] 📢 告警: 以下机器离线: Rog 指挥虾, P4 带货虾
[2026-03-14T10:21:32.176Z] TG 发送错误: 
[2026-03-14T10:21:45.251Z] ━━━ 开始巡检 (7 台机器) ━━━
[2026-03-14T10:21:48.997Z]   🟢 4090 渲染虾: Gateway 运行中
[2026-03-14T10:21:48.997Z]   🟢 Rog 指挥虾: Gateway 运行中
[2026-03-14T10:21:48.997Z]   🔵 VPS 云端: 本机跳过
[2026-03-14T10:21:48.997Z]   🟢 Mac Mini News: Gateway 运行中
[2026-03-14T10:21:48.997Z]   🟢 MacBook 视频虾: Gateway 运行中
[2026-03-14T10:21:48.997Z]   🟢 P4 带货虾: Gateway 运行中
[2026-03-14T10:21:48.997Z]   🟢 Mac Mini 2: Gateway 运行中
[2026-03-14T10:21:48.997Z] ━━━ 巡检完成: 7 在线, 0 已重启, 0 离线, 0 异常 ━━━

[2026-03-14T10:23:25.848Z] ━━━ 开始巡检 (7 台机器) ━━━
[2026-03-14T10:23:31.197Z]   🟢 4090 渲染虾: Gateway 运行中
[2026-03-14T10:23:31.197Z]   🔴 Rog 指挥虾: 无法连接 (timeout)
[2026-03-14T10:23:31.197Z]   🔵 VPS 云端: 本机跳过
[2026-03-14T10:23:31.197Z]   🟢 Mac Mini News: Gateway 运行中
[2026-03-14T10:23:31.198Z]   🟢 MacBook 视频虾: Gateway 运行中
[2026-03-14T10:23:31.198Z]   🟢 P4 带货虾: Gateway 运行中
[2026-03-14T10:23:31.198Z]   🟢 Mac Mini 2: Gateway 运行中
[2026-03-14T10:23:31.198Z] ━━━ 巡检完成: 6 在线, 0 已重启, 1 离线, 0 异常 ━━━

[2026-03-14T10:23:31.198Z] 📢 告警: 以下机器离线: Rog 指挥虾
[2026-03-14T10:23:31.453Z] TG 发送错误: 
[2026-03-14T10:23:45.349Z] ━━━ 开始巡检 (7 台机器) ━━━
[2026-03-14T10:23:46.839Z]   🟢 4090 渲染虾: Gateway 运行中
[2026-03-14T10:23:46.839Z]   🟢 Rog 指挥虾: Gateway 运行中
[2026-03-14T10:23:46.839Z]   🔵 VPS 云端: 本机跳过
[2026-03-14T10:23:46.839Z]   🟢 Mac Mini News: Gateway 运行中
[2026-03-14T10:23:46.839Z]   🟢 MacBook 视频虾: Gateway 运行中
[2026-03-14T10:23:46.839Z]   🟢 P4 带货虾: Gateway 运行中
[2026-03-14T10:23:46.839Z]   🟢 Mac Mini 2: Gateway 运行中
[2026-03-14T10:23:46.839Z] ━━━ 巡检完成: 7 在线, 0 已重启, 0 离线, 0 异常 ━━━

[2026-03-14T10:25:25.941Z] ━━━ 开始巡检 (7 台机器) ━━━
[2026-03-14T10:25:32.612Z]   🟢 4090 渲染虾: Gateway 运行中
[2026-03-14T10:25:32.613Z]   🔴 Rog 指挥虾: 无法连接 (timeout)
[2026-03-14T10:25:32.613Z]   🔵 VPS 云端: 本机跳过
[2026-03-14T10:25:32.613Z]   🟢 Mac Mini News: Gateway 运行中
[2026-03-14T10:25:32.613Z]   🟢 MacBook 视频虾: Gateway 运行中
[2026-03-14T10:25:32.613Z]   🟢 P4 带货虾: Gateway 运行中
[2026-03-14T10:25:32.613Z]   🟢 Mac Mini 2: Gateway 运行中
[2026-03-14T10:25:32.613Z] ━━━ 巡检完成: 6 在线, 0 已重启, 1 离线, 0 异常 ━━━

[2026-03-14T10:25:32.613Z] 📢 告警: 以下机器离线: Rog 指挥虾
[2026-03-14T10:25:32.867Z] TG 发送错误: 
[2026-03-14T10:27:26.036Z] ━━━ 开始巡检 (7 台机器) ━━━
[2026-03-14T10:27:31.604Z]   🟢 4090 渲染虾: Gateway 运行中
[2026-03-14T10:27:31.605Z]   🔴 Rog 指挥虾: 无法连接 (timeout)
[2026-03-14T10:27:31.605Z]   🔵 VPS 云端: 本机跳过
[2026-03-14T10:27:31.605Z]   🟢 Mac Mini News: Gateway 运行中
[2026-03-14T10:27:31.605Z]   🟢 MacBook 视频虾: Gateway 运行中
[2026-03-14T10:27:31.605Z]   🟢 P4 带货虾: Gateway 运行中
[2026-03-14T10:27:31.605Z]   🟢 Mac Mini 2: Gateway 运行中
[2026-03-14T10:27:31.605Z] ━━━ 巡检完成: 6 在线, 0 已重启, 1 离线, 0 异常 ━━━

[2026-03-14T10:27:31.605Z] 📢 告警: 以下机器离线: Rog 指挥虾
[2026-03-14T10:27:31.860Z] TG 发送错误: 
[2026-03-14T10:29:26.124Z] ━━━ 开始巡检 (7 台机器) ━━━
[2026-03-14T10:29:31.476Z]   🟢 4090 渲染虾: Gateway 运行中
[2026-03-14T10:29:31.476Z]   🔴 Rog 指挥虾: 无法连接 (timeout)
[2026-03-14T10:29:31.476Z]   🔵 VPS 云端: 本机跳过
[2026-03-14T10:29:31.477Z]   🟢 Mac Mini News: Gateway 运行中
[2026-03-14T10:29:31.477Z]   🟢 MacBook 视频虾: Gateway 运行中
[2026-03-14T10:29:31.477Z]   🟢 P4 带货虾: Gateway 运行中
[2026-03-14T10:29:31.477Z]   🟢 Mac Mini 2: Gateway 运行中
[2026-03-14T10:29:31.477Z] ━━━ 巡检完成: 6 在线, 0 已重启, 1 离线, 0 异常 ━━━

[2026-03-14T10:29:31.477Z] 📢 告警: 以下机器离线: Rog 指挥虾
[2026-03-14T10:29:31.730Z] TG 发送错误: 
[2026-03-14T10:31:26.222Z] ━━━ 开始巡检 (7 台机器) ━━━
[2026-03-14T10:31:31.525Z]   🟢 4090 渲染虾: Gateway 运行中
[2026-03-14T10:31:31.525Z]   🔴 Rog 指挥虾: 无法连接 (timeout)
[2026-03-14T10:31:31.525Z]   🔵 VPS 云端: 本机跳过
[2026-03-14T10:31:31.525Z]   🟢 Mac Mini News: Gateway 运行中
[2026-03-14T10:31:31.525Z]   🟢 MacBook 视频虾: Gateway 运行中
[2026-03-14T10:31:31.525Z]   🟢 P4 带货虾: Gateway 运行中
[2026-03-14T10:31:31.525Z]   🟢 Mac Mini 2: Gateway 运行中
[2026-03-14T10:31:31.525Z] ━━━ 巡检完成: 6 在线, 0 已重启, 1 离线, 0 异常 ━━━

[2026-03-14T10:31:31.525Z] 📢 告警: 以下机器离线: Rog 指挥虾
[2026-03-14T10:31:31.780Z] TG 发送错误: 
[2026-03-14T10:33:26.305Z] ━━━ 开始巡检 (7 台机器) ━━━
[2026-03-14T10:33:31.598Z]   🟢 4090 渲染虾: Gateway 运行中
[2026-03-14T10:33:31.599Z]   🔴 Rog 指挥虾: 无法连接 (timeout)
[2026-03-14T10:33:31.599Z]   🔵 VPS 云端: 本机跳过
[2026-03-14T10:33:31.599Z]   🟢 Mac Mini News: Gateway 运行中
[2026-03-14T10:33:31.599Z]   🟢 MacBook 视频虾: Gateway 运行中
[2026-03-14T10:33:31.599Z]   🟢 P4 带货虾: Gateway 运行中
[2026-03-14T10:33:31.599Z]   🟢 Mac Mini 2: Gateway 运行中
[2026-03-14T10:33:31.599Z] ━━━ 巡检完成: 6 在线, 0 已重启, 1 离线, 0 异常 ━━━

[2026-03-14T10:33:31.599Z] 📢 告警: 以下机器离线: Rog 指挥虾
[2026-03-14T10:33:31.852Z] TG 发送错误: 
[2026-03-14T10:35:26.402Z] ━━━ 开始巡检 (7 台机器) ━━━
[2026-03-14T10:35:32.126Z]   🟢 4090 渲染虾: Gateway 运行中
[2026-03-14T10:35:32.127Z]   🔴 Rog 指挥虾: 无法连接 (timeout)
[2026-03-14T10:35:32.127Z]   🔵 VPS 云端: 本机跳过
[2026-03-14T10:35:32.127Z]   🟢 Mac Mini News: Gateway 运行中
[2026-03-14T10:35:32.127Z]   🟢 MacBook 视频虾: Gateway 运行中
[2026-03-14T10:35:32.127Z]   🔴 P4 带货虾: 无法连接 (timeout)
[2026-03-14T10:35:32.127Z]   🟢 Mac Mini 2: Gateway 运行中
[2026-03-14T10:35:32.127Z] ━━━ 巡检完成: 5 在线, 0 已重启, 2 离线, 0 异常 ━━━

[2026-03-14T10:35:32.127Z] 📢 告警: 以下机器离线: Rog 指挥虾, P4 带货虾
[2026-03-14T10:35:32.381Z] TG 发送错误: 
[2026-03-14T10:37:26.502Z] ━━━ 开始巡检 (7 台机器) ━━━
[2026-03-14T10:37:31.904Z]   🟢 4090 渲染虾: Gateway 运行中
[2026-03-14T10:37:31.904Z]   🔴 Rog 指挥虾: 无法连接 (timeout)
[2026-03-14T10:37:31.904Z]   🔵 VPS 云端: 本机跳过
[2026-03-14T10:37:31.904Z]   🟢 Mac Mini News: Gateway 运行中
[2026-03-14T10:37:31.904Z]   🟢 MacBook 视频虾: Gateway 运行中
[2026-03-14T10:37:31.904Z]   🟢 P4 带货虾: Gateway 运行中
[2026-03-14T10:37:31.904Z]   🟢 Mac Mini 2: Gateway 运行中
[2026-03-14T10:37:31.904Z] ━━━ 巡检完成: 6 在线, 0 已重启, 1 离线, 0 异常 ━━━

[2026-03-14T10:37:31.904Z] 📢 告警: 以下机器离线: Rog 指挥虾
[2026-03-14T10:37:32.160Z] TG 发送错误: 
[2026-03-14T10:39:26.601Z] ━━━ 开始巡检 (7 台机器) ━━━
[2026-03-14T10:39:32.395Z]   🟢 4090 渲染虾: Gateway 运行中
[2026-03-14T10:39:32.395Z]   🔴 Rog 指挥虾: 无法连接 (timeout)
[2026-03-14T10:39:32.395Z]   🔵 VPS 云端: 本机跳过
[2026-03-14T10:39:32.395Z]   🟢 Mac Mini News: Gateway 运行中
[2026-03-14T10:39:32.395Z]   🟢 MacBook 视频虾: Gateway 运行中
[2026-03-14T10:39:32.395Z]   🟢 P4 带货虾: Gateway 运行中
[2026-03-14T10:39:32.395Z]   🟢 Mac Mini 2: Gateway 运行中
[2026-03-14T10:39:32.395Z] ━━━ 巡检完成: 6 在线, 0 已重启, 1 离线, 0 异常 ━━━

[2026-03-14T10:39:32.395Z] 📢 告警: 以下机器离线: Rog 指挥虾
[2026-03-14T10:39:32.649Z] TG 发送错误: 
[2026-03-14T10:41:26.692Z] ━━━ 开始巡检 (7 台机器) ━━━
[2026-03-14T10:41:32.226Z]   🟢 4090 渲染虾: Gateway 运行中
[2026-03-14T10:41:32.226Z]   🔴 Rog 指挥虾: 无法连接 (timeout)
[2026-03-14T10:41:32.226Z]   🔵 VPS 云端: 本机跳过
[2026-03-14T10:41:32.226Z]   🟢 Mac Mini News: Gateway 运行中
[2026-03-14T10:41:32.226Z]   🟢 MacBook 视频虾: Gateway 运行中
[2026-03-14T10:41:32.226Z]   🔴 P4 带货虾: 无法连接 (timeout)
[2026-03-14T10:41:32.227Z]   🟢 Mac Mini 2: Gateway 运行中
[2026-03-14T10:41:32.227Z] ━━━ 巡检完成: 5 在线, 0 已重启, 2 离线, 0 异常 ━━━

[2026-03-14T10:41:32.227Z] 📢 告警: 以下机器离线: Rog 指挥虾, P4 带货虾
[2026-03-14T10:41:32.480Z] TG 发送错误: 
[2026-03-14T10:43:26.773Z] ━━━ 开始巡检 (7 台机器) ━━━
[2026-03-14T10:43:32.152Z]   🟢 4090 渲染虾: Gateway 运行中
[2026-03-14T10:43:32.153Z]   🔴 Rog 指挥虾: 无法连接 (timeout)
[2026-03-14T10:43:32.153Z]   🔵 VPS 云端: 本机跳过
[2026-03-14T10:43:32.153Z]   🟢 Mac Mini News: Gateway 运行中
[2026-03-14T10:43:32.153Z]   🟢 MacBook 视频虾: Gateway 运行中
[2026-03-14T10:43:32.153Z]   🟢 P4 带货虾: Gateway 运行中
[2026-03-14T10:43:32.153Z]   🟢 Mac Mini 2: Gateway 运行中
[2026-03-14T10:43:32.153Z] ━━━ 巡检完成: 6 在线, 0 已重启, 1 离线, 0 异常 ━━━

[2026-03-14T10:43:32.153Z] 📢 告警: 以下机器离线: Rog 指挥虾
[2026-03-14T10:43:32.406Z] TG 发送错误: 
[2026-03-14T10:45:26.870Z] ━━━ 开始巡检 (7 台机器) ━━━
[2026-03-14T10:45:32.157Z]   🟢 4090 渲染虾: Gateway 运行中
[2026-03-14T10:45:32.158Z]   🔴 Rog 指挥虾: 无法连接 (timeout)
[2026-03-14T10:45:32.158Z]   🔵 VPS 云端: 本机跳过
[2026-03-14T10:45:32.158Z]   🟢 Mac Mini News: Gateway 运行中
[2026-03-14T10:45:32.158Z]   🟢 MacBook 视频虾: Gateway 运行中
[2026-03-14T10:45:32.158Z]   🔴 P4 带货虾: 无法连接 (timeout)
[2026-03-14T10:45:32.158Z]   🟢 Mac Mini 2: Gateway 运行中
[2026-03-14T10:45:32.158Z] ━━━ 巡检完成: 5 在线, 0 已重启, 2 离线, 0 异常 ━━━

[2026-03-14T10:45:32.158Z] 📢 告警: 以下机器离线: Rog 指挥虾, P4 带货虾
[2026-03-14T10:45:32.413Z] TG 发送错误: 
[2026-03-14T10:47:26.958Z] ━━━ 开始巡检 (7 台机器) ━━━
[2026-03-14T10:47:32.305Z]   🟢 4090 渲染虾: Gateway 运行中
[2026-03-14T10:47:32.305Z]   🔴 Rog 指挥虾: 无法连接 (timeout)
[2026-03-14T10:47:32.306Z]   🔵 VPS 云端: 本机跳过
[2026-03-14T10:47:32.306Z]   🟢 Mac Mini News: Gateway 运行中
[2026-03-14T10:47:32.306Z]   🟢 MacBook 视频虾: Gateway 运行中
[2026-03-14T10:47:32.306Z]   🟢 P4 带货虾: Gateway 运行中
[2026-03-14T10:47:32.306Z]   🟢 Mac Mini 2: Gateway 运行中
[2026-03-14T10:47:32.306Z] ━━━ 巡检完成: 6 在线, 0 已重启, 1 离线, 0 异常 ━━━

[2026-03-14T10:47:32.306Z] 📢 告警: 以下机器离线: Rog 指挥虾
[2026-03-14T10:47:32.559Z] TG 发送错误: 
[2026-03-14T10:49:27.058Z] ━━━ 开始巡检 (7 台机器) ━━━
[2026-03-14T10:49:32.705Z]   🟢 4090 渲染虾: Gateway 运行中
[2026-03-14T10:49:32.705Z]   🔴 Rog 指挥虾: 无法连接 (timeout)
[2026-03-14T10:49:32.705Z]   🔵 VPS 云端: 本机跳过
[2026-03-14T10:49:32.705Z]   🟢 Mac Mini News: Gateway 运行中
[2026-03-14T10:49:32.705Z]   🟢 MacBook 视频虾: Gateway 运行中
[2026-03-14T10:49:32.705Z]   🟢 P4 带货虾: Gateway 运行中
[2026-03-14T10:49:32.705Z]   🟢 Mac Mini 2: Gateway 运行中
[2026-03-14T10:49:32.705Z] ━━━ 巡检完成: 6 在线, 0 已重启, 1 离线, 0 异常 ━━━

[2026-03-14T10:49:32.706Z] 📢 告警: 以下机器离线: Rog 指挥虾
[2026-03-14T10:49:32.960Z] TG 发送错误: 
[2026-03-14T10:51:27.156Z] ━━━ 开始巡检 (7 台机器) ━━━
[2026-03-14T10:51:32.477Z]   🟢 4090 渲染虾: Gateway 运行中
[2026-03-14T10:51:32.477Z]   🔴 Rog 指挥虾: 无法连接 (timeout)
[2026-03-14T10:51:32.477Z]   🔵 VPS 云端: 本机跳过
[2026-03-14T10:51:32.477Z]   🟢 Mac Mini News: Gateway 运行中
[2026-03-14T10:51:32.477Z]   🟢 MacBook 视频虾: Gateway 运行中
[2026-03-14T10:51:32.477Z]   🟢 P4 带货虾: Gateway 运行中
[2026-03-14T10:51:32.477Z]   🟢 Mac Mini 2: Gateway 运行中
[2026-03-14T10:51:32.477Z] ━━━ 巡检完成: 6 在线, 0 已重启, 1 离线, 0 异常 ━━━

[2026-03-14T10:51:32.477Z] 📢 告警: 以下机器离线: Rog 指挥虾
[2026-03-14T10:51:32.732Z] TG 发送错误: 
[2026-03-14T10:53:27.255Z] ━━━ 开始巡检 (7 台机器) ━━━
[2026-03-14T10:53:32.621Z]   🟢 4090 渲染虾: Gateway 运行中
[2026-03-14T10:53:32.621Z]   🔴 Rog 指挥虾: 无法连接 (timeout)
[2026-03-14T10:53:32.621Z]   🔵 VPS 云端: 本机跳过
[2026-03-14T10:53:32.622Z]   🟢 Mac Mini News: Gateway 运行中
[2026-03-14T10:53:32.622Z]   🟢 MacBook 视频虾: Gateway 运行中
[2026-03-14T10:53:32.622Z]   🟢 P4 带货虾: Gateway 运行中
[2026-03-14T10:53:32.622Z]   🟢 Mac Mini 2: Gateway 运行中
[2026-03-14T10:53:32.622Z] ━━━ 巡检完成: 6 在线, 0 已重启, 1 离线, 0 异常 ━━━

[2026-03-14T10:53:32.622Z] 📢 告警: 以下机器离线: Rog 指挥虾
[2026-03-14T10:53:32.875Z] TG 发送错误: 
[2026-03-14T10:55:27.354Z] ━━━ 开始巡检 (7 台机器) ━━━
[2026-03-14T10:55:33.101Z]   🟢 4090 渲染虾: Gateway 运行中
[2026-03-14T10:55:33.102Z]   🔴 Rog 指挥虾: 无法连接 (timeout)
[2026-03-14T10:55:33.102Z]   🔵 VPS 云端: 本机跳过
[2026-03-14T10:55:33.102Z]   🟢 Mac Mini News: Gateway 运行中
[2026-03-14T10:55:33.102Z]   🟢 MacBook 视频虾: Gateway 运行中
[2026-03-14T10:55:33.102Z]   🟢 P4 带货虾: Gateway 运行中
[2026-03-14T10:55:33.102Z]   🟢 Mac Mini 2: Gateway 运行中
[2026-03-14T10:55:33.102Z] ━━━ 巡检完成: 6 在线, 0 已重启, 1 离线, 0 异常 ━━━

[2026-03-14T10:55:33.102Z] 📢 告警: 以下机器离线: Rog 指挥虾
[2026-03-14T10:55:33.354Z] TG 发送错误: 
[2026-03-14T10:57:27.452Z] ━━━ 开始巡检 (7 台机器) ━━━
[2026-03-14T10:57:32.741Z]   🟢 4090 渲染虾: Gateway 运行中
[2026-03-14T10:57:32.741Z]   🔴 Rog 指挥虾: 无法连接 (timeout)
[2026-03-14T10:57:32.741Z]   🔵 VPS 云端: 本机跳过
[2026-03-14T10:57:32.741Z]   🟢 Mac Mini News: Gateway 运行中
[2026-03-14T10:57:32.741Z]   🟢 MacBook 视频虾: Gateway 运行中
[2026-03-14T10:57:32.741Z]   🟢 P4 带货虾: Gateway 运行中
[2026-03-14T10:57:32.741Z]   🟢 Mac Mini 2: Gateway 运行中
[2026-03-14T10:57:32.741Z] ━━━ 巡检完成: 6 在线, 0 已重启, 1 离线, 0 异常 ━━━

[2026-03-14T10:57:32.741Z] 📢 告警: 以下机器离线: Rog 指挥虾
[2026-03-14T10:57:32.995Z] TG 发送错误: 
[2026-03-14T10:59:27.552Z] ━━━ 开始巡检 (7 台机器) ━━━
[2026-03-14T10:59:33.138Z]   🟢 4090 渲染虾: Gateway 运行中
[2026-03-14T10:59:33.138Z]   🔴 Rog 指挥虾: 无法连接 (timeout)
[2026-03-14T10:59:33.138Z]   🔵 VPS 云端: 本机跳过
[2026-03-14T10:59:33.138Z]   🟢 Mac Mini News: Gateway 运行中
[2026-03-14T10:59:33.138Z]   🟢 MacBook 视频虾: Gateway 运行中
[2026-03-14T10:59:33.138Z]   🟢 P4 带货虾: Gateway 运行中
[2026-03-14T10:59:33.138Z]   🟢 Mac Mini 2: Gateway 运行中
[2026-03-14T10:59:33.138Z] ━━━ 巡检完成: 6 在线, 0 已重启, 1 离线, 0 异常 ━━━

[2026-03-14T10:59:33.138Z] 📢 告警: 以下机器离线: Rog 指挥虾
[2026-03-14T10:59:33.393Z] TG 发送错误: 
[2026-03-14T11:01:27.650Z] ━━━ 开始巡检 (7 台机器) ━━━
[2026-03-14T11:01:33.000Z]   🟢 4090 渲染虾: Gateway 运行中
[2026-03-14T11:01:33.000Z]   🔴 Rog 指挥虾: 无法连接 (timeout)
[2026-03-14T11:01:33.000Z]   🔵 VPS 云端: 本机跳过
[2026-03-14T11:01:33.000Z]   🟢 Mac Mini News: Gateway 运行中
[2026-03-14T11:01:33.000Z]   🟢 MacBook 视频虾: Gateway 运行中
[2026-03-14T11:01:33.000Z]   🟢 P4 带货虾: Gateway 运行中
[2026-03-14T11:01:33.000Z]   🟢 Mac Mini 2: Gateway 运行中
[2026-03-14T11:01:33.000Z] ━━━ 巡检完成: 6 在线, 0 已重启, 1 离线, 0 异常 ━━━

[2026-03-14T11:01:33.000Z] 📢 告警: 以下机器离线: Rog 指挥虾
[2026-03-14T11:01:33.253Z] TG 发送错误: 
[2026-03-14T11:03:27.750Z] ━━━ 开始巡检 (7 台机器) ━━━
[2026-03-14T11:03:34.245Z]   🟢 4090 渲染虾: Gateway 运行中
[2026-03-14T11:03:34.246Z]   🔴 Rog 指挥虾: 无法连接 (timeout)
[2026-03-14T11:03:34.246Z]   🔵 VPS 云端: 本机跳过
[2026-03-14T11:03:34.246Z]   🟢 Mac Mini News: Gateway 运行中
[2026-03-14T11:03:34.246Z]   🟢 MacBook 视频虾: Gateway 运行中
[2026-03-14T11:03:34.246Z]   🟢 P4 带货虾: Gateway 运行中
[2026-03-14T11:03:34.246Z]   🟢 Mac Mini 2: Gateway 运行中
[2026-03-14T11:03:34.246Z] ━━━ 巡检完成: 6 在线, 0 已重启, 1 离线, 0 异常 ━━━

[2026-03-14T11:03:34.246Z] 📢 告警: 以下机器离线: Rog 指挥虾
[2026-03-14T11:03:34.501Z] TG 发送错误: 
[2026-03-14T11:05:27.824Z] ━━━ 开始巡检 (7 台机器) ━━━
[2026-03-14T11:05:33.285Z]   🟢 4090 渲染虾: Gateway 运行中
[2026-03-14T11:05:33.285Z]   🔴 Rog 指挥虾: 无法连接 (timeout)
[2026-03-14T11:05:33.285Z]   🔵 VPS 云端: 本机跳过
[2026-03-14T11:05:33.285Z]   🟢 Mac Mini News: Gateway 运行中
[2026-03-14T11:05:33.286Z]   🟢 MacBook 视频虾: Gateway 运行中
[2026-03-14T11:05:33.286Z]   🟢 P4 带货虾: Gateway 运行中
[2026-03-14T11:05:33.286Z]   🟢 Mac Mini 2: Gateway 运行中
[2026-03-14T11:05:33.286Z] ━━━ 巡检完成: 6 在线, 0 已重启, 1 离线, 0 异常 ━━━

[2026-03-14T11:05:33.286Z] 📢 告警: 以下机器离线: Rog 指挥虾
[2026-03-14T11:05:33.540Z] TG 发送错误: 
[2026-03-14T11:07:27.916Z] ━━━ 开始巡检 (7 台机器) ━━━
[2026-03-14T11:07:33.284Z]   🔴 4090 渲染虾: 无法连接 (timeout)
[2026-03-14T11:07:33.284Z]   🔴 Rog 指挥虾: 无法连接 (timeout)
[2026-03-14T11:07:33.284Z]   🔵 VPS 云端: 本机跳过
[2026-03-14T11:07:33.284Z]   🟢 Mac Mini News: Gateway 运行中
[2026-03-14T11:07:33.284Z]   🟢 MacBook 视频虾: Gateway 运行中
[2026-03-14T11:07:33.284Z]   🟢 P4 带货虾: Gateway 运行中
[2026-03-14T11:07:33.284Z]   🟢 Mac Mini 2: Gateway 运行中
[2026-03-14T11:07:33.284Z] ━━━ 巡检完成: 5 在线, 0 已重启, 2 离线, 0 异常 ━━━

[2026-03-14T11:07:33.285Z] 📢 告警: 以下机器离线: 4090 渲染虾, Rog 指挥虾
[2026-03-14T11:07:33.539Z] TG 发送错误: 
[2026-03-14T11:09:28.004Z] ━━━ 开始巡检 (7 台机器) ━━━
[2026-03-14T11:09:33.526Z]   🟢 4090 渲染虾: Gateway 运行中
[2026-03-14T11:09:33.527Z]   🔴 Rog 指挥虾: 无法连接 (timeout)
[2026-03-14T11:09:33.527Z]   🔵 VPS 云端: 本机跳过
[2026-03-14T11:09:33.527Z]   🟢 Mac Mini News: Gateway 运行中
[2026-03-14T11:09:33.527Z]   🟢 MacBook 视频虾: Gateway 运行中
[2026-03-14T11:09:33.527Z]   🟢 P4 带货虾: Gateway 运行中
[2026-03-14T11:09:33.527Z]   🟢 Mac Mini 2: Gateway 运行中
[2026-03-14T11:09:33.527Z] ━━━ 巡检完成: 6 在线, 0 已重启, 1 离线, 0 异常 ━━━

[2026-03-14T11:09:33.527Z] 📢 告警: 以下机器离线: Rog 指挥虾
[2026-03-14T11:09:33.780Z] TG 发送错误: 
[2026-03-14T11:11:28.099Z] ━━━ 开始巡检 (7 台机器) ━━━
[2026-03-14T11:11:35.325Z]   🔴 4090 渲染虾: 无法连接 (timeout)
[2026-03-14T11:11:35.325Z]   🔴 Rog 指挥虾: 无法连接 (timeout)
[2026-03-14T11:11:35.325Z]   🔵 VPS 云端: 本机跳过
[2026-03-14T11:11:35.325Z]   🟢 Mac Mini News: Gateway 运行中
[2026-03-14T11:11:35.325Z]   🟢 MacBook 视频虾: Gateway 运行中
[2026-03-14T11:11:35.325Z]   🔴 P4 带货虾: 无法连接 (timeout)
[2026-03-14T11:11:35.325Z]   🟢 Mac Mini 2: Gateway 运行中
[2026-03-14T11:11:35.325Z] ━━━ 巡检完成: 4 在线, 0 已重启, 3 离线, 0 异常 ━━━

[2026-03-14T11:11:35.325Z] 📢 告警: 以下机器离线: 4090 渲染虾, Rog 指挥虾, P4 带货虾
[2026-03-14T11:11:35.578Z] TG 发送错误: 
[2026-03-14T11:13:28.192Z] ━━━ 开始巡检 (7 台机器) ━━━
[2026-03-14T11:13:34.226Z]   🟢 4090 渲染虾: Gateway 运行中
[2026-03-14T11:13:34.226Z]   🔴 Rog 指挥虾: 无法连接 (timeout)
[2026-03-14T11:13:34.226Z]   🔵 VPS 云端: 本机跳过
[2026-03-14T11:13:34.226Z]   🟢 Mac Mini News: Gateway 运行中
[2026-03-14T11:13:34.226Z]   🟢 MacBook 视频虾: Gateway 运行中
[2026-03-14T11:13:34.226Z]   🟢 P4 带货虾: Gateway 运行中
[2026-03-14T11:13:34.226Z]   🟢 Mac Mini 2: Gateway 运行中
[2026-03-14T11:13:34.226Z] ━━━ 巡检完成: 6 在线, 0 已重启, 1 离线, 0 异常 ━━━

[2026-03-14T11:13:34.226Z] 📢 告警: 以下机器离线: Rog 指挥虾
[2026-03-14T11:13:34.480Z] TG 发送错误: 
[2026-03-14T11:15:28.280Z] ━━━ 开始巡检 (7 台机器) ━━━
[2026-03-14T11:15:33.635Z]   🟢 4090 渲染虾: Gateway 运行中
[2026-03-14T11:15:33.635Z]   🔴 Rog 指挥虾: 无法连接 (timeout)
[2026-03-14T11:15:33.635Z]   🔵 VPS 云端: 本机跳过
[2026-03-14T11:15:33.635Z]   🟢 Mac Mini News: Gateway 运行中
[2026-03-14T11:15:33.635Z]   🟢 MacBook 视频虾: Gateway 运行中
[2026-03-14T11:15:33.635Z]   🟢 P4 带货虾: Gateway 运行中
[2026-03-14T11:15:33.636Z]   🟢 Mac Mini 2: Gateway 运行中
[2026-03-14T11:15:33.636Z] ━━━ 巡检完成: 6 在线, 0 已重启, 1 离线, 0 异常 ━━━

[2026-03-14T11:15:33.636Z] 📢 告警: 以下机器离线: Rog 指挥虾
[2026-03-14T11:15:33.890Z] TG 发送错误: 
[2026-03-14T11:17:28.374Z] ━━━ 开始巡检 (7 台机器) ━━━
[2026-03-14T11:17:33.726Z]   🟢 4090 渲染虾: Gateway 运行中
[2026-03-14T11:17:33.726Z]   🔴 Rog 指挥虾: 无法连接 (timeout)
[2026-03-14T11:17:33.726Z]   🔵 VPS 云端: 本机跳过
[2026-03-14T11:17:33.726Z]   🟢 Mac Mini News: Gateway 运行中
[2026-03-14T11:17:33.726Z]   🟢 MacBook 视频虾: Gateway 运行中
[2026-03-14T11:17:33.726Z]   🟢 P4 带货虾: Gateway 运行中
[2026-03-14T11:17:33.726Z]   🟢 Mac Mini 2: Gateway 运行中
[2026-03-14T11:17:33.726Z] ━━━ 巡检完成: 6 在线, 0 已重启, 1 离线, 0 异常 ━━━

[2026-03-14T11:17:33.726Z] 📢 告警: 以下机器离线: Rog 指挥虾
[2026-03-14T11:17:33.979Z] TG 发送错误: 
[2026-03-14T11:19:28.469Z] ━━━ 开始巡检 (7 台机器) ━━━
[2026-03-14T11:19:33.761Z]   🟢 4090 渲染虾: Gateway 运行中
[2026-03-14T11:19:33.761Z]   🔴 Rog 指挥虾: 无法连接 (timeout)
[2026-03-14T11:19:33.762Z]   🔵 VPS 云端: 本机跳过
[2026-03-14T11:19:33.762Z]   🟢 Mac Mini News: Gateway 运行中
[2026-03-14T11:19:33.762Z]   🟢 MacBook 视频虾: Gateway 运行中
[2026-03-14T11:19:33.762Z]   🟢 P4 带货虾: Gateway 运行中
[2026-03-14T11:19:33.762Z]   🟢 Mac Mini 2: Gateway 运行中
[2026-03-14T11:19:33.762Z] ━━━ 巡检完成: 6 在线, 0 已重启, 1 离线, 0 异常 ━━━

[2026-03-14T11:19:33.762Z] 📢 告警: 以下机器离线: Rog 指挥虾
[2026-03-14T11:19:34.016Z] TG 发送错误: 
[2026-03-14T11:21:28.570Z] ━━━ 开始巡检 (7 台机器) ━━━
[2026-03-14T11:21:33.113Z]   🟢 4090 渲染虾: Gateway 运行中
[2026-03-14T11:21:33.113Z]   🟢 Rog 指挥虾: Gateway 运行中
[2026-03-14T11:21:33.113Z]   🔵 VPS 云端: 本机跳过
[2026-03-14T11:21:33.113Z]   🟢 Mac Mini News: Gateway 运行中
[2026-03-14T11:21:33.113Z]   🟢 MacBook 视频虾: Gateway 运行中
[2026-03-14T11:21:33.114Z]   🟢 P4 带货虾: Gateway 运行中
[2026-03-14T11:21:33.114Z]   🟢 Mac Mini 2: Gateway 运行中
[2026-03-14T11:21:33.115Z] ━━━ 巡检完成: 7 在线, 0 已重启, 0 离线, 0 异常 ━━━

[2026-03-14T11:23:28.653Z] ━━━ 开始巡检 (7 台机器) ━━━
[2026-03-14T11:23:33.655Z]   🟢 4090 渲染虾: Gateway 运行中
[2026-03-14T11:23:33.655Z]   🔴 Rog 指挥虾: 无法连接 (timeout)
[2026-03-14T11:23:33.655Z]   🔵 VPS 云端: 本机跳过
[2026-03-14T11:23:33.655Z]   🟢 Mac Mini News: Gateway 运行中
[2026-03-14T11:23:33.655Z]   🟢 MacBook 视频虾: Gateway 运行中
[2026-03-14T11:23:33.656Z]   🟢 P4 带货虾: Gateway 运行中
[2026-03-14T11:23:33.656Z]   🟢 Mac Mini 2: Gateway 运行中
[2026-03-14T11:23:33.656Z] ━━━ 巡检完成: 6 在线, 0 已重启, 1 离线, 0 异常 ━━━

[2026-03-14T11:23:33.656Z] 📢 告警: 以下机器离线: Rog 指挥虾
[2026-03-14T11:23:33.908Z] TG 发送错误: 
[2026-03-14T11:25:28.753Z] ━━━ 开始巡检 (7 台机器) ━━━
[2026-03-14T11:25:33.755Z]   🔴 4090 渲染虾: 无法连接 (timeout)
[2026-03-14T11:25:33.755Z]   🔴 Rog 指挥虾: 无法连接 (timeout)
[2026-03-14T11:25:33.755Z]   🔵 VPS 云端: 本机跳过
[2026-03-14T11:25:33.755Z]   🟢 Mac Mini News: Gateway 运行中
[2026-03-14T11:25:33.755Z]   🟢 MacBook 视频虾: Gateway 运行中
[2026-03-14T11:25:33.755Z]   🔴 P4 带货虾: 无法连接 (timeout)
[2026-03-14T11:25:33.755Z]   🟢 Mac Mini 2: Gateway 运行中
[2026-03-14T11:25:33.755Z] ━━━ 巡检完成: 4 在线, 0 已重启, 3 离线, 0 异常 ━━━

[2026-03-14T11:25:33.755Z] 📢 告警: 以下机器离线: 4090 渲染虾, Rog 指挥虾, P4 带货虾
[2026-03-14T11:25:34.009Z] TG 发送错误: 
[2026-03-14T11:27:28.853Z] ━━━ 开始巡检 (7 台机器) ━━━
[2026-03-14T11:27:33.853Z]   🟢 4090 渲染虾: Gateway 运行中
[2026-03-14T11:27:33.854Z]   🔴 Rog 指挥虾: 无法连接 (timeout)
[2026-03-14T11:27:33.854Z]   🔵 VPS 云端: 本机跳过
[2026-03-14T11:27:33.854Z]   🟢 Mac Mini News: Gateway 运行中
[2026-03-14T11:27:33.854Z]   🟢 MacBook 视频虾: Gateway 运行中
[2026-03-14T11:27:33.854Z]   🟢 P4 带货虾: Gateway 运行中
[2026-03-14T11:27:33.854Z]   🟢 Mac Mini 2: Gateway 运行中
[2026-03-14T11:27:33.854Z] ━━━ 巡检完成: 6 在线, 0 已重启, 1 离线, 0 异常 ━━━

[2026-03-14T11:27:33.854Z] 📢 告警: 以下机器离线: Rog 指挥虾
[2026-03-14T11:27:34.107Z] TG 发送错误: 
[2026-03-14T11:29:28.952Z] ━━━ 开始巡检 (7 台机器) ━━━
[2026-03-14T11:29:33.953Z]   🟢 4090 渲染虾: Gateway 运行中
[2026-03-14T11:29:33.953Z]   🔴 Rog 指挥虾: 无法连接 (timeout)
[2026-03-14T11:29:33.954Z]   🔵 VPS 云端: 本机跳过
[2026-03-14T11:29:33.954Z]   🟢 Mac Mini News: Gateway 运行中
[2026-03-14T11:29:33.954Z]   🟢 MacBook 视频虾: Gateway 运行中
[2026-03-14T11:29:33.954Z]   🟢 P4 带货虾: Gateway 运行中
[2026-03-14T11:29:33.954Z]   🟢 Mac Mini 2: Gateway 运行中
[2026-03-14T11:29:33.954Z] ━━━ 巡检完成: 6 在线, 0 已重启, 1 离线, 0 异常 ━━━

[2026-03-14T11:29:33.954Z] 📢 告警: 以下机器离线: Rog 指挥虾
[2026-03-14T11:29:34.209Z] TG 发送错误: 
[2026-03-14T11:31:29.034Z] ━━━ 开始巡检 (7 台机器) ━━━
[2026-03-14T11:31:34.035Z]   🔴 4090 渲染虾: 无法连接 (timeout)
[2026-03-14T11:31:34.036Z]   🔴 Rog 指挥虾: 无法连接 (timeout)
[2026-03-14T11:31:34.036Z]   🔵 VPS 云端: 本机跳过
[2026-03-14T11:31:34.036Z]   🟢 Mac Mini News: Gateway 运行中
[2026-03-14T11:31:34.036Z]   🟢 MacBook 视频虾: Gateway 运行中
[2026-03-14T11:31:34.036Z]   🟢 P4 带货虾: Gateway 运行中
[2026-03-14T11:31:34.036Z]   🟢 Mac Mini 2: Gateway 运行中
[2026-03-14T11:31:34.036Z] ━━━ 巡检完成: 5 在线, 0 已重启, 2 离线, 0 异常 ━━━

[2026-03-14T11:31:34.036Z] 📢 告警: 以下机器离线: 4090 渲染虾, Rog 指挥虾
[2026-03-14T11:31:34.290Z] TG 发送错误: 
[2026-03-14T11:33:29.135Z] ━━━ 开始巡检 (7 台机器) ━━━
[2026-03-14T11:33:34.137Z]   🔴 4090 渲染虾: 无法连接 (timeout)
[2026-03-14T11:33:34.137Z]   🔴 Rog 指挥虾: 无法连接 (timeout)
[2026-03-14T11:33:34.137Z]   🔵 VPS 云端: 本机跳过
[2026-03-14T11:33:34.137Z]   🟢 Mac Mini News: Gateway 运行中
[2026-03-14T11:33:34.137Z]   🟢 MacBook 视频虾: Gateway 运行中
[2026-03-14T11:33:34.137Z]   🟢 P4 带货虾: Gateway 运行中
[2026-03-14T11:33:34.137Z]   🟢 Mac Mini 2: Gateway 运行中
[2026-03-14T11:33:34.137Z] ━━━ 巡检完成: 5 在线, 0 已重启, 2 离线, 0 异常 ━━━

[2026-03-14T11:33:34.137Z] 📢 告警: 以下机器离线: 4090 渲染虾, Rog 指挥虾
[2026-03-14T11:33:34.392Z] TG 发送错误: 
[2026-03-14T11:35:29.231Z] ━━━ 开始巡检 (7 台机器) ━━━
[2026-03-14T11:35:34.232Z]   🟢 4090 渲染虾: Gateway 运行中
[2026-03-14T11:35:34.232Z]   🔴 Rog 指挥虾: 无法连接 (timeout)
[2026-03-14T11:35:34.232Z]   🔵 VPS 云端: 本机跳过
[2026-03-14T11:35:34.232Z]   🟢 Mac Mini News: Gateway 运行中
[2026-03-14T11:35:34.232Z]   🟢 MacBook 视频虾: Gateway 运行中
[2026-03-14T11:35:34.233Z]   🟢 P4 带货虾: Gateway 运行中
[2026-03-14T11:35:34.233Z]   🟢 Mac Mini 2: Gateway 运行中
[2026-03-14T11:35:34.233Z] ━━━ 巡检完成: 6 在线, 0 已重启, 1 离线, 0 异常 ━━━

[2026-03-14T11:35:34.233Z] 📢 告警: 以下机器离线: Rog 指挥虾
[2026-03-14T11:35:34.486Z] TG 发送错误: 
[2026-03-14T11:37:29.329Z] ━━━ 开始巡检 (7 台机器) ━━━
[2026-03-14T11:37:36.851Z]   🟢 4090 渲染虾: Gateway 运行中
[2026-03-14T11:37:36.851Z]   🔴 Rog 指挥虾: 无法连接 (timeout)
[2026-03-14T11:37:36.851Z]   🔵 VPS 云端: 本机跳过
[2026-03-14T11:37:36.851Z]   🟢 Mac Mini News: Gateway 运行中
[2026-03-14T11:37:36.851Z]   🟢 MacBook 视频虾: Gateway 运行中
[2026-03-14T11:37:36.851Z]   🟢 P4 带货虾: Gateway 运行中
[2026-03-14T11:37:36.851Z]   🟢 Mac Mini 2: Gateway 运行中
[2026-03-14T11:37:36.851Z] ━━━ 巡检完成: 6 在线, 0 已重启, 1 离线, 0 异常 ━━━

[2026-03-14T11:37:36.851Z] 📢 告警: 以下机器离线: Rog 指挥虾
[2026-03-14T11:37:37.104Z] TG 发送错误: 
[2026-03-14T11:39:29.426Z] ━━━ 开始巡检 (7 台机器) ━━━
[2026-03-14T11:39:34.429Z]   🟢 4090 渲染虾: Gateway 运行中
[2026-03-14T11:39:34.429Z]   🔴 Rog 指挥虾: 无法连接 (timeout)
[2026-03-14T11:39:34.429Z]   🔵 VPS 云端: 本机跳过
[2026-03-14T11:39:34.429Z]   🟢 Mac Mini News: Gateway 运行中
[2026-03-14T11:39:34.429Z]   🟢 MacBook 视频虾: Gateway 运行中
[2026-03-14T11:39:34.429Z]   🟢 P4 带货虾: Gateway 运行中
[2026-03-14T11:39:34.429Z]   🟢 Mac Mini 2: Gateway 运行中
[2026-03-14T11:39:34.429Z] ━━━ 巡检完成: 6 在线, 0 已重启, 1 离线, 0 异常 ━━━

[2026-03-14T11:39:34.429Z] 📢 告警: 以下机器离线: Rog 指挥虾
[2026-03-14T11:39:34.683Z] TG 发送错误: 
[2026-03-14T11:41:29.526Z] ━━━ 开始巡检 (7 台机器) ━━━
[2026-03-14T11:41:34.527Z]   🟢 4090 渲染虾: Gateway 运行中
[2026-03-14T11:41:34.527Z]   🔴 Rog 指挥虾: 无法连接 (timeout)
[2026-03-14T11:41:34.529Z]   🔵 VPS 云端: 本机跳过
[2026-03-14T11:41:34.529Z]   🟢 Mac Mini News: Gateway 运行中
[2026-03-14T11:41:34.529Z]   🟢 MacBook 视频虾: Gateway 运行中
[2026-03-14T11:41:34.529Z]   🟢 P4 带货虾: Gateway 运行中
[2026-03-14T11:41:34.529Z]   🟢 Mac Mini 2: Gateway 运行中
[2026-03-14T11:41:34.529Z] ━━━ 巡检完成: 6 在线, 0 已重启, 1 离线, 0 异常 ━━━

[2026-03-14T11:41:34.529Z] 📢 告警: 以下机器离线: Rog 指挥虾
[2026-03-14T11:41:34.783Z] TG 发送错误: 
[2026-03-14T11:43:29.620Z] ━━━ 开始巡检 (7 台机器) ━━━
[2026-03-14T11:43:34.622Z]   🟢 4090 渲染虾: Gateway 运行中
[2026-03-14T11:43:34.622Z]   🔴 Rog 指挥虾: 无法连接 (timeout)
[2026-03-14T11:43:34.622Z]   🔵 VPS 云端: 本机跳过
[2026-03-14T11:43:34.622Z]   🟢 Mac Mini News: Gateway 运行中
[2026-03-14T11:43:34.622Z]   🟢 MacBook 视频虾: Gateway 运行中
[2026-03-14T11:43:34.622Z]   🟢 P4 带货虾: Gateway 运行中
[2026-03-14T11:43:34.622Z]   🟢 Mac Mini 2: Gateway 运行中
[2026-03-14T11:43:34.622Z] ━━━ 巡检完成: 6 在线, 0 已重启, 1 离线, 0 异常 ━━━

[2026-03-14T11:43:34.622Z] 📢 告警: 以下机器离线: Rog 指挥虾
[2026-03-14T11:43:34.877Z] TG 发送错误: 
[2026-03-14T11:45:29.719Z] ━━━ 开始巡检 (7 台机器) ━━━
[2026-03-14T11:45:34.720Z]   🟢 4090 渲染虾: Gateway 运行中
[2026-03-14T11:45:34.720Z]   🔴 Rog 指挥虾: 无法连接 (timeout)
[2026-03-14T11:45:34.720Z]   🔵 VPS 云端: 本机跳过
[2026-03-14T11:45:34.720Z]   🟢 Mac Mini News: Gateway 运行中
[2026-03-14T11:45:34.720Z]   🟢 MacBook 视频虾: Gateway 运行中
[2026-03-14T11:45:34.720Z]   🟢 P4 带货虾: Gateway 运行中
[2026-03-14T11:45:34.720Z]   🟢 Mac Mini 2: Gateway 运行中
[2026-03-14T11:45:34.720Z] ━━━ 巡检完成: 6 在线, 0 已重启, 1 离线, 0 异常 ━━━

[2026-03-14T11:45:34.720Z] 📢 告警: 以下机器离线: Rog 指挥虾
[2026-03-14T11:45:34.760Z] TG 发送错误: read ECONNRESET
[2026-03-14T11:47:29.817Z] ━━━ 开始巡检 (7 台机器) ━━━
[2026-03-14T11:47:34.818Z]   🟢 4090 渲染虾: Gateway 运行中
[2026-03-14T11:47:34.818Z]   🔴 Rog 指挥虾: 无法连接 (timeout)
[2026-03-14T11:47:34.818Z]   🔵 VPS 云端: 本机跳过
[2026-03-14T11:47:34.818Z]   🟢 Mac Mini News: Gateway 运行中
[2026-03-14T11:47:34.819Z]   🟢 MacBook 视频虾: Gateway 运行中
[2026-03-14T11:47:34.819Z]   🟢 P4 带货虾: Gateway 运行中
[2026-03-14T11:47:34.819Z]   🟢 Mac Mini 2: Gateway 运行中
[2026-03-14T11:47:34.819Z] ━━━ 巡检完成: 6 在线, 0 已重启, 1 离线, 0 异常 ━━━

[2026-03-14T11:47:34.819Z] 📢 告警: 以下机器离线: Rog 指挥虾
[2026-03-14T11:47:35.071Z] TG 发送错误: 
[2026-03-14T11:49:29.913Z] ━━━ 开始巡检 (7 台机器) ━━━
[2026-03-14T11:49:34.915Z]   🟢 4090 渲染虾: Gateway 运行中
[2026-03-14T11:49:34.915Z]   🔴 Rog 指挥虾: 无法连接 (timeout)
[2026-03-14T11:49:34.915Z]   🔵 VPS 云端: 本机跳过
[2026-03-14T11:49:34.915Z]   🟢 Mac Mini News: Gateway 运行中
[2026-03-14T11:49:34.915Z]   🟢 MacBook 视频虾: Gateway 运行中
[2026-03-14T11:49:34.915Z]   🟢 P4 带货虾: Gateway 运行中
[2026-03-14T11:49:34.915Z]   🟢 Mac Mini 2: Gateway 运行中
[2026-03-14T11:49:34.915Z] ━━━ 巡检完成: 6 在线, 0 已重启, 1 离线, 0 异常 ━━━

[2026-03-14T11:49:34.915Z] 📢 告警: 以下机器离线: Rog 指挥虾
[2026-03-14T11:49:35.168Z] TG 发送错误: 
[2026-03-14T11:51:30.008Z] ━━━ 开始巡检 (7 台机器) ━━━
[2026-03-14T11:51:35.010Z]   🟢 4090 渲染虾: Gateway 运行中
[2026-03-14T11:51:35.010Z]   🔴 Rog 指挥虾: 无法连接 (timeout)
[2026-03-14T11:51:35.010Z]   🔵 VPS 云端: 本机跳过
[2026-03-14T11:51:35.010Z]   🟢 Mac Mini News: Gateway 运行中
[2026-03-14T11:51:35.010Z]   🟢 MacBook 视频虾: Gateway 运行中
[2026-03-14T11:51:35.010Z]   🟢 P4 带货虾: Gateway 运行中
[2026-03-14T11:51:35.011Z]   🟢 Mac Mini 2: Gateway 运行中
[2026-03-14T11:51:35.011Z] ━━━ 巡检完成: 6 在线, 0 已重启, 1 离线, 0 异常 ━━━

[2026-03-14T11:51:35.011Z] 📢 告警: 以下机器离线: Rog 指挥虾
[2026-03-14T11:51:35.030Z] TG 发送错误: 
[2026-03-14T11:53:30.108Z] ━━━ 开始巡检 (7 台机器) ━━━
[2026-03-14T11:53:35.644Z]   🟢 4090 渲染虾: Gateway 运行中
[2026-03-14T11:53:35.645Z]   🔴 Rog 指挥虾: 无法连接 (timeout)
[2026-03-14T11:53:35.645Z]   🔵 VPS 云端: 本机跳过
[2026-03-14T11:53:35.645Z]   🟢 Mac Mini News: Gateway 运行中
[2026-03-14T11:53:35.645Z]   🟢 MacBook 视频虾: Gateway 运行中
[2026-03-14T11:53:35.645Z]   🟢 P4 带货虾: Gateway 运行中
[2026-03-14T11:53:35.645Z]   🟢 Mac Mini 2: Gateway 运行中
[2026-03-14T11:53:35.645Z] ━━━ 巡检完成: 6 在线, 0 已重启, 1 离线, 0 异常 ━━━

[2026-03-14T11:53:35.645Z] 📢 告警: 以下机器离线: Rog 指挥虾
[2026-03-14T11:53:35.664Z] TG 发送错误: 
[2026-03-14T11:55:30.207Z] ━━━ 开始巡检 (7 台机器) ━━━
[2026-03-14T11:55:35.208Z]   🟢 4090 渲染虾: Gateway 运行中
[2026-03-14T11:55:35.208Z]   🔴 Rog 指挥虾: 无法连接 (timeout)
[2026-03-14T11:55:35.210Z]   🔵 VPS 云端: 本机跳过
[2026-03-14T11:55:35.210Z]   🟢 Mac Mini News: Gateway 运行中
[2026-03-14T11:55:35.210Z]   🟢 MacBook 视频虾: Gateway 运行中
[2026-03-14T11:55:35.210Z]   🟢 P4 带货虾: Gateway 运行中
[2026-03-14T11:55:35.210Z]   🟢 Mac Mini 2: Gateway 运行中
[2026-03-14T11:55:35.210Z] ━━━ 巡检完成: 6 在线, 0 已重启, 1 离线, 0 异常 ━━━

[2026-03-14T11:55:35.210Z] 📢 告警: 以下机器离线: Rog 指挥虾
[2026-03-14T11:55:35.465Z] TG 发送错误: 
[2026-03-14T11:57:30.305Z] ━━━ 开始巡检 (7 台机器) ━━━
[2026-03-14T11:57:35.388Z]   🟢 4090 渲染虾: Gateway 运行中
[2026-03-14T11:57:35.389Z]   🔴 Rog 指挥虾: 无法连接 (timeout)
[2026-03-14T11:57:35.389Z]   🔵 VPS 云端: 本机跳过
[2026-03-14T11:57:35.389Z]   🟢 Mac Mini News: Gateway 运行中
[2026-03-14T11:57:35.389Z]   🟢 MacBook 视频虾: Gateway 运行中
[2026-03-14T11:57:35.389Z]   🟢 P4 带货虾: Gateway 运行中
[2026-03-14T11:57:35.389Z]   🟢 Mac Mini 2: Gateway 运行中
[2026-03-14T11:57:35.389Z] ━━━ 巡检完成: 6 在线, 0 已重启, 1 离线, 0 异常 ━━━

[2026-03-14T11:57:35.389Z] 📢 告警: 以下机器离线: Rog 指挥虾
[2026-03-14T11:57:35.644Z] TG 发送错误: 
[2026-03-14T11:59:30.396Z] ━━━ 开始巡检 (7 台机器) ━━━
[2026-03-14T11:59:35.397Z]   🟢 4090 渲染虾: Gateway 运行中
[2026-03-14T11:59:35.397Z]   🟢 Rog 指挥虾: Gateway 运行中
[2026-03-14T11:59:35.397Z]   🔵 VPS 云端: 本机跳过
[2026-03-14T11:59:35.398Z]   🟢 Mac Mini News: Gateway 运行中
[2026-03-14T11:59:35.398Z]   🟢 MacBook 视频虾: Gateway 运行中
[2026-03-14T11:59:35.398Z]   🔴 P4 带货虾: 无法连接 (timeout)
[2026-03-14T11:59:35.398Z]   🟢 Mac Mini 2: Gateway 运行中
[2026-03-14T11:59:35.398Z] ━━━ 巡检完成: 6 在线, 0 已重启, 1 离线, 0 异常 ━━━

[2026-03-14T11:59:35.398Z] 📢 告警: 以下机器离线: P4 带货虾
[2026-03-14T11:59:35.652Z] TG 发送错误: 
[2026-03-14T12:01:30.495Z] ━━━ 开始巡检 (7 台机器) ━━━
[2026-03-14T12:01:34.804Z]   🟢 4090 渲染虾: Gateway 运行中
[2026-03-14T12:01:34.804Z]   🟢 Rog 指挥虾: Gateway 运行中
[2026-03-14T12:01:34.804Z]   🔵 VPS 云端: 本机跳过
[2026-03-14T12:01:34.804Z]   🟢 Mac Mini News: Gateway 运行中
[2026-03-14T12:01:34.804Z]   🟢 MacBook 视频虾: Gateway 运行中
[2026-03-14T12:01:34.804Z]   🟢 P4 带货虾: Gateway 运行中
[2026-03-14T12:01:34.804Z]   🟢 Mac Mini 2: Gateway 运行中
[2026-03-14T12:01:34.804Z] ━━━ 巡检完成: 7 在线, 0 已重启, 0 离线, 0 异常 ━━━

[2026-03-14T12:03:30.592Z] ━━━ 开始巡检 (7 台机器) ━━━
[2026-03-14T12:03:35.594Z]   🔴 4090 渲染虾: 无法连接 (timeout)
[2026-03-14T12:03:35.594Z]   🔴 Rog 指挥虾: 无法连接 (timeout)
[2026-03-14T12:03:35.594Z]   🔵 VPS 云端: 本机跳过
[2026-03-14T12:03:35.595Z]   🟢 Mac Mini News: Gateway 运行中
[2026-03-14T12:03:35.595Z]   🟢 MacBook 视频虾: Gateway 运行中
[2026-03-14T12:03:35.595Z]   🔴 P4 带货虾: 无法连接 (timeout)
[2026-03-14T12:03:35.595Z]   🟢 Mac Mini 2: Gateway 运行中
[2026-03-14T12:03:35.595Z] ━━━ 巡检完成: 4 在线, 0 已重启, 3 离线, 0 异常 ━━━

[2026-03-14T12:03:35.595Z] 📢 告警: 以下机器离线: 4090 渲染虾, Rog 指挥虾, P4 带货虾
[2026-03-14T12:03:35.848Z] TG 发送错误: 
[2026-03-14T12:05:30.688Z] ━━━ 开始巡检 (7 台机器) ━━━
[2026-03-14T12:05:35.690Z]   🔴 4090 渲染虾: 无法连接 (timeout)
[2026-03-14T12:05:35.690Z]   🔴 Rog 指挥虾: 无法连接 (timeout)
[2026-03-14T12:05:35.690Z]   🔵 VPS 云端: 本机跳过
[2026-03-14T12:05:35.690Z]   🟢 Mac Mini News: Gateway 运行中
[2026-03-14T12:05:35.690Z]   🟢 MacBook 视频虾: Gateway 运行中
[2026-03-14T12:05:35.690Z]   🔴 P4 带货虾: 无法连接 (timeout)
[2026-03-14T12:05:35.690Z]   🟢 Mac Mini 2: Gateway 运行中
[2026-03-14T12:05:35.690Z] ━━━ 巡检完成: 4 在线, 0 已重启, 3 离线, 0 异常 ━━━

[2026-03-14T12:05:35.691Z] 📢 告警: 以下机器离线: 4090 渲染虾, Rog 指挥虾, P4 带货虾
[2026-03-14T12:05:35.945Z] TG 发送错误: 
[2026-03-14T12:07:30.780Z] ━━━ 开始巡检 (7 台机器) ━━━
[2026-03-14T12:07:32.169Z] ⚠️  Rog 指挥虾 (rog) Gateway 未运行，正在远程重启...
[2026-03-14T12:07:47.180Z] ❌ Rog 指挥虾 (rog) 重启命令发送失败: timeout
[2026-03-14T12:07:47.180Z]   🟢 4090 渲染虾: Gateway 运行中
[2026-03-14T12:07:47.180Z]   ⚪ Rog 指挥虾: timeout
[2026-03-14T12:07:47.180Z]   🔵 VPS 云端: 本机跳过
[2026-03-14T12:07:47.180Z]   🟢 Mac Mini News: Gateway 运行中
[2026-03-14T12:07:47.180Z]   🟢 MacBook 视频虾: Gateway 运行中
[2026-03-14T12:07:47.180Z]   🟢 P4 带货虾: Gateway 运行中
[2026-03-14T12:07:47.181Z]   🟢 Mac Mini 2: Gateway 运行中
[2026-03-14T12:07:47.181Z] ━━━ 巡检完成: 6 在线, 0 已重启, 0 离线, 1 异常 ━━━

[2026-03-14T12:09:30.878Z] ━━━ 开始巡检 (7 台机器) ━━━
[2026-03-14T12:09:32.136Z]   🟢 4090 渲染虾: Gateway 运行中
[2026-03-14T12:09:32.136Z]   🟢 Rog 指挥虾: Gateway 运行中
[2026-03-14T12:09:32.136Z]   🔵 VPS 云端: 本机跳过
[2026-03-14T12:09:32.137Z]   🟢 Mac Mini News: Gateway 运行中
[2026-03-14T12:09:32.137Z]   🟢 MacBook 视频虾: Gateway 运行中
[2026-03-14T12:09:32.137Z]   🟢 P4 带货虾: Gateway 运行中
[2026-03-14T12:09:32.137Z]   🟢 Mac Mini 2: Gateway 运行中
[2026-03-14T12:09:32.137Z] ━━━ 巡检完成: 7 在线, 0 已重启, 0 离线, 0 异常 ━━━

[2026-03-14T12:11:30.971Z] ━━━ 开始巡检 (7 台机器) ━━━
[2026-03-14T12:11:31.582Z]   🟢 4090 渲染虾: Gateway 运行中
[2026-03-14T12:11:31.582Z]   🟢 Rog 指挥虾: Gateway 运行中
[2026-03-14T12:11:31.582Z]   🔵 VPS 云端: 本机跳过
[2026-03-14T12:11:31.582Z]   🟢 Mac Mini News: Gateway 运行中
[2026-03-14T12:11:31.582Z]   🟢 MacBook 视频虾: Gateway 运行中
[2026-03-14T12:11:31.582Z]   🟢 P4 带货虾: Gateway 运行中
[2026-03-14T12:11:31.582Z]   🟢 Mac Mini 2: Gateway 运行中
[2026-03-14T12:11:31.582Z] ━━━ 巡检完成: 7 在线, 0 已重启, 0 离线, 0 异常 ━━━

[2026-03-14T12:13:31.058Z] ━━━ 开始巡检 (7 台机器) ━━━
[2026-03-14T12:13:35.490Z]   🟢 4090 渲染虾: Gateway 运行中
[2026-03-14T12:13:35.490Z]   🟢 Rog 指挥虾: Gateway 运行中
[2026-03-14T12:13:35.490Z]   🔵 VPS 云端: 本机跳过
[2026-03-14T12:13:35.490Z]   🟢 Mac Mini News: Gateway 运行中
[2026-03-14T12:13:35.490Z]   🟢 MacBook 视频虾: Gateway 运行中
[2026-03-14T12:13:35.490Z]   🟢 P4 带货虾: Gateway 运行中
[2026-03-14T12:13:35.490Z]   🟢 Mac Mini 2: Gateway 运行中
[2026-03-14T12:13:35.490Z] ━━━ 巡检完成: 7 在线, 0 已重启, 0 离线, 0 异常 ━━━

[2026-03-14T12:15:31.153Z] ━━━ 开始巡检 (7 台机器) ━━━
[2026-03-14T12:15:34.442Z]   🟢 4090 渲染虾: Gateway 运行中
[2026-03-14T12:15:34.443Z]   🟢 Rog 指挥虾: Gateway 运行中
[2026-03-14T12:15:34.443Z]   🔵 VPS 云端: 本机跳过
[2026-03-14T12:15:34.443Z]   🟢 Mac Mini News: Gateway 运行中
[2026-03-14T12:15:34.443Z]   🟢 MacBook 视频虾: Gateway 运行中
[2026-03-14T12:15:34.443Z]   🟢 P4 带货虾: Gateway 运行中
[2026-03-14T12:15:34.443Z]   🟢 Mac Mini 2: Gateway 运行中
[2026-03-14T12:15:34.443Z] ━━━ 巡检完成: 7 在线, 0 已重启, 0 离线, 0 异常 ━━━

[2026-03-14T12:17:31.253Z] ━━━ 开始巡检 (7 台机器) ━━━
[2026-03-14T12:17:36.254Z]   🟢 4090 渲染虾: Gateway 运行中
[2026-03-14T12:17:36.254Z]   🟢 Rog 指挥虾: Gateway 运行中
[2026-03-14T12:17:36.255Z]   🔵 VPS 云端: 本机跳过
[2026-03-14T12:17:36.255Z]   🟢 Mac Mini News: Gateway 运行中
[2026-03-14T12:17:36.255Z]   🟢 MacBook 视频虾: Gateway 运行中
[2026-03-14T12:17:36.255Z]   🔴 P4 带货虾: 无法连接 (timeout)
[2026-03-14T12:17:36.255Z]   🟢 Mac Mini 2: Gateway 运行中
[2026-03-14T12:17:36.255Z] ━━━ 巡检完成: 6 在线, 0 已重启, 1 离线, 0 异常 ━━━

[2026-03-14T12:17:36.255Z] 📢 告警: 以下机器离线: P4 带货虾
[2026-03-14T12:17:36.510Z] TG 发送错误: 
[2026-03-14T12:19:31.351Z] ━━━ 开始巡检 (7 台机器) ━━━
[2026-03-14T12:19:36.352Z]   🟢 4090 渲染虾: Gateway 运行中
[2026-03-14T12:19:36.352Z]   🔴 Rog 指挥虾: 无法连接 (timeout)
[2026-03-14T12:19:36.352Z]   🔵 VPS 云端: 本机跳过
[2026-03-14T12:19:36.352Z]   🟢 Mac Mini News: Gateway 运行中
[2026-03-14T12:19:36.352Z]   🟢 MacBook 视频虾: Gateway 运行中
[2026-03-14T12:19:36.352Z]   🟢 P4 带货虾: Gateway 运行中
[2026-03-14T12:19:36.352Z]   🟢 Mac Mini 2: Gateway 运行中
[2026-03-14T12:19:36.352Z] ━━━ 巡检完成: 6 在线, 0 已重启, 1 离线, 0 异常 ━━━

[2026-03-14T12:19:36.352Z] 📢 告警: 以下机器离线: Rog 指挥虾
[2026-03-14T12:19:36.606Z] TG 发送错误: 
[2026-03-14T12:21:31.451Z] ━━━ 开始巡检 (7 台机器) ━━━
[2026-03-14T12:21:36.452Z]   🟢 4090 渲染虾: Gateway 运行中
[2026-03-14T12:21:36.452Z]   🟢 Rog 指挥虾: Gateway 运行中
[2026-03-14T12:21:36.453Z]   🔵 VPS 云端: 本机跳过
[2026-03-14T12:21:36.453Z]   🟢 Mac Mini News: Gateway 运行中
[2026-03-14T12:21:36.453Z]   🟢 MacBook 视频虾: Gateway 运行中
[2026-03-14T12:21:36.453Z]   🔴 P4 带货虾: 无法连接 (timeout)
[2026-03-14T12:21:36.453Z]   🟢 Mac Mini 2: Gateway 运行中
[2026-03-14T12:21:36.453Z] ━━━ 巡检完成: 6 在线, 0 已重启, 1 离线, 0 异常 ━━━

[2026-03-14T12:21:36.453Z] 📢 告警: 以下机器离线: P4 带货虾
[2026-03-14T12:21:36.707Z] TG 发送错误: 
[2026-03-14T12:23:31.547Z] ━━━ 开始巡检 (7 台机器) ━━━
[2026-03-14T12:23:32.025Z] ⚠️  Rog 指挥虾 (rog) Gateway 未运行，正在远程重启...
[2026-03-14T12:23:47.030Z] ❌ Rog 指挥虾 (rog) 重启命令发送失败: timeout
[2026-03-14T12:23:47.030Z]   🟢 4090 渲染虾: Gateway 运行中
[2026-03-14T12:23:47.030Z]   ⚪ Rog 指挥虾: timeout
[2026-03-14T12:23:47.030Z]   🔵 VPS 云端: 本机跳过
[2026-03-14T12:23:47.030Z]   🟢 Mac Mini News: Gateway 运行中
[2026-03-14T12:23:47.030Z]   🟢 MacBook 视频虾: Gateway 运行中
[2026-03-14T12:23:47.030Z]   🟢 P4 带货虾: Gateway 运行中
[2026-03-14T12:23:47.030Z]   🟢 Mac Mini 2: Gateway 运行中
[2026-03-14T12:23:47.030Z] ━━━ 巡检完成: 6 在线, 0 已重启, 0 离线, 1 异常 ━━━

[2026-03-14T12:25:31.644Z] ━━━ 开始巡检 (7 台机器) ━━━
[2026-03-14T12:25:33.302Z]   🟢 4090 渲染虾: Gateway 运行中
[2026-03-14T12:25:33.302Z]   🟢 Rog 指挥虾: Gateway 运行中
[2026-03-14T12:25:33.302Z]   🔵 VPS 云端: 本机跳过
[2026-03-14T12:25:33.302Z]   🟢 Mac Mini News: Gateway 运行中
[2026-03-14T12:25:33.302Z]   🟢 MacBook 视频虾: Gateway 运行中
[2026-03-14T12:25:33.302Z]   🟢 P4 带货虾: Gateway 运行中
[2026-03-14T12:25:33.302Z]   🟢 Mac Mini 2: Gateway 运行中
[2026-03-14T12:25:33.302Z] ━━━ 巡检完成: 7 在线, 0 已重启, 0 离线, 0 异常 ━━━

[2026-03-14T12:27:31.741Z] ━━━ 开始巡检 (7 台机器) ━━━
[2026-03-14T12:27:34.192Z]   🟢 4090 渲染虾: Gateway 运行中
[2026-03-14T12:27:34.192Z]   🟢 Rog 指挥虾: Gateway 运行中
[2026-03-14T12:27:34.192Z]   🔵 VPS 云端: 本机跳过
[2026-03-14T12:27:34.192Z]   🟢 Mac Mini News: Gateway 运行中
[2026-03-14T12:27:34.192Z]   🟢 MacBook 视频虾: Gateway 运行中
[2026-03-14T12:27:34.192Z]   🟢 P4 带货虾: Gateway 运行中
[2026-03-14T12:27:34.192Z]   🟢 Mac Mini 2: Gateway 运行中
[2026-03-14T12:27:34.192Z] ━━━ 巡检完成: 7 在线, 0 已重启, 0 离线, 0 异常 ━━━

[2026-03-14T12:29:31.836Z] ━━━ 开始巡检 (7 台机器) ━━━
[2026-03-14T12:29:36.837Z]   🟢 4090 渲染虾: Gateway 运行中
[2026-03-14T12:29:36.837Z]   🟢 Rog 指挥虾: Gateway 运行中
[2026-03-14T12:29:36.837Z]   🔵 VPS 云端: 本机跳过
[2026-03-14T12:29:36.837Z]   🟢 Mac Mini News: Gateway 运行中
[2026-03-14T12:29:36.837Z]   🟢 MacBook 视频虾: Gateway 运行中
[2026-03-14T12:29:36.837Z]   🔴 P4 带货虾: 无法连接 (timeout)
[2026-03-14T12:29:36.838Z]   🟢 Mac Mini 2: Gateway 运行中
[2026-03-14T12:29:36.838Z] ━━━ 巡检完成: 6 在线, 0 已重启, 1 离线, 0 异常 ━━━

[2026-03-14T12:29:36.838Z] 📢 告警: 以下机器离线: P4 带货虾
[2026-03-14T12:29:37.096Z] TG 发送错误: read ECONNRESET
[2026-03-14T12:31:31.929Z] ━━━ 开始巡检 (7 台机器) ━━━
[2026-03-14T12:31:35.138Z]   🟢 4090 渲染虾: Gateway 运行中
[2026-03-14T12:31:35.138Z]   🟢 Rog 指挥虾: Gateway 运行中
[2026-03-14T12:31:35.139Z]   🔵 VPS 云端: 本机跳过
[2026-03-14T12:31:35.139Z]   🟢 Mac Mini News: Gateway 运行中
[2026-03-14T12:31:35.139Z]   🟢 MacBook 视频虾: Gateway 运行中
[2026-03-14T12:31:35.139Z]   🟢 P4 带货虾: Gateway 运行中
[2026-03-14T12:31:35.139Z]   🟢 Mac Mini 2: Gateway 运行中
[2026-03-14T12:31:35.139Z] ━━━ 巡检完成: 7 在线, 0 已重启, 0 离线, 0 异常 ━━━

[2026-03-14T12:33:32.002Z] ━━━ 开始巡检 (7 台机器) ━━━
[2026-03-14T12:33:34.898Z]   🟢 4090 渲染虾: Gateway 运行中
[2026-03-14T12:33:34.898Z]   🟢 Rog 指挥虾: Gateway 运行中
[2026-03-14T12:33:34.898Z]   🔵 VPS 云端: 本机跳过
[2026-03-14T12:33:34.898Z]   🟢 Mac Mini News: Gateway 运行中
[2026-03-14T12:33:34.898Z]   🟢 MacBook 视频虾: Gateway 运行中
[2026-03-14T12:33:34.898Z]   🟢 P4 带货虾: Gateway 运行中
[2026-03-14T12:33:34.898Z]   🟢 Mac Mini 2: Gateway 运行中
[2026-03-14T12:33:34.898Z] ━━━ 巡检完成: 7 在线, 0 已重启, 0 离线, 0 异常 ━━━

[2026-03-14T12:35:32.090Z] ━━━ 开始巡检 (7 台机器) ━━━
[2026-03-14T12:35:37.092Z]   🔴 4090 渲染虾: 无法连接 (timeout)
[2026-03-14T12:35:37.092Z]   🟢 Rog 指挥虾: Gateway 运行中
[2026-03-14T12:35:37.092Z]   🔵 VPS 云端: 本机跳过
[2026-03-14T12:35:37.092Z]   🟢 Mac Mini News: Gateway 运行中
[2026-03-14T12:35:37.092Z]   🟢 MacBook 视频虾: Gateway 运行中
[2026-03-14T12:35:37.092Z]   🔴 P4 带货虾: 无法连接 (timeout)
[2026-03-14T12:35:37.092Z]   🟢 Mac Mini 2: Gateway 运行中
[2026-03-14T12:35:37.092Z] ━━━ 巡检完成: 5 在线, 0 已重启, 2 离线, 0 异常 ━━━

[2026-03-14T12:35:37.092Z] 📢 告警: 以下机器离线: 4090 渲染虾, P4 带货虾
[2026-03-14T12:35:37.363Z] TG 发送错误: 
[2026-03-14T12:37:32.158Z] ━━━ 开始巡检 (7 台机器) ━━━
[2026-03-14T12:37:39.415Z]   🟢 4090 渲染虾: Gateway 运行中
[2026-03-14T12:37:39.416Z]   🔴 Rog 指挥虾: 无法连接 (timeout)
[2026-03-14T12:37:39.416Z]   🔵 VPS 云端: 本机跳过
[2026-03-14T12:37:39.416Z]   🟢 Mac Mini News: Gateway 运行中
[2026-03-14T12:37:39.416Z]   🟢 MacBook 视频虾: Gateway 运行中
[2026-03-14T12:37:39.416Z]   🟢 P4 带货虾: Gateway 运行中
[2026-03-14T12:37:39.416Z]   🟢 Mac Mini 2: Gateway 运行中
[2026-03-14T12:37:39.416Z] ━━━ 巡检完成: 6 在线, 0 已重启, 1 离线, 0 异常 ━━━

[2026-03-14T12:37:39.416Z] 📢 告警: 以下机器离线: Rog 指挥虾
[2026-03-14T12:37:39.668Z] TG 发送错误: 
[2026-03-14T12:39:32.257Z] ━━━ 开始巡检 (7 台机器) ━━━
[2026-03-14T12:39:37.258Z]   🟢 4090 渲染虾: Gateway 运行中
[2026-03-14T12:39:37.258Z]   🟢 Rog 指挥虾: Gateway 运行中
[2026-03-14T12:39:37.258Z]   🔵 VPS 云端: 本机跳过
[2026-03-14T12:39:37.259Z]   🟢 Mac Mini News: Gateway 运行中
[2026-03-14T12:39:37.259Z]   🟢 MacBook 视频虾: Gateway 运行中
[2026-03-14T12:39:37.259Z]   🔴 P4 带货虾: 无法连接 (timeout)
[2026-03-14T12:39:37.259Z]   🟢 Mac Mini 2: Gateway 运行中
[2026-03-14T12:39:37.259Z] ━━━ 巡检完成: 6 在线, 0 已重启, 1 离线, 0 异常 ━━━

[2026-03-14T12:39:37.259Z] 📢 告警: 以下机器离线: P4 带货虾
[2026-03-14T12:39:37.512Z] TG 发送错误: 
[2026-03-14T12:41:32.349Z] ━━━ 开始巡检 (7 台机器) ━━━
[2026-03-14T12:41:34.932Z]   🟢 4090 渲染虾: Gateway 运行中
[2026-03-14T12:41:34.932Z]   🟢 Rog 指挥虾: Gateway 运行中
[2026-03-14T12:41:34.932Z]   🔵 VPS 云端: 本机跳过
[2026-03-14T12:41:34.932Z]   🟢 Mac Mini News: Gateway 运行中
[2026-03-14T12:41:34.932Z]   🟢 MacBook 视频虾: Gateway 运行中
[2026-03-14T12:41:34.932Z]   🟢 P4 带货虾: Gateway 运行中
[2026-03-14T12:41:34.933Z]   🟢 Mac Mini 2: Gateway 运行中
[2026-03-14T12:41:34.933Z] ━━━ 巡检完成: 7 在线, 0 已重启, 0 离线, 0 异常 ━━━

[2026-03-14T12:43:32.447Z] ━━━ 开始巡检 (7 台机器) ━━━
[2026-03-14T12:43:33.738Z]   🟢 4090 渲染虾: Gateway 运行中
[2026-03-14T12:43:33.738Z]   🟢 Rog 指挥虾: Gateway 运行中
[2026-03-14T12:43:33.738Z]   🔵 VPS 云端: 本机跳过
[2026-03-14T12:43:33.738Z]   🟢 Mac Mini News: Gateway 运行中
[2026-03-14T12:43:33.738Z]   🟢 MacBook 视频虾: Gateway 运行中
[2026-03-14T12:43:33.738Z]   🟢 P4 带货虾: Gateway 运行中
[2026-03-14T12:43:33.738Z]   🟢 Mac Mini 2: Gateway 运行中
[2026-03-14T12:43:33.738Z] ━━━ 巡检完成: 7 在线, 0 已重启, 0 离线, 0 异常 ━━━

[2026-03-14T12:45:32.546Z] ━━━ 开始巡检 (7 台机器) ━━━
[2026-03-14T12:45:37.546Z]   🟢 4090 渲染虾: Gateway 运行中
[2026-03-14T12:45:37.547Z]   🟢 Rog 指挥虾: Gateway 运行中
[2026-03-14T12:45:37.547Z]   🔵 VPS 云端: 本机跳过
[2026-03-14T12:45:37.547Z]   🟢 Mac Mini News: Gateway 运行中
[2026-03-14T12:45:37.547Z]   🟢 MacBook 视频虾: Gateway 运行中
[2026-03-14T12:45:37.547Z]   🔴 P4 带货虾: 无法连接 (timeout)
[2026-03-14T12:45:37.547Z]   🟢 Mac Mini 2: Gateway 运行中
[2026-03-14T12:45:37.547Z] ━━━ 巡检完成: 6 在线, 0 已重启, 1 离线, 0 异常 ━━━

[2026-03-14T12:45:37.547Z] 📢 告警: 以下机器离线: P4 带货虾
[2026-03-14T12:45:37.801Z] TG 发送错误: 
[2026-03-14T12:47:32.635Z] ━━━ 开始巡检 (7 台机器) ━━━
[2026-03-14T12:47:34.172Z]   🟢 4090 渲染虾: Gateway 运行中
[2026-03-14T12:47:34.173Z]   🟢 Rog 指挥虾: Gateway 运行中
[2026-03-14T12:47:34.173Z]   🔵 VPS 云端: 本机跳过
[2026-03-14T12:47:34.173Z]   🟢 Mac Mini News: Gateway 运行中
[2026-03-14T12:47:34.173Z]   🟢 MacBook 视频虾: Gateway 运行中
[2026-03-14T12:47:34.173Z]   🟢 P4 带货虾: Gateway 运行中
[2026-03-14T12:47:34.173Z]   🟢 Mac Mini 2: Gateway 运行中
[2026-03-14T12:47:34.173Z] ━━━ 巡检完成: 7 在线, 0 已重启, 0 离线, 0 异常 ━━━

[2026-03-14T12:49:32.729Z] ━━━ 开始巡检 (7 台机器) ━━━
[2026-03-14T12:49:35.518Z]   🟢 4090 渲染虾: Gateway 运行中
[2026-03-14T12:49:35.518Z]   🟢 Rog 指挥虾: Gateway 运行中
[2026-03-14T12:49:35.518Z]   🔵 VPS 云端: 本机跳过
[2026-03-14T12:49:35.518Z]   🟢 Mac Mini News: Gateway 运行中
[2026-03-14T12:49:35.518Z]   🟢 MacBook 视频虾: Gateway 运行中
[2026-03-14T12:49:35.518Z]   🟢 P4 带货虾: Gateway 运行中
[2026-03-14T12:49:35.518Z]   🟢 Mac Mini 2: Gateway 运行中
[2026-03-14T12:49:35.518Z] ━━━ 巡检完成: 7 在线, 0 已重启, 0 离线, 0 异常 ━━━

[2026-03-14T12:51:32.823Z] ━━━ 开始巡检 (7 台机器) ━━━
[2026-03-14T12:51:37.954Z]   🟢 4090 渲染虾: Gateway 运行中
[2026-03-14T12:51:37.954Z]   🟢 Rog 指挥虾: Gateway 运行中
[2026-03-14T12:51:37.954Z]   🔵 VPS 云端: 本机跳过
[2026-03-14T12:51:37.954Z]   🟢 Mac Mini News: Gateway 运行中
[2026-03-14T12:51:37.954Z]   🟢 MacBook 视频虾: Gateway 运行中
[2026-03-14T12:51:37.955Z]   🟢 P4 带货虾: Gateway 运行中
[2026-03-14T12:51:37.955Z]   🟢 Mac Mini 2: Gateway 运行中
[2026-03-14T12:51:37.955Z] ━━━ 巡检完成: 7 在线, 0 已重启, 0 离线, 0 异常 ━━━

[2026-03-14T12:53:32.899Z] ━━━ 开始巡检 (7 台机器) ━━━
[2026-03-14T12:53:37.371Z]   🟢 4090 渲染虾: Gateway 运行中
[2026-03-14T12:53:37.372Z]   🟢 Rog 指挥虾: Gateway 运行中
[2026-03-14T12:53:37.372Z]   🔵 VPS 云端: 本机跳过
[2026-03-14T12:53:37.372Z]   🟢 Mac Mini News: Gateway 运行中
[2026-03-14T12:53:37.372Z]   🟢 MacBook 视频虾: Gateway 运行中
[2026-03-14T12:53:37.372Z]   🟢 P4 带货虾: Gateway 运行中
[2026-03-14T12:53:37.372Z]   🟢 Mac Mini 2: Gateway 运行中
[2026-03-14T12:53:37.372Z] ━━━ 巡检完成: 7 在线, 0 已重启, 0 离线, 0 异常 ━━━

[2026-03-14T12:55:32.997Z] ━━━ 开始巡检 (7 台机器) ━━━
[2026-03-14T12:55:35.937Z]   🟢 4090 渲染虾: Gateway 运行中
[2026-03-14T12:55:35.937Z]   🟢 Rog 指挥虾: Gateway 运行中
[2026-03-14T12:55:35.937Z]   🔵 VPS 云端: 本机跳过
[2026-03-14T12:55:35.937Z]   🟢 Mac Mini News: Gateway 运行中
[2026-03-14T12:55:35.937Z]   🟢 MacBook 视频虾: Gateway 运行中
[2026-03-14T12:55:35.937Z]   🟢 P4 带货虾: Gateway 运行中
[2026-03-14T12:55:35.937Z]   🟢 Mac Mini 2: Gateway 运行中
[2026-03-14T12:55:35.937Z] ━━━ 巡检完成: 7 在线, 0 已重启, 0 离线, 0 异常 ━━━

[2026-03-14T12:57:33.092Z] ━━━ 开始巡检 (7 台机器) ━━━
[2026-03-14T12:57:41.761Z]   🟢 4090 渲染虾: Gateway 运行中
[2026-03-14T12:57:41.762Z]   🟢 Rog 指挥虾: Gateway 运行中
[2026-03-14T12:57:41.762Z]   🔵 VPS 云端: 本机跳过
[2026-03-14T12:57:41.762Z]   🟢 Mac Mini News: Gateway 运行中
[2026-03-14T12:57:41.762Z]   🟢 MacBook 视频虾: Gateway 运行中
[2026-03-14T12:57:41.762Z]   🔴 P4 带货虾: 无法连接 (timeout)
[2026-03-14T12:57:41.762Z]   🟢 Mac Mini 2: Gateway 运行中
[2026-03-14T12:57:41.762Z] ━━━ 巡检完成: 6 在线, 0 已重启, 1 离线, 0 异常 ━━━

[2026-03-14T12:57:41.762Z] 📢 告警: 以下机器离线: P4 带货虾
[2026-03-14T12:57:42.015Z] TG 发送错误: 
[2026-03-14T12:59:33.188Z] ━━━ 开始巡检 (7 台机器) ━━━
[2026-03-14T12:59:38.189Z]   🟢 4090 渲染虾: Gateway 运行中
[2026-03-14T12:59:38.189Z]   🟢 Rog 指挥虾: Gateway 运行中
[2026-03-14T12:59:38.189Z]   🔵 VPS 云端: 本机跳过
[2026-03-14T12:59:38.190Z]   🟢 Mac Mini News: Gateway 运行中
[2026-03-14T12:59:38.190Z]   🟢 MacBook 视频虾: Gateway 运行中
[2026-03-14T12:59:38.190Z]   🔴 P4 带货虾: 无法连接 (timeout)
[2026-03-14T12:59:38.190Z]   🟢 Mac Mini 2: Gateway 运行中
[2026-03-14T12:59:38.190Z] ━━━ 巡检完成: 6 在线, 0 已重启, 1 离线, 0 异常 ━━━

[2026-03-14T12:59:38.190Z] 📢 告警: 以下机器离线: P4 带货虾
[2026-03-14T12:59:38.443Z] TG 发送错误: 
[2026-03-14T13:01:33.253Z] ━━━ 开始巡检 (7 台机器) ━━━
[2026-03-14T13:01:36.189Z]   🟢 4090 渲染虾: Gateway 运行中
[2026-03-14T13:01:36.189Z]   🟢 Rog 指挥虾: Gateway 运行中
[2026-03-14T13:01:36.189Z]   🔵 VPS 云端: 本机跳过
[2026-03-14T13:01:36.189Z]   🟢 Mac Mini News: Gateway 运行中
[2026-03-14T13:01:36.189Z]   🟢 MacBook 视频虾: Gateway 运行中
[2026-03-14T13:01:36.190Z]   🟢 P4 带货虾: Gateway 运行中
[2026-03-14T13:01:36.190Z]   🟢 Mac Mini 2: Gateway 运行中
[2026-03-14T13:01:36.190Z] ━━━ 巡检完成: 7 在线, 0 已重启, 0 离线, 0 异常 ━━━

[2026-03-14T13:03:33.302Z] ━━━ 开始巡检 (7 台机器) ━━━
[2026-03-14T13:03:36.137Z]   🟢 4090 渲染虾: Gateway 运行中
[2026-03-14T13:03:36.137Z]   🟢 Rog 指挥虾: Gateway 运行中
[2026-03-14T13:03:36.137Z]   🔵 VPS 云端: 本机跳过
[2026-03-14T13:03:36.137Z]   🟢 Mac Mini News: Gateway 运行中
[2026-03-14T13:03:36.137Z]   🟢 MacBook 视频虾: Gateway 运行中
[2026-03-14T13:03:36.137Z]   🟢 P4 带货虾: Gateway 运行中
[2026-03-14T13:03:36.137Z]   🟢 Mac Mini 2: Gateway 运行中
[2026-03-14T13:03:36.137Z] ━━━ 巡检完成: 7 在线, 0 已重启, 0 离线, 0 异常 ━━━

[2026-03-14T13:05:33.396Z] ━━━ 开始巡检 (7 台机器) ━━━
[2026-03-14T13:05:36.876Z]   🟢 4090 渲染虾: Gateway 运行中
[2026-03-14T13:05:36.876Z]   🟢 Rog 指挥虾: Gateway 运行中
[2026-03-14T13:05:36.876Z]   🔵 VPS 云端: 本机跳过
[2026-03-14T13:05:36.876Z]   🟢 Mac Mini News: Gateway 运行中
[2026-03-14T13:05:36.876Z]   🟢 MacBook 视频虾: Gateway 运行中
[2026-03-14T13:05:36.876Z]   🟢 P4 带货虾: Gateway 运行中
[2026-03-14T13:05:36.876Z]   🟢 Mac Mini 2: Gateway 运行中
[2026-03-14T13:05:36.876Z] ━━━ 巡检完成: 7 在线, 0 已重启, 0 离线, 0 异常 ━━━

[2026-03-14T13:07:33.494Z] ━━━ 开始巡检 (7 台机器) ━━━
[2026-03-14T13:07:38.253Z]   🟢 4090 渲染虾: Gateway 运行中
[2026-03-14T13:07:38.253Z]   🟢 Rog 指挥虾: Gateway 运行中
[2026-03-14T13:07:38.253Z]   🔵 VPS 云端: 本机跳过
[2026-03-14T13:07:38.253Z]   🟢 Mac Mini News: Gateway 运行中
[2026-03-14T13:07:38.253Z]   🟢 MacBook 视频虾: Gateway 运行中
[2026-03-14T13:07:38.253Z]   🟢 P4 带货虾: Gateway 运行中
[2026-03-14T13:07:38.253Z]   🟢 Mac Mini 2: Gateway 运行中
[2026-03-14T13:07:38.253Z] ━━━ 巡检完成: 7 在线, 0 已重启, 0 离线, 0 异常 ━━━

[2026-03-14T13:09:33.567Z] ━━━ 开始巡检 (7 台机器) ━━━
[2026-03-14T13:09:38.568Z]   🟢 4090 渲染虾: Gateway 运行中
[2026-03-14T13:09:38.568Z]   🟢 Rog 指挥虾: Gateway 运行中
[2026-03-14T13:09:38.568Z]   🔵 VPS 云端: 本机跳过
[2026-03-14T13:09:38.568Z]   🟢 Mac Mini News: Gateway 运行中
[2026-03-14T13:09:38.568Z]   🟢 MacBook 视频虾: Gateway 运行中
[2026-03-14T13:09:38.568Z]   🔴 P4 带货虾: 无法连接 (timeout)
[2026-03-14T13:09:38.568Z]   🟢 Mac Mini 2: Gateway 运行中
[2026-03-14T13:09:38.568Z] ━━━ 巡检完成: 6 在线, 0 已重启, 1 离线, 0 异常 ━━━

[2026-03-14T13:09:38.568Z] 📢 告警: 以下机器离线: P4 带货虾
[2026-03-14T13:09:38.823Z] TG 发送错误: 
[2026-03-14T13:11:33.659Z] ━━━ 开始巡检 (7 台机器) ━━━
[2026-03-14T13:11:34.653Z]   🟢 4090 渲染虾: Gateway 运行中
[2026-03-14T13:11:34.653Z]   🟢 Rog 指挥虾: Gateway 运行中
[2026-03-14T13:11:34.653Z]   🔵 VPS 云端: 本机跳过
[2026-03-14T13:11:34.653Z]   🟢 Mac Mini News: Gateway 运行中
[2026-03-14T13:11:34.653Z]   🟢 MacBook 视频虾: Gateway 运行中
[2026-03-14T13:11:34.653Z]   🟢 P4 带货虾: Gateway 运行中
[2026-03-14T13:11:34.653Z]   🟢 Mac Mini 2: Gateway 运行中
[2026-03-14T13:11:34.653Z] ━━━ 巡检完成: 7 在线, 0 已重启, 0 离线, 0 异常 ━━━

[2026-03-14T13:13:33.751Z] ━━━ 开始巡检 (7 台机器) ━━━
[2026-03-14T13:13:34.994Z]   🟢 4090 渲染虾: Gateway 运行中
[2026-03-14T13:13:34.994Z]   🟢 Rog 指挥虾: Gateway 运行中
[2026-03-14T13:13:34.994Z]   🔵 VPS 云端: 本机跳过
[2026-03-14T13:13:34.995Z]   🟢 Mac Mini News: Gateway 运行中
[2026-03-14T13:13:34.995Z]   🟢 MacBook 视频虾: Gateway 运行中
[2026-03-14T13:13:34.995Z]   🟢 P4 带货虾: Gateway 运行中
[2026-03-14T13:13:34.995Z]   🟢 Mac Mini 2: Gateway 运行中
[2026-03-14T13:13:34.995Z] ━━━ 巡检完成: 7 在线, 0 已重启, 0 离线, 0 异常 ━━━

[2026-03-14T13:15:33.850Z] ━━━ 开始巡检 (7 台机器) ━━━
[2026-03-14T13:15:34.450Z] ⚠️  4090 渲染虾 (4090) Gateway 未运行，正在远程重启...
[2026-03-14T13:15:49.452Z] ❌ 4090 渲染虾 (4090) 重启命令发送失败: timeout
[2026-03-14T13:15:49.452Z]   ⚪ 4090 渲染虾: timeout
[2026-03-14T13:15:49.452Z]   🟢 Rog 指挥虾: Gateway 运行中
[2026-03-14T13:15:49.452Z]   🔵 VPS 云端: 本机跳过
[2026-03-14T13:15:49.452Z]   🟢 Mac Mini News: Gateway 运行中
[2026-03-14T13:15:49.452Z]   🟢 MacBook 视频虾: Gateway 运行中
[2026-03-14T13:15:49.452Z]   🔴 P4 带货虾: 无法连接 (timeout)
[2026-03-14T13:15:49.452Z]   🟢 Mac Mini 2: Gateway 运行中
[2026-03-14T13:15:49.452Z] ━━━ 巡检完成: 5 在线, 0 已重启, 1 离线, 1 异常 ━━━

[2026-03-14T13:15:49.452Z] 📢 告警: 以下机器离线: P4 带货虾
[2026-03-14T13:15:49.707Z] TG 发送错误: 
[2026-03-14T13:17:33.925Z] ━━━ 开始巡检 (7 台机器) ━━━
[2026-03-14T13:17:36.129Z] ⚠️  4090 渲染虾 (4090) Gateway 未运行，正在远程重启...
[2026-03-14T13:17:51.138Z] ❌ 4090 渲染虾 (4090) 重启命令发送失败: timeout
[2026-03-14T13:17:51.139Z]   ⚪ 4090 渲染虾: timeout
[2026-03-14T13:17:51.139Z]   🟢 Rog 指挥虾: Gateway 运行中
[2026-03-14T13:17:51.139Z]   🔵 VPS 云端: 本机跳过
[2026-03-14T13:17:51.139Z]   🟢 Mac Mini News: Gateway 运行中
[2026-03-14T13:17:51.139Z]   🟢 MacBook 视频虾: Gateway 运行中
[2026-03-14T13:17:51.139Z]   🔴 P4 带货虾: 无法连接 (timeout)
[2026-03-14T13:17:51.139Z]   🟢 Mac Mini 2: Gateway 运行中
[2026-03-14T13:17:51.139Z] ━━━ 巡检完成: 5 在线, 0 已重启, 1 离线, 1 异常 ━━━

[2026-03-14T13:17:51.139Z] 📢 告警: 以下机器离线: P4 带货虾
[2026-03-14T13:17:51.393Z] TG 发送错误: 
[2026-03-14T13:19:33.997Z] ━━━ 开始巡检 (7 台机器) ━━━
[2026-03-14T13:19:34.803Z] ⚠️  4090 渲染虾 (4090) Gateway 未运行，正在远程重启...
[2026-03-14T13:19:49.812Z] ❌ 4090 渲染虾 (4090) 重启命令发送失败: timeout
[2026-03-14T13:19:49.812Z]   ⚪ 4090 渲染虾: timeout
[2026-03-14T13:19:49.812Z]   🟢 Rog 指挥虾: Gateway 运行中
[2026-03-14T13:19:49.812Z]   🔵 VPS 云端: 本机跳过
[2026-03-14T13:19:49.812Z]   🟢 Mac Mini News: Gateway 运行中
[2026-03-14T13:19:49.812Z]   🟢 MacBook 视频虾: Gateway 运行中
[2026-03-14T13:19:49.813Z]   🟢 P4 带货虾: Gateway 运行中
[2026-03-14T13:19:49.813Z]   🟢 Mac Mini 2: Gateway 运行中
[2026-03-14T13:19:49.813Z] ━━━ 巡检完成: 6 在线, 0 已重启, 0 离线, 1 异常 ━━━

[2026-03-14T13:21:34.092Z] ━━━ 开始巡检 (7 台机器) ━━━
[2026-03-14T13:21:34.620Z] ⚠️  4090 渲染虾 (4090) Gateway 未运行，正在远程重启...
[2026-03-14T13:21:49.624Z] ❌ 4090 渲染虾 (4090) 重启命令发送失败: timeout
[2026-03-14T13:21:49.624Z]   ⚪ 4090 渲染虾: timeout
[2026-03-14T13:21:49.624Z]   🟢 Rog 指挥虾: Gateway 运行中
[2026-03-14T13:21:49.624Z]   🔵 VPS 云端: 本机跳过
[2026-03-14T13:21:49.625Z]   🟢 Mac Mini News: Gateway 运行中
[2026-03-14T13:21:49.625Z]   🟢 MacBook 视频虾: Gateway 运行中
[2026-03-14T13:21:49.625Z]   🟢 P4 带货虾: Gateway 运行中
[2026-03-14T13:21:49.625Z]   🟢 Mac Mini 2: Gateway 运行中
[2026-03-14T13:21:49.625Z] ━━━ 巡检完成: 6 在线, 0 已重启, 0 离线, 1 异常 ━━━

[2026-03-14T13:23:34.191Z] ━━━ 开始巡检 (7 台机器) ━━━
[2026-03-14T13:23:35.254Z] ⚠️  4090 渲染虾 (4090) Gateway 未运行，正在远程重启...
[2026-03-14T13:23:50.265Z] ❌ 4090 渲染虾 (4090) 重启命令发送失败: timeout
[2026-03-14T13:23:50.265Z]   ⚪ 4090 渲染虾: timeout
[2026-03-14T13:23:50.265Z]   🟢 Rog 指挥虾: Gateway 运行中
[2026-03-14T13:23:50.265Z]   🔵 VPS 云端: 本机跳过
[2026-03-14T13:23:50.265Z]   🟢 Mac Mini News: Gateway 运行中
[2026-03-14T13:23:50.265Z]   🟢 MacBook 视频虾: Gateway 运行中
[2026-03-14T13:23:50.265Z]   🔴 P4 带货虾: 无法连接 (timeout)
[2026-03-14T13:23:50.265Z]   🟢 Mac Mini 2: Gateway 运行中
[2026-03-14T13:23:50.265Z] ━━━ 巡检完成: 5 在线, 0 已重启, 1 离线, 1 异常 ━━━

[2026-03-14T13:23:50.266Z] 📢 告警: 以下机器离线: P4 带货虾
[2026-03-14T13:23:50.519Z] TG 发送错误: 
[2026-03-14T13:25:34.284Z] ━━━ 开始巡检 (7 台机器) ━━━
[2026-03-14T13:25:35.902Z] ⚠️  4090 渲染虾 (4090) Gateway 未运行，正在远程重启...
[2026-03-14T13:25:50.908Z] ❌ 4090 渲染虾 (4090) 重启命令发送失败: timeout
[2026-03-14T13:25:50.909Z]   ⚪ 4090 渲染虾: timeout
[2026-03-14T13:25:50.909Z]   🟢 Rog 指挥虾: Gateway 运行中
[2026-03-14T13:25:50.909Z]   🔵 VPS 云端: 本机跳过
[2026-03-14T13:25:50.909Z]   🟢 Mac Mini News: Gateway 运行中
[2026-03-14T13:25:50.909Z]   🟢 MacBook 视频虾: Gateway 运行中
[2026-03-14T13:25:50.909Z]   🟢 P4 带货虾: Gateway 运行中
[2026-03-14T13:25:50.909Z]   🟢 Mac Mini 2: Gateway 运行中
[2026-03-14T13:25:50.909Z] ━━━ 巡检完成: 6 在线, 0 已重启, 0 离线, 1 异常 ━━━

[2026-03-14T13:27:34.385Z] ━━━ 开始巡检 (7 台机器) ━━━
[2026-03-14T13:27:35.842Z] ⚠️  4090 渲染虾 (4090) Gateway 未运行，正在远程重启...
[2026-03-14T13:27:50.851Z] ❌ 4090 渲染虾 (4090) 重启命令发送失败: timeout
[2026-03-14T13:27:50.851Z]   ⚪ 4090 渲染虾: timeout
[2026-03-14T13:27:50.851Z]   🟢 Rog 指挥虾: Gateway 运行中
[2026-03-14T13:27:50.851Z]   🔵 VPS 云端: 本机跳过
[2026-03-14T13:27:50.851Z]   🟢 Mac Mini News: Gateway 运行中
[2026-03-14T13:27:50.851Z]   🟢 MacBook 视频虾: Gateway 运行中
[2026-03-14T13:27:50.851Z]   🔴 P4 带货虾: 无法连接 (timeout)
[2026-03-14T13:27:50.851Z]   🟢 Mac Mini 2: Gateway 运行中
[2026-03-14T13:27:50.852Z] ━━━ 巡检完成: 5 在线, 0 已重启, 1 离线, 1 异常 ━━━

[2026-03-14T13:27:50.852Z] 📢 告警: 以下机器离线: P4 带货虾
[2026-03-14T13:27:51.108Z] TG 发送错误: 
[2026-03-14T13:29:34.450Z] ━━━ 开始巡检 (7 台机器) ━━━
[2026-03-14T13:29:34.956Z] ⚠️  4090 渲染虾 (4090) Gateway 未运行，正在远程重启...
[2026-03-14T13:29:49.963Z] ❌ 4090 渲染虾 (4090) 重启命令发送失败: timeout
[2026-03-14T13:29:49.963Z]   ⚪ 4090 渲染虾: timeout
[2026-03-14T13:29:49.963Z]   🟢 Rog 指挥虾: Gateway 运行中
[2026-03-14T13:29:49.963Z]   🔵 VPS 云端: 本机跳过
[2026-03-14T13:29:49.963Z]   🟢 Mac Mini News: Gateway 运行中
[2026-03-14T13:29:49.963Z]   🟢 MacBook 视频虾: Gateway 运行中
[2026-03-14T13:29:49.963Z]   🟢 P4 带货虾: Gateway 运行中
[2026-03-14T13:29:49.963Z]   🟢 Mac Mini 2: Gateway 运行中
[2026-03-14T13:29:49.963Z] ━━━ 巡检完成: 6 在线, 0 已重启, 0 离线, 1 异常 ━━━

[2026-03-14T13:31:34.549Z] ━━━ 开始巡检 (7 台机器) ━━━
[2026-03-14T13:31:36.249Z] ⚠️  4090 渲染虾 (4090) Gateway 未运行，正在远程重启...
[2026-03-14T13:31:51.257Z] ❌ 4090 渲染虾 (4090) 重启命令发送失败: timeout
[2026-03-14T13:31:51.257Z]   ⚪ 4090 渲染虾: timeout
[2026-03-14T13:31:51.257Z]   🟢 Rog 指挥虾: Gateway 运行中
[2026-03-14T13:31:51.257Z]   🔵 VPS 云端: 本机跳过
[2026-03-14T13:31:51.257Z]   🟢 Mac Mini News: Gateway 运行中
[2026-03-14T13:31:51.257Z]   🟢 MacBook 视频虾: Gateway 运行中
[2026-03-14T13:31:51.257Z]   🔴 P4 带货虾: 无法连接 (timeout)
[2026-03-14T13:31:51.257Z]   🟢 Mac Mini 2: Gateway 运行中
[2026-03-14T13:31:51.257Z] ━━━ 巡检完成: 5 在线, 0 已重启, 1 离线, 1 异常 ━━━

[2026-03-14T13:31:51.257Z] 📢 告警: 以下机器离线: P4 带货虾
[2026-03-14T13:31:51.512Z] TG 发送错误: 
[2026-03-14T13:33:34.604Z] ━━━ 开始巡检 (7 台机器) ━━━
[2026-03-14T13:33:35.199Z] ⚠️  4090 渲染虾 (4090) Gateway 未运行，正在远程重启...
[2026-03-14T13:33:50.209Z] ❌ 4090 渲染虾 (4090) 重启命令发送失败: timeout
[2026-03-14T13:33:50.209Z]   ⚪ 4090 渲染虾: timeout
[2026-03-14T13:33:50.209Z]   🟢 Rog 指挥虾: Gateway 运行中
[2026-03-14T13:33:50.209Z]   🔵 VPS 云端: 本机跳过
[2026-03-14T13:33:50.209Z]   🟢 Mac Mini News: Gateway 运行中
[2026-03-14T13:33:50.209Z]   🟢 MacBook 视频虾: Gateway 运行中
[2026-03-14T13:33:50.209Z]   🔴 P4 带货虾: 无法连接 (timeout)
[2026-03-14T13:33:50.209Z]   🟢 Mac Mini 2: Gateway 运行中
[2026-03-14T13:33:50.209Z] ━━━ 巡检完成: 5 在线, 0 已重启, 1 离线, 1 异常 ━━━

[2026-03-14T13:33:50.209Z] 📢 告警: 以下机器离线: P4 带货虾
[2026-03-14T13:33:50.464Z] TG 发送错误: 
[2026-03-14T13:35:34.695Z] ━━━ 开始巡检 (7 台机器) ━━━
[2026-03-14T13:35:35.294Z] ⚠️  4090 渲染虾 (4090) Gateway 未运行，正在远程重启...
[2026-03-14T13:35:50.299Z] ❌ 4090 渲染虾 (4090) 重启命令发送失败: timeout
[2026-03-14T13:35:50.299Z]   ⚪ 4090 渲染虾: timeout
[2026-03-14T13:35:50.299Z]   🟢 Rog 指挥虾: Gateway 运行中
[2026-03-14T13:35:50.299Z]   🔵 VPS 云端: 本机跳过
[2026-03-14T13:35:50.299Z]   🟢 Mac Mini News: Gateway 运行中
[2026-03-14T13:35:50.300Z]   🟢 MacBook 视频虾: Gateway 运行中
[2026-03-14T13:35:50.300Z]   🟢 P4 带货虾: Gateway 运行中
[2026-03-14T13:35:50.300Z]   🟢 Mac Mini 2: Gateway 运行中
[2026-03-14T13:35:50.300Z] ━━━ 巡检完成: 6 在线, 0 已重启, 0 离线, 1 异常 ━━━

[2026-03-14T13:37:34.777Z] ━━━ 开始巡检 (7 台机器) ━━━
[2026-03-14T13:37:36.058Z] ⚠️  4090 渲染虾 (4090) Gateway 未运行，正在远程重启...
[2026-03-14T13:37:51.068Z] ❌ 4090 渲染虾 (4090) 重启命令发送失败: timeout
[2026-03-14T13:37:51.068Z]   ⚪ 4090 渲染虾: timeout
[2026-03-14T13:37:51.068Z]   🟢 Rog 指挥虾: Gateway 运行中
[2026-03-14T13:37:51.068Z]   🔵 VPS 云端: 本机跳过
[2026-03-14T13:37:51.068Z]   🟢 Mac Mini News: Gateway 运行中
[2026-03-14T13:37:51.068Z]   🟢 MacBook 视频虾: Gateway 运行中
[2026-03-14T13:37:51.068Z]   🔴 P4 带货虾: 无法连接 (timeout)
[2026-03-14T13:37:51.068Z]   🟢 Mac Mini 2: Gateway 运行中
[2026-03-14T13:37:51.068Z] ━━━ 巡检完成: 5 在线, 0 已重启, 1 离线, 1 异常 ━━━

[2026-03-14T13:37:51.068Z] 📢 告警: 以下机器离线: P4 带货虾
[2026-03-14T13:37:51.322Z] TG 发送错误: 
[2026-03-14T13:39:34.867Z] ━━━ 开始巡检 (7 台机器) ━━━
[2026-03-14T13:39:35.826Z] ⚠️  4090 渲染虾 (4090) Gateway 未运行，正在远程重启...
[2026-03-14T13:39:50.836Z] ❌ 4090 渲染虾 (4090) 重启命令发送失败: timeout
[2026-03-14T13:39:50.836Z]   ⚪ 4090 渲染虾: timeout
[2026-03-14T13:39:50.836Z]   🟢 Rog 指挥虾: Gateway 运行中
[2026-03-14T13:39:50.836Z]   🔵 VPS 云端: 本机跳过
[2026-03-14T13:39:50.837Z]   🟢 Mac Mini News: Gateway 运行中
[2026-03-14T13:39:50.837Z]   🟢 MacBook 视频虾: Gateway 运行中
[2026-03-14T13:39:50.837Z]   🔴 P4 带货虾: 无法连接 (timeout)
[2026-03-14T13:39:50.837Z]   🟢 Mac Mini 2: Gateway 运行中
[2026-03-14T13:39:50.837Z] ━━━ 巡检完成: 5 在线, 0 已重启, 1 离线, 1 异常 ━━━

[2026-03-14T13:39:50.837Z] 📢 告警: 以下机器离线: P4 带货虾
[2026-03-14T13:39:51.091Z] TG 发送错误: 
[2026-03-14T13:41:34.957Z] ━━━ 开始巡检 (7 台机器) ━━━
[2026-03-14T13:41:36.586Z] ⚠️  4090 渲染虾 (4090) Gateway 未运行，正在远程重启...
[2026-03-14T13:41:51.588Z] ❌ 4090 渲染虾 (4090) 重启命令发送失败: timeout
[2026-03-14T13:41:51.589Z]   ⚪ 4090 渲染虾: timeout
[2026-03-14T13:41:51.589Z]   🟢 Rog 指挥虾: Gateway 运行中
[2026-03-14T13:41:51.589Z]   🔵 VPS 云端: 本机跳过
[2026-03-14T13:41:51.589Z]   🟢 Mac Mini News: Gateway 运行中
[2026-03-14T13:41:51.589Z]   🟢 MacBook 视频虾: Gateway 运行中
[2026-03-14T13:41:51.589Z]   🟢 P4 带货虾: Gateway 运行中
[2026-03-14T13:41:51.589Z]   🟢 Mac Mini 2: Gateway 运行中
[2026-03-14T13:41:51.589Z] ━━━ 巡检完成: 6 在线, 0 已重启, 0 离线, 1 异常 ━━━

[2026-03-14T13:43:35.057Z] ━━━ 开始巡检 (7 台机器) ━━━
[2026-03-14T13:43:36.216Z] ⚠️  4090 渲染虾 (4090) Gateway 未运行，正在远程重启...
[2026-03-14T13:43:51.218Z] ❌ 4090 渲染虾 (4090) 重启命令发送失败: timeout
[2026-03-14T13:43:51.219Z]   ⚪ 4090 渲染虾: timeout
[2026-03-14T13:43:51.219Z]   🟢 Rog 指挥虾: Gateway 运行中
[2026-03-14T13:43:51.219Z]   🔵 VPS 云端: 本机跳过
[2026-03-14T13:43:51.219Z]   🟢 Mac Mini News: Gateway 运行中
[2026-03-14T13:43:51.219Z]   🟢 MacBook 视频虾: Gateway 运行中
[2026-03-14T13:43:51.219Z]   🟢 P4 带货虾: Gateway 运行中
[2026-03-14T13:43:51.219Z]   🟢 Mac Mini 2: Gateway 运行中
[2026-03-14T13:43:51.219Z] ━━━ 巡检完成: 6 在线, 0 已重启, 0 离线, 1 异常 ━━━

[2026-03-14T13:45:35.150Z] ━━━ 开始巡检 (7 台机器) ━━━
[2026-03-14T13:45:36.094Z] ⚠️  4090 渲染虾 (4090) Gateway 未运行，正在远程重启...
[2026-03-14T13:45:51.102Z] ❌ 4090 渲染虾 (4090) 重启命令发送失败: timeout
[2026-03-14T13:45:51.102Z]   ⚪ 4090 渲染虾: timeout
[2026-03-14T13:45:51.102Z]   🟢 Rog 指挥虾: Gateway 运行中
[2026-03-14T13:45:51.102Z]   🔵 VPS 云端: 本机跳过
[2026-03-14T13:45:51.102Z]   🟢 Mac Mini News: Gateway 运行中
[2026-03-14T13:45:51.102Z]   🟢 MacBook 视频虾: Gateway 运行中
[2026-03-14T13:45:51.102Z]   🔴 P4 带货虾: 无法连接 (timeout)
[2026-03-14T13:45:51.102Z]   🟢 Mac Mini 2: Gateway 运行中
[2026-03-14T13:45:51.102Z] ━━━ 巡检完成: 5 在线, 0 已重启, 1 离线, 1 异常 ━━━

[2026-03-14T13:45:51.102Z] 📢 告警: 以下机器离线: P4 带货虾
[2026-03-14T13:45:51.356Z] TG 发送错误: 
[2026-03-14T13:47:35.216Z] ━━━ 开始巡检 (7 台机器) ━━━
[2026-03-14T13:47:40.217Z]   🔴 4090 渲染虾: 无法连接 (timeout)
[2026-03-14T13:47:40.218Z]   🟢 Rog 指挥虾: Gateway 运行中
[2026-03-14T13:47:40.218Z]   🔵 VPS 云端: 本机跳过
[2026-03-14T13:47:40.218Z]   🟢 Mac Mini News: Gateway 运行中
[2026-03-14T13:47:40.218Z]   🟢 MacBook 视频虾: Gateway 运行中
[2026-03-14T13:47:40.218Z]   🟢 P4 带货虾: Gateway 运行中
[2026-03-14T13:47:40.218Z]   🟢 Mac Mini 2: Gateway 运行中
[2026-03-14T13:47:40.218Z] ━━━ 巡检完成: 6 在线, 0 已重启, 1 离线, 0 异常 ━━━

[2026-03-14T13:47:40.218Z] 📢 告警: 以下机器离线: 4090 渲染虾
[2026-03-14T13:47:40.471Z] TG 发送错误: 
[2026-03-14T13:49:35.297Z] ━━━ 开始巡检 (7 台机器) ━━━
[2026-03-14T13:49:35.866Z] ⚠️  4090 渲染虾 (4090) Gateway 未运行，正在远程重启...
[2026-03-14T13:49:50.871Z] ❌ 4090 渲染虾 (4090) 重启命令发送失败: timeout
[2026-03-14T13:49:50.872Z]   ⚪ 4090 渲染虾: timeout
[2026-03-14T13:49:50.872Z]   🟢 Rog 指挥虾: Gateway 运行中
[2026-03-14T13:49:50.872Z]   🔵 VPS 云端: 本机跳过
[2026-03-14T13:49:50.872Z]   🟢 Mac Mini News: Gateway 运行中
[2026-03-14T13:49:50.872Z]   🟢 MacBook 视频虾: Gateway 运行中
[2026-03-14T13:49:50.872Z]   🔴 P4 带货虾: 无法连接 (timeout)
[2026-03-14T13:49:50.872Z]   🟢 Mac Mini 2: Gateway 运行中
[2026-03-14T13:49:50.872Z] ━━━ 巡检完成: 5 在线, 0 已重启, 1 离线, 1 异常 ━━━

[2026-03-14T13:49:50.872Z] 📢 告警: 以下机器离线: P4 带货虾
[2026-03-14T13:49:51.127Z] TG 发送错误: 
[2026-03-14T13:51:35.378Z] ━━━ 开始巡检 (7 台机器) ━━━
[2026-03-14T13:51:36.539Z] ⚠️  4090 渲染虾 (4090) Gateway 未运行，正在远程重启...
[2026-03-14T13:51:51.540Z] ❌ 4090 渲染虾 (4090) 重启命令发送失败: timeout
[2026-03-14T13:51:51.541Z]   ⚪ 4090 渲染虾: timeout
[2026-03-14T13:51:51.541Z]   🟢 Rog 指挥虾: Gateway 运行中
[2026-03-14T13:51:51.541Z]   🔵 VPS 云端: 本机跳过
[2026-03-14T13:51:51.541Z]   🟢 Mac Mini News: Gateway 运行中
[2026-03-14T13:51:51.541Z]   🟢 MacBook 视频虾: Gateway 运行中
[2026-03-14T13:51:51.541Z]   🔴 P4 带货虾: 无法连接 (timeout)
[2026-03-14T13:51:51.541Z]   🟢 Mac Mini 2: Gateway 运行中
[2026-03-14T13:51:51.541Z] ━━━ 巡检完成: 5 在线, 0 已重启, 1 离线, 1 异常 ━━━

[2026-03-14T13:51:51.541Z] 📢 告警: 以下机器离线: P4 带货虾
[2026-03-14T13:51:51.794Z] TG 发送错误: 
[2026-03-14T13:53:35.462Z] ━━━ 开始巡检 (7 台机器) ━━━
[2026-03-14T13:53:37.884Z] ⚠️  4090 渲染虾 (4090) Gateway 未运行，正在远程重启...
[2026-03-14T13:53:52.890Z] ❌ 4090 渲染虾 (4090) 重启命令发送失败: timeout
[2026-03-14T13:53:52.891Z]   ⚪ 4090 渲染虾: timeout
[2026-03-14T13:53:52.891Z]   🟢 Rog 指挥虾: Gateway 运行中
[2026-03-14T13:53:52.891Z]   🔵 VPS 云端: 本机跳过
[2026-03-14T13:53:52.891Z]   🟢 Mac Mini News: Gateway 运行中
[2026-03-14T13:53:52.891Z]   🟢 MacBook 视频虾: Gateway 运行中
[2026-03-14T13:53:52.891Z]   🔴 P4 带货虾: 无法连接 (timeout)
[2026-03-14T13:53:52.891Z]   🟢 Mac Mini 2: Gateway 运行中
[2026-03-14T13:53:52.891Z] ━━━ 巡检完成: 5 在线, 0 已重启, 1 离线, 1 异常 ━━━

[2026-03-14T13:53:52.891Z] 📢 告警: 以下机器离线: P4 带货虾
[2026-03-14T13:53:53.145Z] TG 发送错误: 
[2026-03-14T13:55:35.546Z] ━━━ 开始巡检 (7 台机器) ━━━
[2026-03-14T13:55:36.376Z] ⚠️  4090 渲染虾 (4090) Gateway 未运行，正在远程重启...
[2026-03-14T13:55:51.382Z] ❌ 4090 渲染虾 (4090) 重启命令发送失败: timeout
[2026-03-14T13:55:51.382Z]   ⚪ 4090 渲染虾: timeout
[2026-03-14T13:55:51.382Z]   🟢 Rog 指挥虾: Gateway 运行中
[2026-03-14T13:55:51.382Z]   🔵 VPS 云端: 本机跳过
[2026-03-14T13:55:51.382Z]   🟢 Mac Mini News: Gateway 运行中
[2026-03-14T13:55:51.382Z]   🟢 MacBook 视频虾: Gateway 运行中
[2026-03-14T13:55:51.382Z]   🟢 P4 带货虾: Gateway 运行中
[2026-03-14T13:55:51.382Z]   🟢 Mac Mini 2: Gateway 运行中
[2026-03-14T13:55:51.383Z] ━━━ 巡检完成: 6 在线, 0 已重启, 0 离线, 1 异常 ━━━

[2026-03-14T13:57:35.628Z] ━━━ 开始巡检 (7 台机器) ━━━
[2026-03-14T13:57:36.838Z] ⚠️  4090 渲染虾 (4090) Gateway 未运行，正在远程重启...
[2026-03-14T13:57:51.849Z] ❌ 4090 渲染虾 (4090) 重启命令发送失败: timeout
[2026-03-14T13:57:51.849Z]   ⚪ 4090 渲染虾: timeout
[2026-03-14T13:57:51.849Z]   🟢 Rog 指挥虾: Gateway 运行中
[2026-03-14T13:57:51.849Z]   🔵 VPS 云端: 本机跳过
[2026-03-14T13:57:51.849Z]   🟢 Mac Mini News: Gateway 运行中
[2026-03-14T13:57:51.850Z]   🟢 MacBook 视频虾: Gateway 运行中
[2026-03-14T13:57:51.850Z]   🟢 P4 带货虾: Gateway 运行中
[2026-03-14T13:57:51.850Z]   🟢 Mac Mini 2: Gateway 运行中
[2026-03-14T13:57:51.850Z] ━━━ 巡检完成: 6 在线, 0 已重启, 0 离线, 1 异常 ━━━

[2026-03-14T13:59:35.701Z] ━━━ 开始巡检 (7 台机器) ━━━
[2026-03-14T13:59:38.390Z] ⚠️  4090 渲染虾 (4090) Gateway 未运行，正在远程重启...
[2026-03-14T13:59:53.396Z] ❌ 4090 渲染虾 (4090) 重启命令发送失败: timeout
[2026-03-14T13:59:53.397Z]   ⚪ 4090 渲染虾: timeout
[2026-03-14T13:59:53.397Z]   🟢 Rog 指挥虾: Gateway 运行中
[2026-03-14T13:59:53.397Z]   🔵 VPS 云端: 本机跳过
[2026-03-14T13:59:53.397Z]   🟢 Mac Mini News: Gateway 运行中
[2026-03-14T13:59:53.397Z]   🟢 MacBook 视频虾: Gateway 运行中
[2026-03-14T13:59:53.397Z]   🟢 P4 带货虾: Gateway 运行中
[2026-03-14T13:59:53.397Z]   🟢 Mac Mini 2: Gateway 运行中
[2026-03-14T13:59:53.397Z] ━━━ 巡检完成: 6 在线, 0 已重启, 0 离线, 1 异常 ━━━

[2026-03-14T14:01:35.802Z] ━━━ 开始巡检 (7 台机器) ━━━
[2026-03-14T14:01:36.453Z] ⚠️  4090 渲染虾 (4090) Gateway 未运行，正在远程重启...
[2026-03-14T14:01:51.459Z] ❌ 4090 渲染虾 (4090) 重启命令发送失败: timeout
[2026-03-14T14:01:51.459Z]   ⚪ 4090 渲染虾: timeout
[2026-03-14T14:01:51.459Z]   🟢 Rog 指挥虾: Gateway 运行中
[2026-03-14T14:01:51.459Z]   🔵 VPS 云端: 本机跳过
[2026-03-14T14:01:51.459Z]   🟢 Mac Mini News: Gateway 运行中
[2026-03-14T14:01:51.459Z]   🟢 MacBook 视频虾: Gateway 运行中
[2026-03-14T14:01:51.459Z]   🟢 P4 带货虾: Gateway 运行中
[2026-03-14T14:01:51.459Z]   🟢 Mac Mini 2: Gateway 运行中
[2026-03-14T14:01:51.459Z] ━━━ 巡检完成: 6 在线, 0 已重启, 0 离线, 1 异常 ━━━

[2026-03-14T14:03:35.891Z] ━━━ 开始巡检 (7 台机器) ━━━
[2026-03-14T14:03:36.410Z] ⚠️  4090 渲染虾 (4090) Gateway 未运行，正在远程重启...
[2026-03-14T14:03:51.417Z] ❌ 4090 渲染虾 (4090) 重启命令发送失败: timeout
[2026-03-14T14:03:51.417Z]   ⚪ 4090 渲染虾: timeout
[2026-03-14T14:03:51.417Z]   🔴 Rog 指挥虾: 无法连接 (connect ECONNREFUSED 100.124.216.19:18790)
[2026-03-14T14:03:51.417Z]   🔵 VPS 云端: 本机跳过
[2026-03-14T14:03:51.418Z]   🟢 Mac Mini News: Gateway 运行中
[2026-03-14T14:03:51.418Z]   🟢 MacBook 视频虾: Gateway 运行中
[2026-03-14T14:03:51.418Z]   🟢 P4 带货虾: Gateway 运行中
[2026-03-14T14:03:51.418Z]   🟢 Mac Mini 2: Gateway 运行中
[2026-03-14T14:03:51.418Z] ━━━ 巡检完成: 5 在线, 0 已重启, 1 离线, 1 异常 ━━━

[2026-03-14T14:03:51.418Z] 📢 告警: 以下机器离线: Rog 指挥虾
[2026-03-14T14:03:51.672Z] TG 发送错误: 
[2026-03-14T14:05:35.984Z] ━━━ 开始巡检 (7 台机器) ━━━
[2026-03-14T14:05:37.248Z] ⚠️  4090 渲染虾 (4090) Gateway 未运行，正在远程重启...
[2026-03-14T14:05:52.255Z] ❌ 4090 渲染虾 (4090) 重启命令发送失败: timeout
[2026-03-14T14:05:52.255Z]   ⚪ 4090 渲染虾: timeout
[2026-03-14T14:05:52.255Z]   🔴 Rog 指挥虾: 无法连接 (connect ECONNREFUSED 100.124.216.19:18790)
[2026-03-14T14:05:52.255Z]   🔵 VPS 云端: 本机跳过
[2026-03-14T14:05:52.255Z]   🟢 Mac Mini News: Gateway 运行中
[2026-03-14T14:05:52.255Z]   🟢 MacBook 视频虾: Gateway 运行中
[2026-03-14T14:05:52.255Z]   🟢 P4 带货虾: Gateway 运行中
[2026-03-14T14:05:52.255Z]   🟢 Mac Mini 2: Gateway 运行中
[2026-03-14T14:05:52.255Z] ━━━ 巡检完成: 5 在线, 0 已重启, 1 离线, 1 异常 ━━━

[2026-03-14T14:05:52.255Z] 📢 告警: 以下机器离线: Rog 指挥虾
[2026-03-14T14:05:52.508Z] TG 发送错误: 
[2026-03-14T14:07:36.058Z] ━━━ 开始巡检 (7 台机器) ━━━
[2026-03-14T14:07:37.076Z] ⚠️  4090 渲染虾 (4090) Gateway 未运行，正在远程重启...
[2026-03-14T14:07:52.084Z] ❌ 4090 渲染虾 (4090) 重启命令发送失败: timeout
[2026-03-14T14:07:52.084Z]   ⚪ 4090 渲染虾: timeout
[2026-03-14T14:07:52.085Z]   🔴 Rog 指挥虾: 无法连接 (connect ECONNREFUSED 100.124.216.19:18790)
[2026-03-14T14:07:52.085Z]   🔵 VPS 云端: 本机跳过
[2026-03-14T14:07:52.085Z]   🟢 Mac Mini News: Gateway 运行中
[2026-03-14T14:07:52.085Z]   🟢 MacBook 视频虾: Gateway 运行中
[2026-03-14T14:07:52.085Z]   🔴 P4 带货虾: 无法连接 (timeout)
[2026-03-14T14:07:52.085Z]   🟢 Mac Mini 2: Gateway 运行中
[2026-03-14T14:07:52.085Z] ━━━ 巡检完成: 4 在线, 0 已重启, 2 离线, 1 异常 ━━━

[2026-03-14T14:07:52.085Z] 📢 告警: 以下机器离线: Rog 指挥虾, P4 带货虾
[2026-03-14T14:07:52.339Z] TG 发送错误: 
[2026-03-14T14:09:36.152Z] ━━━ 开始巡检 (7 台机器) ━━━
[2026-03-14T14:09:41.152Z]   🔴 4090 渲染虾: 无法连接 (timeout)
[2026-03-14T14:09:41.153Z]   🔴 Rog 指挥虾: 无法连接 (timeout)
[2026-03-14T14:09:41.153Z]   🔵 VPS 云端: 本机跳过
[2026-03-14T14:09:41.153Z]   🟢 Mac Mini News: Gateway 运行中
[2026-03-14T14:09:41.153Z]   🟢 MacBook 视频虾: Gateway 运行中
[2026-03-14T14:09:41.153Z]   🔴 P4 带货虾: 无法连接 (timeout)
[2026-03-14T14:09:41.153Z]   🟢 Mac Mini 2: Gateway 运行中
[2026-03-14T14:09:41.153Z] ━━━ 巡检完成: 4 在线, 0 已重启, 3 离线, 0 异常 ━━━

[2026-03-14T14:09:41.153Z] 📢 告警: 以下机器离线: 4090 渲染虾, Rog 指挥虾, P4 带货虾
[2026-03-14T14:09:41.408Z] TG 发送错误: 
[2026-03-14T14:11:36.252Z] ━━━ 开始巡检 (7 台机器) ━━━
[2026-03-14T14:11:38.574Z] ⚠️  Rog 指挥虾 (rog) Gateway 未运行，正在远程重启...
[2026-03-14T14:11:38.748Z] ⚠️  4090 渲染虾 (4090) Gateway 未运行，正在远程重启...
[2026-03-14T14:11:52.705Z] 🐕 舰队守护犬启动 | 巡检间隔: 120s | 自身: vps
[2026-03-14T14:11:52.707Z]    配置文件: /root/claw-fleet/fleet-config.json
[2026-03-14T14:11:52.707Z]    心跳目录: /root/claw-fleet/shared/heartbeats
[2026-03-14T14:11:52.707Z]    日志文件: /root/claw-fleet/monitor/watchdog.log
[2026-03-14T14:11:52.707Z]    Dashboard: 100.124.216.19:3000

[2026-03-14T14:11:52.708Z] ━━━ 开始巡检 (7 台机器) ━━━
[2026-03-14T14:11:58.186Z] ⚠️  4090 渲染虾 (4090) Gateway 未运行，正在远程重启...
[2026-03-14T14:11:58.187Z] ⚠️  Rog 指挥虾 (rog) Gateway 未运行，正在远程重启...
[2026-03-14T14:12:13.192Z] ❌ 4090 渲染虾 (4090) 重启命令发送失败: timeout
[2026-03-14T14:12:13.193Z] ❌ Rog 指挥虾 (rog) 重启命令发送失败: timeout
[2026-03-14T14:12:13.193Z]   ⚪ 4090 渲染虾: timeout
[2026-03-14T14:12:13.193Z]   ⚪ Rog 指挥虾: timeout
[2026-03-14T14:12:13.193Z]   🔵 VPS 云端: 本机跳过
[2026-03-14T14:12:13.194Z]   🟢 Mac Mini News: Gateway 运行中
[2026-03-14T14:12:13.194Z]   🟢 MacBook 视频虾: Gateway 运行中
[2026-03-14T14:12:13.194Z]   🔴 P4 带货虾: 无法连接 (timeout)
[2026-03-14T14:12:13.194Z]   🟢 Mac Mini 2: Gateway 运行中
[2026-03-14T14:12:13.194Z] ━━━ 巡检完成: 4 在线, 0 已重启, 1 离线, 2 异常 ━━━

[2026-03-14T14:12:13.194Z] 📢 告警: 机器离线: P4 带货虾
[2026-03-14T14:13:52.756Z] ━━━ 开始巡检 (7 台机器) ━━━
[2026-03-14T14:13:53.327Z] ⚠️  4090 渲染虾 (4090) Gateway 未运行，正在远程重启...
[2026-03-14T14:14:08.336Z] ❌ 4090 渲染虾 (4090) 重启命令发送失败: timeout
[2026-03-14T14:14:08.336Z]   ⚪ 4090 渲染虾: timeout
[2026-03-14T14:14:08.336Z]   🟢 Rog 指挥虾: Gateway 运行中
[2026-03-14T14:14:08.336Z]   🔵 VPS 云端: 本机跳过
[2026-03-14T14:14:08.336Z]   🟢 Mac Mini News: Gateway 运行中
[2026-03-14T14:14:08.336Z]   🟢 MacBook 视频虾: Gateway 运行中
[2026-03-14T14:14:08.336Z]   🟢 P4 带货虾: Gateway 运行中
[2026-03-14T14:14:08.336Z]   🟢 Mac Mini 2: Gateway 运行中
[2026-03-14T14:14:08.336Z] ━━━ 巡检完成: 6 在线, 0 已重启, 0 离线, 1 异常 ━━━

[2026-03-14T14:15:52.854Z] ━━━ 开始巡检 (7 台机器) ━━━
[2026-03-14T14:15:53.459Z] ⚠️  4090 渲染虾 (4090) Gateway 未运行，正在远程重启...
[2026-03-14T14:16:08.461Z] ❌ 4090 渲染虾 (4090) 重启命令发送失败: timeout
[2026-03-14T14:16:08.462Z]   ⚪ 4090 渲染虾: timeout
[2026-03-14T14:16:08.462Z]   🟢 Rog 指挥虾: Gateway 运行中
[2026-03-14T14:16:08.462Z]   🔵 VPS 云端: 本机跳过
[2026-03-14T14:16:08.462Z]   🟢 Mac Mini News: Gateway 运行中
[2026-03-14T14:16:08.462Z]   🟢 MacBook 视频虾: Gateway 运行中
[2026-03-14T14:16:08.462Z]   🟢 P4 带货虾: Gateway 运行中
[2026-03-14T14:16:08.462Z]   🟢 Mac Mini 2: Gateway 运行中
[2026-03-14T14:16:08.462Z] ━━━ 巡检完成: 6 在线, 0 已重启, 0 离线, 1 异常 ━━━

[2026-03-14T14:17:52.934Z] ━━━ 开始巡检 (7 台机器) ━━━
[2026-03-14T14:17:57.934Z]   🟢 4090 渲染虾: Gateway 运行中
[2026-03-14T14:17:57.935Z]   🟢 Rog 指挥虾: Gateway 运行中
[2026-03-14T14:17:57.935Z]   🔵 VPS 云端: 本机跳过
[2026-03-14T14:17:57.935Z]   🟢 Mac Mini News: Gateway 运行中
[2026-03-14T14:17:57.935Z]   🟢 MacBook 视频虾: Gateway 运行中
[2026-03-14T14:17:57.935Z]   🔴 P4 带货虾: 无法连接 (timeout)
[2026-03-14T14:17:57.935Z]   🟢 Mac Mini 2: Gateway 运行中
[2026-03-14T14:17:57.935Z] ━━━ 巡检完成: 6 在线, 0 已重启, 1 离线, 0 异常 ━━━

[2026-03-14T14:17:57.935Z] 📢 告警: 机器离线: P4 带货虾
[2026-03-14T14:19:53.023Z] ━━━ 开始巡检 (7 台机器) ━━━
[2026-03-14T14:19:54.703Z] ⚠️  Rog 指挥虾 (rog) Gateway 未运行，正在远程重启...
[2026-03-14T14:20:09.714Z] ❌ Rog 指挥虾 (rog) 重启命令发送失败: timeout
[2026-03-14T14:20:09.715Z]   🟢 4090 渲染虾: Gateway 运行中
[2026-03-14T14:20:09.715Z]   ⚪ Rog 指挥虾: timeout
[2026-03-14T14:20:09.715Z]   🔵 VPS 云端: 本机跳过
[2026-03-14T14:20:09.715Z]   🟢 Mac Mini News: Gateway 运行中
[2026-03-14T14:20:09.715Z]   🟢 MacBook 视频虾: Gateway 运行中
[2026-03-14T14:20:09.715Z]   🔴 P4 带货虾: 无法连接 (timeout)
[2026-03-14T14:20:09.715Z]   🟢 Mac Mini 2: Gateway 运行中
[2026-03-14T14:20:09.715Z] ━━━ 巡检完成: 5 在线, 0 已重启, 1 离线, 1 异常 ━━━

[2026-03-14T14:20:09.715Z] 📢 告警: 机器离线: P4 带货虾
[2026-03-14T14:21:53.116Z] ━━━ 开始巡检 (7 台机器) ━━━
[2026-03-14T14:21:58.270Z]   🟢 4090 渲染虾: Gateway 运行中
[2026-03-14T14:21:58.270Z]   🟢 Rog 指挥虾: Gateway 运行中
[2026-03-14T14:21:58.270Z]   🔵 VPS 云端: 本机跳过
[2026-03-14T14:21:58.270Z]   🟢 Mac Mini News: Gateway 运行中
[2026-03-14T14:21:58.270Z]   🟢 MacBook 视频虾: Gateway 运行中
[2026-03-14T14:21:58.270Z]   🟢 P4 带货虾: Gateway 运行中
[2026-03-14T14:21:58.270Z]   🟢 Mac Mini 2: Gateway 运行中
[2026-03-14T14:21:58.270Z] ━━━ 巡检完成: 7 在线, 0 已重启, 0 离线, 0 异常 ━━━

[2026-03-14T14:23:53.210Z] ━━━ 开始巡检 (7 台机器) ━━━
[2026-03-14T14:23:59.206Z]   🔴 4090 渲染虾: 无法连接 (timeout)
[2026-03-14T14:23:59.206Z]   🟢 Rog 指挥虾: Gateway 运行中
[2026-03-14T14:23:59.206Z]   🔵 VPS 云端: 本机跳过
[2026-03-14T14:23:59.206Z]   🟢 Mac Mini News: Gateway 运行中
[2026-03-14T14:23:59.206Z]   🟢 MacBook 视频虾: Gateway 运行中
[2026-03-14T14:23:59.206Z]   🔴 P4 带货虾: 无法连接 (timeout)
[2026-03-14T14:23:59.206Z]   🟢 Mac Mini 2: Gateway 运行中
[2026-03-14T14:23:59.207Z] ━━━ 巡检完成: 5 在线, 0 已重启, 2 离线, 0 异常 ━━━

[2026-03-14T14:23:59.207Z] 📢 告警: 机器离线: 4090 渲染虾, P4 带货虾
[2026-03-14T14:25:53.300Z] ━━━ 开始巡检 (7 台机器) ━━━
[2026-03-14T14:25:59.915Z]   🔴 4090 渲染虾: 无法连接 (timeout)
[2026-03-14T14:25:59.916Z]   🔴 Rog 指挥虾: 无法连接 (timeout)
[2026-03-14T14:25:59.916Z]   🔵 VPS 云端: 本机跳过
[2026-03-14T14:25:59.916Z]   🟢 Mac Mini News: Gateway 运行中
[2026-03-14T14:25:59.916Z]   🟢 MacBook 视频虾: Gateway 运行中
[2026-03-14T14:25:59.916Z]   🟢 P4 带货虾: Gateway 运行中
[2026-03-14T14:25:59.916Z]   🟢 Mac Mini 2: Gateway 运行中
[2026-03-14T14:25:59.916Z] ━━━ 巡检完成: 5 在线, 0 已重启, 2 离线, 0 异常 ━━━

[2026-03-14T14:25:59.916Z] 📢 告警: 机器离线: 4090 渲染虾, Rog 指挥虾
[2026-03-14T14:27:53.363Z] ━━━ 开始巡检 (7 台机器) ━━━
[2026-03-14T14:27:58.364Z]   🔴 4090 渲染虾: 无法连接 (timeout)
[2026-03-14T14:27:58.364Z]   🟢 Rog 指挥虾: Gateway 运行中
[2026-03-14T14:27:58.365Z]   🔵 VPS 云端: 本机跳过
[2026-03-14T14:27:58.365Z]   🟢 Mac Mini News: Gateway 运行中
[2026-03-14T14:27:58.365Z]   🟢 MacBook 视频虾: Gateway 运行中
[2026-03-14T14:27:58.365Z]   🔴 P4 带货虾: 无法连接 (timeout)
[2026-03-14T14:27:58.365Z]   🟢 Mac Mini 2: Gateway 运行中
[2026-03-14T14:27:58.365Z] ━━━ 巡检完成: 5 在线, 0 已重启, 2 离线, 0 异常 ━━━

[2026-03-14T14:27:58.365Z] 📢 告警: 机器离线: 4090 渲染虾, P4 带货虾
[2026-03-14T14:29:53.454Z] ━━━ 开始巡检 (7 台机器) ━━━
[2026-03-14T14:30:00.081Z]   🟢 4090 渲染虾: Gateway 运行中
[2026-03-14T14:30:00.081Z]   🔴 Rog 指挥虾: 无法连接 (timeout)
[2026-03-14T14:30:00.081Z]   🔵 VPS 云端: 本机跳过
[2026-03-14T14:30:00.081Z]   🟢 Mac Mini News: Gateway 运行中
[2026-03-14T14:30:00.082Z]   🟢 MacBook 视频虾: Gateway 运行中
[2026-03-14T14:30:00.082Z]   🟢 P4 带货虾: Gateway 运行中
[2026-03-14T14:30:00.082Z]   🟢 Mac Mini 2: Gateway 运行中
[2026-03-14T14:30:00.082Z] ━━━ 巡检完成: 6 在线, 0 已重启, 1 离线, 0 异常 ━━━

[2026-03-14T14:30:00.082Z] 📢 告警: 机器离线: Rog 指挥虾
[2026-03-14T14:31:53.463Z] ━━━ 开始巡检 (7 台机器) ━━━
[2026-03-14T14:31:58.765Z]   🟢 4090 渲染虾: Gateway 运行中
[2026-03-14T14:31:58.765Z]   🟢 Rog 指挥虾: Gateway 运行中
[2026-03-14T14:31:58.765Z]   🔵 VPS 云端: 本机跳过
[2026-03-14T14:31:58.765Z]   🟢 Mac Mini News: Gateway 运行中
[2026-03-14T14:31:58.765Z]   🟢 MacBook 视频虾: Gateway 运行中
[2026-03-14T14:31:58.765Z]   🔴 P4 带货虾: 无法连接 (timeout)
[2026-03-14T14:31:58.765Z]   🟢 Mac Mini 2: Gateway 运行中
[2026-03-14T14:31:58.765Z] ━━━ 巡检完成: 6 在线, 0 已重启, 1 离线, 0 异常 ━━━

[2026-03-14T14:31:58.765Z] 📢 告警: 机器离线: P4 带货虾
[2026-03-14T14:33:53.557Z] ━━━ 开始巡检 (7 台机器) ━━━
[2026-03-14T14:33:58.559Z]   🟢 4090 渲染虾: Gateway 运行中
[2026-03-14T14:33:58.559Z]   🔴 Rog 指挥虾: 无法连接 (timeout)
[2026-03-14T14:33:58.559Z]   🔵 VPS 云端: 本机跳过
[2026-03-14T14:33:58.559Z]   🟢 Mac Mini News: Gateway 运行中
[2026-03-14T14:33:58.559Z]   🟢 MacBook 视频虾: Gateway 运行中
[2026-03-14T14:33:58.559Z]   🔴 P4 带货虾: 无法连接 (timeout)
[2026-03-14T14:33:58.559Z]   🟢 Mac Mini 2: Gateway 运行中
[2026-03-14T14:33:58.559Z] ━━━ 巡检完成: 5 在线, 0 已重启, 2 离线, 0 异常 ━━━

[2026-03-14T14:33:58.559Z] 📢 告警: 机器离线: Rog 指挥虾, P4 带货虾
[2026-03-14T14:35:53.656Z] ━━━ 开始巡检 (7 台机器) ━━━
[2026-03-14T14:35:59.033Z]   🟢 4090 渲染虾: Gateway 运行中
[2026-03-14T14:35:59.034Z]   🔴 Rog 指挥虾: 无法连接 (timeout)
[2026-03-14T14:35:59.034Z]   🔵 VPS 云端: 本机跳过
[2026-03-14T14:35:59.034Z]   🟢 Mac Mini News: Gateway 运行中
[2026-03-14T14:35:59.034Z]   🟢 MacBook 视频虾: Gateway 运行中
[2026-03-14T14:35:59.034Z]   🔴 P4 带货虾: 无法连接 (timeout)
[2026-03-14T14:35:59.034Z]   🟢 Mac Mini 2: Gateway 运行中
[2026-03-14T14:35:59.034Z] ━━━ 巡检完成: 5 在线, 0 已重启, 2 离线, 0 异常 ━━━

[2026-03-14T14:35:59.034Z] 📢 告警: 机器离线: Rog 指挥虾, P4 带货虾
[2026-03-14T14:36:14.124Z] Dashboard 通知错误: connect ETIMEDOUT 100.124.216.19:3000
[2026-03-14T14:36:14.125Z] Dashboard 通知错误: connect ETIMEDOUT 100.124.216.19:3000
[2026-03-14T14:37:53.754Z] ━━━ 开始巡检 (7 台机器) ━━━
[2026-03-14T14:37:59.684Z]   🟢 4090 渲染虾: Gateway 运行中
[2026-03-14T14:37:59.684Z]   🔴 Rog 指挥虾: 无法连接 (timeout)
[2026-03-14T14:37:59.684Z]   🔵 VPS 云端: 本机跳过
[2026-03-14T14:37:59.684Z]   🟢 Mac Mini News: Gateway 运行中
[2026-03-14T14:37:59.684Z]   🟢 MacBook 视频虾: Gateway 运行中
[2026-03-14T14:37:59.684Z]   🟢 P4 带货虾: Gateway 运行中
[2026-03-14T14:37:59.684Z]   🟢 Mac Mini 2: Gateway 运行中
[2026-03-14T14:37:59.684Z] ━━━ 巡检完成: 6 在线, 0 已重启, 1 离线, 0 异常 ━━━

[2026-03-14T14:37:59.684Z] 📢 告警: 机器离线: Rog 指挥虾
[2026-03-14T14:38:12.908Z] Dashboard 通知错误: connect ETIMEDOUT 100.124.216.19:3000
[2026-03-14T14:38:12.908Z] Dashboard 通知错误: connect ETIMEDOUT 100.124.216.19:3000
[2026-03-14T14:39:53.849Z] ━━━ 开始巡检 (7 台机器) ━━━
[2026-03-14T14:39:59.914Z]   🟢 4090 渲染虾: Gateway 运行中
[2026-03-14T14:39:59.914Z]   🔴 Rog 指挥虾: 无法连接 (timeout)
[2026-03-14T14:39:59.915Z]   🔵 VPS 云端: 本机跳过
[2026-03-14T14:39:59.915Z]   🟢 Mac Mini News: Gateway 运行中
[2026-03-14T14:39:59.915Z]   🟢 MacBook 视频虾: Gateway 运行中
[2026-03-14T14:39:59.915Z]   🔴 P4 带货虾: 无法连接 (timeout)
[2026-03-14T14:39:59.915Z]   🟢 Mac Mini 2: Gateway 运行中
[2026-03-14T14:39:59.915Z] ━━━ 巡检完成: 5 在线, 0 已重启, 2 离线, 0 异常 ━━━

[2026-03-14T14:39:59.915Z] 📢 告警: 机器离线: Rog 指挥虾, P4 带货虾
[2026-03-14T14:40:15.788Z] Dashboard 通知错误: connect ETIMEDOUT 100.124.216.19:3000
[2026-03-14T14:40:15.788Z] Dashboard 通知错误: connect ETIMEDOUT 100.124.216.19:3000
[2026-03-14T14:41:53.937Z] ━━━ 开始巡检 (7 台机器) ━━━
[2026-03-14T14:41:59.617Z]   🟢 4090 渲染虾: Gateway 运行中
[2026-03-14T14:41:59.617Z]   🔴 Rog 指挥虾: 无法连接 (timeout)
[2026-03-14T14:41:59.618Z]   🔵 VPS 云端: 本机跳过
[2026-03-14T14:41:59.618Z]   🟢 Mac Mini News: Gateway 运行中
[2026-03-14T14:41:59.618Z]   🟢 MacBook 视频虾: Gateway 运行中
[2026-03-14T14:41:59.618Z]   🟢 P4 带货虾: Gateway 运行中
[2026-03-14T14:41:59.618Z]   🟢 Mac Mini 2: Gateway 运行中
[2026-03-14T14:41:59.618Z] ━━━ 巡检完成: 6 在线, 0 已重启, 1 离线, 0 异常 ━━━

[2026-03-14T14:41:59.618Z] 📢 告警: 机器离线: Rog 指挥虾
[2026-03-14T14:42:14.572Z] Dashboard 通知错误: connect ETIMEDOUT 100.124.216.19:3000
[2026-03-14T14:42:14.572Z] Dashboard 通知错误: connect ETIMEDOUT 100.124.216.19:3000
[2026-03-14T14:42:35.889Z] Dashboard 通知错误: connect ECONNREFUSED 100.124.216.19:3000
[2026-03-14T14:42:35.889Z] Dashboard 通知错误: connect ECONNREFUSED 100.124.216.19:3000
[2026-03-14T14:43:54.015Z] ━━━ 开始巡检 (7 台机器) ━━━
[2026-03-14T14:43:59.693Z]   🟢 4090 渲染虾: Gateway 运行中
[2026-03-14T14:43:59.693Z]   🟢 Rog 指挥虾: Gateway 运行中
[2026-03-14T14:43:59.693Z]   🔵 VPS 云端: 本机跳过
[2026-03-14T14:43:59.694Z]   🟢 Mac Mini News: Gateway 运行中
[2026-03-14T14:43:59.694Z]   🟢 MacBook 视频虾: Gateway 运行中
[2026-03-14T14:43:59.694Z]   🟢 P4 带货虾: Gateway 运行中
[2026-03-14T14:43:59.694Z]   🟢 Mac Mini 2: Gateway 运行中
[2026-03-14T14:43:59.694Z] ━━━ 巡检完成: 7 在线, 0 已重启, 0 离线, 0 异常 ━━━

[2026-03-14T14:44:00.021Z] Dashboard 通知错误: connect ECONNREFUSED 100.124.216.19:3000
[2026-03-14T14:45:54.104Z] ━━━ 开始巡检 (7 台机器) ━━━
[2026-03-14T14:45:59.105Z]   🟢 4090 渲染虾: Gateway 运行中
[2026-03-14T14:45:59.105Z]   🟢 Rog 指挥虾: Gateway 运行中
[2026-03-14T14:45:59.105Z]   🔵 VPS 云端: 本机跳过
[2026-03-14T14:45:59.105Z]   🟢 Mac Mini News: Gateway 运行中
[2026-03-14T14:45:59.105Z]   🟢 MacBook 视频虾: Gateway 运行中
[2026-03-14T14:45:59.105Z]   🔴 P4 带货虾: 无法连接 (timeout)
[2026-03-14T14:45:59.105Z]   🟢 Mac Mini 2: Gateway 运行中
[2026-03-14T14:45:59.105Z] ━━━ 巡检完成: 6 在线, 0 已重启, 1 离线, 0 异常 ━━━

[2026-03-14T14:45:59.105Z] 📢 告警: 机器离线: P4 带货虾
[2026-03-14T14:45:59.398Z] Dashboard 通知错误: connect ECONNREFUSED 100.124.216.19:3000
[2026-03-14T14:45:59.398Z] Dashboard 通知错误: connect ECONNREFUSED 100.124.216.19:3000
[2026-03-14T14:47:54.196Z] ━━━ 开始巡检 (7 台机器) ━━━
[2026-03-14T14:47:59.638Z]   🟢 4090 渲染虾: Gateway 运行中
[2026-03-14T14:47:59.638Z]   🔴 Rog 指挥虾: 无法连接 (timeout)
[2026-03-14T14:47:59.639Z]   🔵 VPS 云端: 本机跳过
[2026-03-14T14:47:59.639Z]   🟢 Mac Mini News: Gateway 运行中
[2026-03-14T14:47:59.639Z]   🟢 MacBook 视频虾: Gateway 运行中
[2026-03-14T14:47:59.639Z]   🟢 P4 带货虾: Gateway 运行中
[2026-03-14T14:47:59.639Z]   🟢 Mac Mini 2: Gateway 运行中
[2026-03-14T14:47:59.639Z] ━━━ 巡检完成: 6 在线, 0 已重启, 1 离线, 0 异常 ━━━

[2026-03-14T14:47:59.639Z] 📢 告警: 机器离线: Rog 指挥虾
[2026-03-14T14:49:12.498Z] Dashboard 通知错误: connect ECONNREFUSED 100.124.216.19:3000
[2026-03-14T14:49:12.498Z] Dashboard 通知错误: connect ECONNREFUSED 100.124.216.19:3000
[2026-03-14T14:49:54.236Z] ━━━ 开始巡检 (7 台机器) ━━━
[2026-03-14T14:49:59.764Z]   🟢 4090 渲染虾: Gateway 运行中
[2026-03-14T14:49:59.764Z]   🟢 Rog 指挥虾: Gateway 运行中
[2026-03-14T14:49:59.764Z]   🔵 VPS 云端: 本机跳过
[2026-03-14T14:49:59.764Z]   🟢 Mac Mini News: Gateway 运行中
[2026-03-14T14:49:59.765Z]   🟢 MacBook 视频虾: Gateway 运行中
[2026-03-14T14:49:59.765Z]   🔴 P4 带货虾: 无法连接 (timeout)
[2026-03-14T14:49:59.765Z]   🟢 Mac Mini 2: Gateway 运行中
[2026-03-14T14:49:59.765Z] ━━━ 巡检完成: 6 在线, 0 已重启, 1 离线, 0 异常 ━━━

[2026-03-14T14:49:59.765Z] 📢 告警: 机器离线: P4 带货虾
[2026-03-14T14:50:00.317Z] Dashboard 通知错误: connect ECONNREFUSED 100.124.216.19:3000
[2026-03-14T14:50:00.318Z] Dashboard 通知错误: connect ECONNREFUSED 100.124.216.19:3000
[2026-03-14T14:51:54.305Z] ━━━ 开始巡检 (7 台机器) ━━━
[2026-03-14T14:51:59.868Z]   🟢 4090 渲染虾: Gateway 运行中
[2026-03-14T14:51:59.868Z]   🟢 Rog 指挥虾: Gateway 运行中
[2026-03-14T14:51:59.868Z]   🔵 VPS 云端: 本机跳过
[2026-03-14T14:51:59.868Z]   🟢 Mac Mini News: Gateway 运行中
[2026-03-14T14:51:59.868Z]   🟢 MacBook 视频虾: Gateway 运行中
[2026-03-14T14:51:59.868Z]   🟢 P4 带货虾: Gateway 运行中
[2026-03-14T14:51:59.868Z]   🟢 Mac Mini 2: Gateway 运行中
[2026-03-14T14:51:59.868Z] ━━━ 巡检完成: 7 在线, 0 已重启, 0 离线, 0 异常 ━━━

[2026-03-14T14:52:00.206Z] Dashboard 通知错误: connect ECONNREFUSED 100.124.216.19:3000
[2026-03-14T14:53:54.404Z] ━━━ 开始巡检 (7 台机器) ━━━
[2026-03-14T14:53:59.405Z]   🟢 4090 渲染虾: Gateway 运行中
[2026-03-14T14:53:59.405Z]   🟢 Rog 指挥虾: Gateway 运行中
[2026-03-14T14:53:59.405Z]   🔵 VPS 云端: 本机跳过
[2026-03-14T14:53:59.405Z]   🟢 Mac Mini News: Gateway 运行中
[2026-03-14T14:53:59.405Z]   🟢 MacBook 视频虾: Gateway 运行中
[2026-03-14T14:53:59.405Z]   🔴 P4 带货虾: 无法连接 (timeout)
[2026-03-14T14:53:59.405Z]   🟢 Mac Mini 2: Gateway 运行中
[2026-03-14T14:53:59.405Z] ━━━ 巡检完成: 6 在线, 0 已重启, 1 离线, 0 异常 ━━━

[2026-03-14T14:53:59.405Z] 📢 告警: 机器离线: P4 带货虾
[2026-03-14T14:53:59.990Z] Dashboard 通知错误: connect ECONNREFUSED 100.124.216.19:3000
[2026-03-14T14:53:59.990Z] Dashboard 通知错误: connect ECONNREFUSED 100.124.216.19:3000
[2026-03-14T14:55:54.483Z] ━━━ 开始巡检 (7 台机器) ━━━
[2026-03-14T14:56:00.409Z]   🟢 4090 渲染虾: Gateway 运行中
[2026-03-14T14:56:00.409Z]   🟢 Rog 指挥虾: Gateway 运行中
[2026-03-14T14:56:00.409Z]   🔵 VPS 云端: 本机跳过
[2026-03-14T14:56:00.409Z]   🟢 Mac Mini News: Gateway 运行中
[2026-03-14T14:56:00.409Z]   🟢 MacBook 视频虾: Gateway 运行中
[2026-03-14T14:56:00.409Z]   🔴 P4 带货虾: 无法连接 (timeout)
[2026-03-14T14:56:00.409Z]   🟢 Mac Mini 2: Gateway 运行中
[2026-03-14T14:56:00.410Z] ━━━ 巡检完成: 6 在线, 0 已重启, 1 离线, 0 异常 ━━━

[2026-03-14T14:56:00.410Z] 📢 告警: 机器离线: P4 带货虾
[2026-03-14T14:56:00.734Z] Dashboard 通知错误: connect ECONNREFUSED 100.124.216.19:3000
[2026-03-14T14:56:00.734Z] Dashboard 通知错误: connect ECONNREFUSED 100.124.216.19:3000
[2026-03-14T14:57:54.578Z] ━━━ 开始巡检 (7 台机器) ━━━
[2026-03-14T14:57:59.579Z]   🟢 4090 渲染虾: Gateway 运行中
[2026-03-14T14:57:59.579Z]   🟢 Rog 指挥虾: Gateway 运行中
[2026-03-14T14:57:59.579Z]   🔵 VPS 云端: 本机跳过
[2026-03-14T14:57:59.579Z]   🟢 Mac Mini News: Gateway 运行中
[2026-03-14T14:57:59.579Z]   🟢 MacBook 视频虾: Gateway 运行中
[2026-03-14T14:57:59.579Z]   🔴 P4 带货虾: 无法连接 (timeout)
[2026-03-14T14:57:59.580Z]   🟢 Mac Mini 2: Gateway 运行中
[2026-03-14T14:57:59.580Z] ━━━ 巡检完成: 6 在线, 0 已重启, 1 离线, 0 异常 ━━━

[2026-03-14T14:57:59.580Z] 📢 告警: 机器离线: P4 带货虾
[2026-03-14T14:57:59.607Z] Dashboard 通知错误: connect ECONNREFUSED 100.124.216.19:3000
[2026-03-14T14:57:59.609Z] Dashboard 通知错误: connect ECONNREFUSED 100.124.216.19:3000
[2026-03-14T14:59:54.671Z] ━━━ 开始巡检 (7 台机器) ━━━
[2026-03-14T14:59:59.672Z]   🟢 4090 渲染虾: Gateway 运行中
[2026-03-14T14:59:59.673Z]   🟢 Rog 指挥虾: Gateway 运行中
[2026-03-14T14:59:59.673Z]   🔵 VPS 云端: 本机跳过
[2026-03-14T14:59:59.673Z]   🟢 Mac Mini News: Gateway 运行中
[2026-03-14T14:59:59.673Z]   🟢 MacBook 视频虾: Gateway 运行中
[2026-03-14T14:59:59.673Z]   🔴 P4 带货虾: 无法连接 (timeout)
[2026-03-14T14:59:59.673Z]   🟢 Mac Mini 2: Gateway 运行中
[2026-03-14T14:59:59.673Z] ━━━ 巡检完成: 6 在线, 0 已重启, 1 离线, 0 异常 ━━━

[2026-03-14T14:59:59.673Z] 📢 告警: 机器离线: P4 带货虾
[2026-03-14T14:59:59.703Z] Dashboard 通知错误: connect ECONNREFUSED 100.124.216.19:3000
[2026-03-14T14:59:59.704Z] Dashboard 通知错误: connect ECONNREFUSED 100.124.216.19:3000
[2026-03-14T15:01:54.764Z] ━━━ 开始巡检 (7 台机器) ━━━
[2026-03-14T15:01:59.681Z]   🟢 4090 渲染虾: Gateway 运行中
[2026-03-14T15:01:59.682Z]   🟢 Rog 指挥虾: Gateway 运行中
[2026-03-14T15:01:59.682Z]   🔵 VPS 云端: 本机跳过
[2026-03-14T15:01:59.682Z]   🟢 Mac Mini News: Gateway 运行中
[2026-03-14T15:01:59.682Z]   🟢 MacBook 视频虾: Gateway 运行中
[2026-03-14T15:01:59.682Z]   🟢 P4 带货虾: Gateway 运行中
[2026-03-14T15:01:59.682Z]   🟢 Mac Mini 2: Gateway 运行中
[2026-03-14T15:01:59.682Z] ━━━ 巡检完成: 7 在线, 0 已重启, 0 离线, 0 异常 ━━━

[2026-03-14T15:01:59.713Z] Dashboard 通知错误: connect ECONNREFUSED 100.124.216.19:3000
[2026-03-14T15:03:54.854Z] ━━━ 开始巡检 (7 台机器) ━━━
[2026-03-14T15:03:59.656Z]   🟢 4090 渲染虾: Gateway 运行中
[2026-03-14T15:03:59.656Z]   🟢 Rog 指挥虾: Gateway 运行中
[2026-03-14T15:03:59.656Z]   🔵 VPS 云端: 本机跳过
[2026-03-14T15:03:59.656Z]   🟢 Mac Mini News: Gateway 运行中
[2026-03-14T15:03:59.656Z]   🟢 MacBook 视频虾: Gateway 运行中
[2026-03-14T15:03:59.656Z]   🟢 P4 带货虾: Gateway 运行中
[2026-03-14T15:03:59.656Z]   🟢 Mac Mini 2: Gateway 运行中
[2026-03-14T15:03:59.656Z] ━━━ 巡检完成: 7 在线, 0 已重启, 0 离线, 0 异常 ━━━

[2026-03-14T15:03:59.685Z] Dashboard 通知错误: connect ECONNREFUSED 100.124.216.19:3000
[2026-03-14T15:05:54.949Z] ━━━ 开始巡检 (7 台机器) ━━━
[2026-03-14T15:05:59.631Z]   🟢 4090 渲染虾: Gateway 运行中
[2026-03-14T15:05:59.632Z]   🟢 Rog 指挥虾: Gateway 运行中
[2026-03-14T15:05:59.632Z]   🔵 VPS 云端: 本机跳过
[2026-03-14T15:05:59.632Z]   🟢 Mac Mini News: Gateway 运行中
[2026-03-14T15:05:59.632Z]   🟢 MacBook 视频虾: Gateway 运行中
[2026-03-14T15:05:59.632Z]   🟢 P4 带货虾: Gateway 运行中
[2026-03-14T15:05:59.632Z]   🟢 Mac Mini 2: Gateway 运行中
[2026-03-14T15:05:59.632Z] ━━━ 巡检完成: 7 在线, 0 已重启, 0 离线, 0 异常 ━━━

[2026-03-14T15:05:59.661Z] Dashboard 通知错误: connect ECONNREFUSED 100.124.216.19:3000
[2026-03-14T15:07:55.037Z] ━━━ 开始巡检 (7 台机器) ━━━
[2026-03-14T15:07:59.612Z]   🟢 4090 渲染虾: Gateway 运行中
[2026-03-14T15:07:59.612Z]   🟢 Rog 指挥虾: Gateway 运行中
[2026-03-14T15:07:59.612Z]   🔵 VPS 云端: 本机跳过
[2026-03-14T15:07:59.612Z]   🟢 Mac Mini News: Gateway 运行中
[2026-03-14T15:07:59.612Z]   🟢 MacBook 视频虾: Gateway 运行中
[2026-03-14T15:07:59.612Z]   🟢 P4 带货虾: Gateway 运行中
[2026-03-14T15:07:59.612Z]   🟢 Mac Mini 2: Gateway 运行中
[2026-03-14T15:07:59.612Z] ━━━ 巡检完成: 7 在线, 0 已重启, 0 离线, 0 异常 ━━━

[2026-03-14T15:07:59.646Z] Dashboard 通知错误: connect ECONNREFUSED 100.124.216.19:3000
[2026-03-14T15:09:55.101Z] ━━━ 开始巡检 (7 台机器) ━━━
[2026-03-14T15:09:59.770Z]   🟢 4090 渲染虾: Gateway 运行中
[2026-03-14T15:09:59.770Z]   🟢 Rog 指挥虾: Gateway 运行中
[2026-03-14T15:09:59.770Z]   🔵 VPS 云端: 本机跳过
[2026-03-14T15:09:59.770Z]   🟢 Mac Mini News: Gateway 运行中
[2026-03-14T15:09:59.770Z]   🟢 MacBook 视频虾: Gateway 运行中
[2026-03-14T15:09:59.770Z]   🟢 P4 带货虾: Gateway 运行中
[2026-03-14T15:09:59.770Z]   🟢 Mac Mini 2: Gateway 运行中
[2026-03-14T15:09:59.770Z] ━━━ 巡检完成: 7 在线, 0 已重启, 0 离线, 0 异常 ━━━

[2026-03-14T15:09:59.797Z] Dashboard 通知错误: connect ECONNREFUSED 100.124.216.19:3000
[2026-03-14T15:11:55.201Z] ━━━ 开始巡检 (7 台机器) ━━━
[2026-03-14T15:11:59.711Z]   🟢 4090 渲染虾: Gateway 运行中
[2026-03-14T15:11:59.711Z]   🟢 Rog 指挥虾: Gateway 运行中
[2026-03-14T15:11:59.711Z]   🔵 VPS 云端: 本机跳过
[2026-03-14T15:11:59.711Z]   🟢 Mac Mini News: Gateway 运行中
[2026-03-14T15:11:59.712Z]   🟢 MacBook 视频虾: Gateway 运行中
[2026-03-14T15:11:59.712Z]   🟢 P4 带货虾: Gateway 运行中
[2026-03-14T15:11:59.712Z]   🟢 Mac Mini 2: Gateway 运行中
[2026-03-14T15:11:59.712Z] ━━━ 巡检完成: 7 在线, 0 已重启, 0 离线, 0 异常 ━━━

[2026-03-14T15:11:59.740Z] Dashboard 通知错误: connect ECONNREFUSED 100.124.216.19:3000
[2026-03-14T15:13:55.259Z] ━━━ 开始巡检 (7 台机器) ━━━
[2026-03-14T15:13:59.762Z]   🟢 4090 渲染虾: Gateway 运行中
[2026-03-14T15:13:59.762Z]   🟢 Rog 指挥虾: Gateway 运行中
[2026-03-14T15:13:59.762Z]   🔵 VPS 云端: 本机跳过
[2026-03-14T15:13:59.762Z]   🟢 Mac Mini News: Gateway 运行中
[2026-03-14T15:13:59.762Z]   🟢 MacBook 视频虾: Gateway 运行中
[2026-03-14T15:13:59.762Z]   🟢 P4 带货虾: Gateway 运行中
[2026-03-14T15:13:59.762Z]   🟢 Mac Mini 2: Gateway 运行中
[2026-03-14T15:13:59.762Z] ━━━ 巡检完成: 7 在线, 0 已重启, 0 离线, 0 异常 ━━━

[2026-03-14T15:13:59.794Z] Dashboard 通知错误: connect ECONNREFUSED 100.124.216.19:3000
[2026-03-14T15:15:55.344Z] ━━━ 开始巡检 (7 台机器) ━━━
[2026-03-14T15:15:59.772Z]   🟢 4090 渲染虾: Gateway 运行中
[2026-03-14T15:15:59.772Z]   🟢 Rog 指挥虾: Gateway 运行中
[2026-03-14T15:15:59.772Z]   🔵 VPS 云端: 本机跳过
[2026-03-14T15:15:59.772Z]   🟢 Mac Mini News: Gateway 运行中
[2026-03-14T15:15:59.773Z]   🟢 MacBook 视频虾: Gateway 运行中
[2026-03-14T15:15:59.773Z]   🟢 P4 带货虾: Gateway 运行中
[2026-03-14T15:15:59.773Z]   🟢 Mac Mini 2: Gateway 运行中
[2026-03-14T15:15:59.773Z] ━━━ 巡检完成: 7 在线, 0 已重启, 0 离线, 0 异常 ━━━

[2026-03-14T15:15:59.799Z] Dashboard 通知错误: connect ECONNREFUSED 100.124.216.19:3000
[2026-03-14T15:17:55.440Z] ━━━ 开始巡检 (7 台机器) ━━━
[2026-03-14T15:17:59.728Z]   🟢 4090 渲染虾: Gateway 运行中
[2026-03-14T15:17:59.728Z]   🟢 Rog 指挥虾: Gateway 运行中
[2026-03-14T15:17:59.728Z]   🔵 VPS 云端: 本机跳过
[2026-03-14T15:17:59.728Z]   🟢 Mac Mini News: Gateway 运行中
[2026-03-14T15:17:59.728Z]   🟢 MacBook 视频虾: Gateway 运行中
[2026-03-14T15:17:59.728Z]   🟢 P4 带货虾: Gateway 运行中
[2026-03-14T15:17:59.729Z]   🟢 Mac Mini 2: Gateway 运行中
[2026-03-14T15:17:59.729Z] ━━━ 巡检完成: 7 在线, 0 已重启, 0 离线, 0 异常 ━━━

[2026-03-14T15:17:59.755Z] Dashboard 通知错误: connect ECONNREFUSED 100.124.216.19:3000
[2026-03-14T15:19:55.527Z] ━━━ 开始巡检 (7 台机器) ━━━
[2026-03-14T15:19:59.710Z]   🟢 4090 渲染虾: Gateway 运行中
[2026-03-14T15:19:59.711Z]   🟢 Rog 指挥虾: Gateway 运行中
[2026-03-14T15:19:59.711Z]   🔵 VPS 云端: 本机跳过
[2026-03-14T15:19:59.711Z]   🟢 Mac Mini News: Gateway 运行中
[2026-03-14T15:19:59.711Z]   🟢 MacBook 视频虾: Gateway 运行中
[2026-03-14T15:19:59.711Z]   🟢 P4 带货虾: Gateway 运行中
[2026-03-14T15:19:59.711Z]   🟢 Mac Mini 2: Gateway 运行中
[2026-03-14T15:19:59.711Z] ━━━ 巡检完成: 7 在线, 0 已重启, 0 离线, 0 异常 ━━━

[2026-03-14T15:19:59.761Z] Dashboard 通知错误: connect ECONNREFUSED 100.124.216.19:3000
[2026-03-14T15:21:55.620Z] ━━━ 开始巡检 (7 台机器) ━━━
[2026-03-14T15:21:59.733Z]   🟢 4090 渲染虾: Gateway 运行中
[2026-03-14T15:21:59.733Z]   🟢 Rog 指挥虾: Gateway 运行中
[2026-03-14T15:21:59.733Z]   🔵 VPS 云端: 本机跳过
[2026-03-14T15:21:59.733Z]   🟢 Mac Mini News: Gateway 运行中
[2026-03-14T15:21:59.733Z]   🟢 MacBook 视频虾: Gateway 运行中
[2026-03-14T15:21:59.733Z]   🟢 P4 带货虾: Gateway 运行中
[2026-03-14T15:21:59.733Z]   🟢 Mac Mini 2: Gateway 运行中
[2026-03-14T15:21:59.733Z] ━━━ 巡检完成: 7 在线, 0 已重启, 0 离线, 0 异常 ━━━

[2026-03-14T15:21:59.761Z] Dashboard 通知错误: connect ECONNREFUSED 100.124.216.19:3000
[2026-03-14T15:23:55.716Z] ━━━ 开始巡检 (7 台机器) ━━━
[2026-03-14T15:24:00.717Z]   🔴 4090 渲染虾: 无法连接 (timeout)
[2026-03-14T15:24:00.717Z]   🟢 Rog 指挥虾: Gateway 运行中
[2026-03-14T15:24:00.717Z]   🔵 VPS 云端: 本机跳过
[2026-03-14T15:24:00.717Z]   🟢 Mac Mini News: Gateway 运行中
[2026-03-14T15:24:00.717Z]   🟢 MacBook 视频虾: Gateway 运行中
[2026-03-14T15:24:00.718Z]   🟢 P4 带货虾: Gateway 运行中
[2026-03-14T15:24:00.718Z]   🟢 Mac Mini 2: Gateway 运行中
[2026-03-14T15:24:00.718Z] ━━━ 巡检完成: 6 在线, 0 已重启, 1 离线, 0 异常 ━━━

[2026-03-14T15:24:00.718Z] 📢 告警: 机器离线: 4090 渲染虾
[2026-03-14T15:24:00.746Z] Dashboard 通知错误: connect ECONNREFUSED 100.124.216.19:3000
[2026-03-14T15:24:00.746Z] Dashboard 通知错误: connect ECONNREFUSED 100.124.216.19:3000
[2026-03-14T15:25:55.804Z] ━━━ 开始巡检 (7 台机器) ━━━
[2026-03-14T15:25:59.784Z]   🟢 4090 渲染虾: Gateway 运行中
[2026-03-14T15:25:59.784Z]   🟢 Rog 指挥虾: Gateway 运行中
[2026-03-14T15:25:59.784Z]   🔵 VPS 云端: 本机跳过
[2026-03-14T15:25:59.784Z]   🟢 Mac Mini News: Gateway 运行中
[2026-03-14T15:25:59.784Z]   🟢 MacBook 视频虾: Gateway 运行中
[2026-03-14T15:25:59.784Z]   🟢 P4 带货虾: Gateway 运行中
[2026-03-14T15:25:59.784Z]   🟢 Mac Mini 2: Gateway 运行中
[2026-03-14T15:25:59.784Z] ━━━ 巡检完成: 7 在线, 0 已重启, 0 离线, 0 异常 ━━━

[2026-03-14T15:25:59.811Z] Dashboard 通知错误: connect ECONNREFUSED 100.124.216.19:3000
[2026-03-14T15:27:55.892Z] ━━━ 开始巡检 (7 台机器) ━━━
[2026-03-14T15:27:59.750Z]   🟢 4090 渲染虾: Gateway 运行中
[2026-03-14T15:27:59.750Z]   🟢 Rog 指挥虾: Gateway 运行中
[2026-03-14T15:27:59.750Z]   🔵 VPS 云端: 本机跳过
[2026-03-14T15:27:59.750Z]   🟢 Mac Mini News: Gateway 运行中
[2026-03-14T15:27:59.750Z]   🟢 MacBook 视频虾: Gateway 运行中
[2026-03-14T15:27:59.750Z]   🟢 P4 带货虾: Gateway 运行中
[2026-03-14T15:27:59.750Z]   🟢 Mac Mini 2: Gateway 运行中
[2026-03-14T15:27:59.750Z] ━━━ 巡检完成: 7 在线, 0 已重启, 0 离线, 0 异常 ━━━

[2026-03-14T15:27:59.778Z] Dashboard 通知错误: connect ECONNREFUSED 100.124.216.19:3000
[2026-03-14T15:29:55.958Z] ━━━ 开始巡检 (7 台机器) ━━━
[2026-03-14T15:29:59.806Z]   🟢 4090 渲染虾: Gateway 运行中
[2026-03-14T15:29:59.806Z]   🟢 Rog 指挥虾: Gateway 运行中
[2026-03-14T15:29:59.806Z]   🔵 VPS 云端: 本机跳过
[2026-03-14T15:29:59.807Z]   🟢 Mac Mini News: Gateway 运行中
[2026-03-14T15:29:59.807Z]   🟢 MacBook 视频虾: Gateway 运行中
[2026-03-14T15:29:59.807Z]   🟢 P4 带货虾: Gateway 运行中
[2026-03-14T15:29:59.807Z]   🟢 Mac Mini 2: Gateway 运行中
[2026-03-14T15:29:59.807Z] ━━━ 巡检完成: 7 在线, 0 已重启, 0 离线, 0 异常 ━━━

[2026-03-14T15:29:59.834Z] Dashboard 通知错误: connect ECONNREFUSED 100.124.216.19:3000
[2026-03-14T15:31:56.054Z] ━━━ 开始巡检 (7 台机器) ━━━
[2026-03-14T15:32:01.056Z]   🔴 4090 渲染虾: 无法连接 (timeout)
[2026-03-14T15:32:01.056Z]   🟢 Rog 指挥虾: Gateway 运行中
[2026-03-14T15:32:01.056Z]   🔵 VPS 云端: 本机跳过
[2026-03-14T15:32:01.056Z]   🟢 Mac Mini News: Gateway 运行中
[2026-03-14T15:32:01.056Z]   🟢 MacBook 视频虾: Gateway 运行中
[2026-03-14T15:32:01.056Z]   🟢 P4 带货虾: Gateway 运行中
[2026-03-14T15:32:01.056Z]   🟢 Mac Mini 2: Gateway 运行中
[2026-03-14T15:32:01.056Z] ━━━ 巡检完成: 6 在线, 0 已重启, 1 离线, 0 异常 ━━━

[2026-03-14T15:32:01.056Z] 📢 告警: 机器离线: 4090 渲染虾
[2026-03-14T15:32:01.086Z] Dashboard 通知错误: connect ECONNREFUSED 100.124.216.19:3000
[2026-03-14T15:32:01.086Z] Dashboard 通知错误: connect ECONNREFUSED 100.124.216.19:3000
[2026-03-14T15:33:56.154Z] ━━━ 开始巡检 (7 台机器) ━━━
[2026-03-14T15:34:00.095Z]   🟢 4090 渲染虾: Gateway 运行中
[2026-03-14T15:34:00.095Z]   🟢 Rog 指挥虾: Gateway 运行中
[2026-03-14T15:34:00.095Z]   🔵 VPS 云端: 本机跳过
[2026-03-14T15:34:00.095Z]   🟢 Mac Mini News: Gateway 运行中
[2026-03-14T15:34:00.095Z]   🟢 MacBook 视频虾: Gateway 运行中
[2026-03-14T15:34:00.096Z]   🟢 P4 带货虾: Gateway 运行中
[2026-03-14T15:34:00.096Z]   🟢 Mac Mini 2: Gateway 运行中
[2026-03-14T15:34:00.096Z] ━━━ 巡检完成: 7 在线, 0 已重启, 0 离线, 0 异常 ━━━

[2026-03-14T15:34:00.124Z] Dashboard 通知错误: connect ECONNREFUSED 100.124.216.19:3000
[2026-03-14T15:35:56.253Z] ━━━ 开始巡检 (7 台机器) ━━━
[2026-03-14T15:36:00.067Z]   🟢 4090 渲染虾: Gateway 运行中
[2026-03-14T15:36:00.067Z]   🟢 Rog 指挥虾: Gateway 运行中
[2026-03-14T15:36:00.067Z]   🔵 VPS 云端: 本机跳过
[2026-03-14T15:36:00.067Z]   🟢 Mac Mini News: Gateway 运行中
[2026-03-14T15:36:00.067Z]   🟢 MacBook 视频虾: Gateway 运行中
[2026-03-14T15:36:00.067Z]   🟢 P4 带货虾: Gateway 运行中
[2026-03-14T15:36:00.067Z]   🟢 Mac Mini 2: Gateway 运行中
[2026-03-14T15:36:00.067Z] ━━━ 巡检完成: 7 在线, 0 已重启, 0 离线, 0 异常 ━━━

[2026-03-14T15:36:00.097Z] Dashboard 通知错误: connect ECONNREFUSED 100.124.216.19:3000
